ARM GAS  /tmp/cc8BE3hF.s 			page 1


   1              		.cpu cortex-m7
   2              		.eabi_attribute 27, 1
   3              		.eabi_attribute 20, 1
   4              		.eabi_attribute 21, 1
   5              		.eabi_attribute 23, 3
   6              		.eabi_attribute 24, 1
   7              		.eabi_attribute 25, 1
   8              		.eabi_attribute 26, 1
   9              		.eabi_attribute 30, 4
  10              		.eabi_attribute 34, 1
  11              		.eabi_attribute 18, 4
  12              		.file	"dma.c"
  13              		.text
  14              		.section	.text.MX_DMA_Init,"ax",%progbits
  15              		.align	1
  16              		.global	MX_DMA_Init
  17              		.arch armv7e-m
  18              		.syntax unified
  19              		.thumb
  20              		.thumb_func
  21              		.fpu fpv5-sp-d16
  23              	MX_DMA_Init:
  24              		@ args = 0, pretend = 0, frame = 8
  25              		@ frame_needed = 0, uses_anonymous_args = 0
  26 0000 164B     		ldr	r3, .L2
  27 0002 07B5     		push	{r0, r1, r2, lr}
  28 0004 1A6B     		ldr	r2, [r3, #48]
  29 0006 0B20     		movs	r0, #11
  30 0008 42F40012 		orr	r2, r2, #2097152
  31 000c 1A63     		str	r2, [r3, #48]
  32 000e 0022     		movs	r2, #0
  33 0010 1B6B     		ldr	r3, [r3, #48]
  34 0012 1146     		mov	r1, r2
  35 0014 03F40013 		and	r3, r3, #2097152
  36 0018 0193     		str	r3, [sp, #4]
  37 001a 019B     		ldr	r3, [sp, #4]
  38 001c FFF7FEFF 		bl	HAL_NVIC_SetPriority
  39 0020 0B20     		movs	r0, #11
  40 0022 FFF7FEFF 		bl	HAL_NVIC_EnableIRQ
  41 0026 0022     		movs	r2, #0
  42 0028 0E20     		movs	r0, #14
  43 002a 1146     		mov	r1, r2
  44 002c FFF7FEFF 		bl	HAL_NVIC_SetPriority
  45 0030 0E20     		movs	r0, #14
  46 0032 FFF7FEFF 		bl	HAL_NVIC_EnableIRQ
  47 0036 0022     		movs	r2, #0
  48 0038 1020     		movs	r0, #16
  49 003a 1146     		mov	r1, r2
  50 003c FFF7FEFF 		bl	HAL_NVIC_SetPriority
  51 0040 1020     		movs	r0, #16
  52 0042 FFF7FEFF 		bl	HAL_NVIC_EnableIRQ
  53 0046 0022     		movs	r2, #0
  54 0048 1120     		movs	r0, #17
  55 004a 1146     		mov	r1, r2
  56 004c FFF7FEFF 		bl	HAL_NVIC_SetPriority
  57 0050 1120     		movs	r0, #17
  58 0052 03B0     		add	sp, sp, #12
ARM GAS  /tmp/cc8BE3hF.s 			page 2


  59              		@ sp needed
  60 0054 5DF804EB 		ldr	lr, [sp], #4
  61 0058 FFF7FEBF 		b	HAL_NVIC_EnableIRQ
  62              	.L3:
  63              		.align	2
  64              	.L2:
  65 005c 00380240 		.word	1073887232
  67              		.comm	odom,1,1
  68              		.ident	"GCC: (GNU Tools for Arm Embedded Processors 8-2018-q4-major) 8.2.1 20181213 (release) [gcc
ARM GAS  /tmp/cc8BE3hF.s 			page 3


DEFINED SYMBOLS
                            *ABS*:0000000000000000 dma.c
     /tmp/cc8BE3hF.s:15     .text.MX_DMA_Init:0000000000000000 $t
     /tmp/cc8BE3hF.s:23     .text.MX_DMA_Init:0000000000000000 MX_DMA_Init
     /tmp/cc8BE3hF.s:65     .text.MX_DMA_Init:000000000000005c $d
                            *COM*:0000000000000001 odom

UNDEFINED SYMBOLS
HAL_NVIC_SetPriority
HAL_NVIC_EnableIRQ
