ARM GAS  /tmp/cccZlLKE.s 			page 1


   1              		.cpu cortex-m7
   2              		.eabi_attribute 27, 1
   3              		.eabi_attribute 20, 1
   4              		.eabi_attribute 21, 1
   5              		.eabi_attribute 23, 3
   6              		.eabi_attribute 24, 1
   7              		.eabi_attribute 25, 1
   8              		.eabi_attribute 26, 1
   9              		.eabi_attribute 30, 4
  10              		.eabi_attribute 34, 1
  11              		.eabi_attribute 18, 4
  12              		.file	"dwt_delay.c"
  13              		.text
  14              		.section	.text.dwt_delay_init,"ax",%progbits
  15              		.align	1
  16              		.global	dwt_delay_init
  17              		.arch armv7e-m
  18              		.syntax unified
  19              		.thumb
  20              		.thumb_func
  21              		.fpu fpv5-sp-d16
  23              	dwt_delay_init:
  24              		@ args = 0, pretend = 0, frame = 0
  25              		@ frame_needed = 0, uses_anonymous_args = 0
  26              		@ link register save eliminated.
  27 0000 094A     		ldr	r2, .L3
  28 0002 D2F8FC30 		ldr	r3, [r2, #252]
  29 0006 13F08073 		ands	r3, r3, #16777216
  30 000a 0CD1     		bne	.L1
  31 000c D2F8FC10 		ldr	r1, [r2, #252]
  32 0010 41F08071 		orr	r1, r1, #16777216
  33 0014 C2F8FC10 		str	r1, [r2, #252]
  34 0018 A2F55D42 		sub	r2, r2, #56576
  35 001c 5360     		str	r3, [r2, #4]
  36 001e 1368     		ldr	r3, [r2]
  37 0020 43F00103 		orr	r3, r3, #1
  38 0024 1360     		str	r3, [r2]
  39              	.L1:
  40 0026 7047     		bx	lr
  41              	.L4:
  42              		.align	2
  43              	.L3:
  44 0028 00ED00E0 		.word	-536810240
  46              		.section	.text.dwt_delay_us,"ax",%progbits
  47              		.align	1
  48              		.global	dwt_delay_us
  49              		.syntax unified
  50              		.thumb
  51              		.thumb_func
  52              		.fpu fpv5-sp-d16
  54              	dwt_delay_us:
  55              		@ args = 0, pretend = 0, frame = 0
  56              		@ frame_needed = 0, uses_anonymous_args = 0
  57 0000 0B49     		ldr	r1, .L14
  58 0002 0C4A     		ldr	r2, .L14+4
  59 0004 0968     		ldr	r1, [r1]
  60 0006 30B5     		push	{r4, r5, lr}
ARM GAS  /tmp/cccZlLKE.s 			page 2


  61 0008 0B4D     		ldr	r5, .L14+8
  62 000a 5468     		ldr	r4, [r2, #4]
  63 000c 5368     		ldr	r3, [r2, #4]
  64 000e B1FBF5F1 		udiv	r1, r1, r5
  65 0012 00FB0130 		mla	r0, r0, r1, r3
  66 0016 8442     		cmp	r4, r0
  67 0018 03D2     		bcs	.L9
  68              	.L7:
  69 001a 5368     		ldr	r3, [r2, #4]
  70 001c 8342     		cmp	r3, r0
  71 001e FCD3     		bcc	.L7
  72              	.L5:
  73 0020 30BD     		pop	{r4, r5, pc}
  74              	.L9:
  75 0022 5368     		ldr	r3, [r2, #4]
  76 0024 A342     		cmp	r3, r4
  77 0026 FCD8     		bhi	.L9
  78 0028 5368     		ldr	r3, [r2, #4]
  79 002a 8342     		cmp	r3, r0
  80 002c F9D3     		bcc	.L9
  81 002e F7E7     		b	.L5
  82              	.L15:
  83              		.align	2
  84              	.L14:
  85 0030 00000000 		.word	SystemCoreClock
  86 0034 001000E0 		.word	-536866816
  87 0038 40420F00 		.word	1000000
  89              		.ident	"GCC: (15:10.3-2021.07-4) 10.3.1 20210621 (release)"
ARM GAS  /tmp/cccZlLKE.s 			page 3


DEFINED SYMBOLS
                            *ABS*:0000000000000000 dwt_delay.c
     /tmp/cccZlLKE.s:15     .text.dwt_delay_init:0000000000000000 $t
     /tmp/cccZlLKE.s:23     .text.dwt_delay_init:0000000000000000 dwt_delay_init
     /tmp/cccZlLKE.s:44     .text.dwt_delay_init:0000000000000028 $d
     /tmp/cccZlLKE.s:47     .text.dwt_delay_us:0000000000000000 $t
     /tmp/cccZlLKE.s:54     .text.dwt_delay_us:0000000000000000 dwt_delay_us
     /tmp/cccZlLKE.s:85     .text.dwt_delay_us:0000000000000030 $d

UNDEFINED SYMBOLS
SystemCoreClock
