ARM GAS  /tmp/ccUnP0xS.s 			page 1


   1              		.cpu cortex-m7
   2              		.eabi_attribute 27, 1
   3              		.eabi_attribute 20, 1
   4              		.eabi_attribute 21, 1
   5              		.eabi_attribute 23, 3
   6              		.eabi_attribute 24, 1
   7              		.eabi_attribute 25, 1
   8              		.eabi_attribute 26, 1
   9              		.eabi_attribute 30, 4
  10              		.eabi_attribute 34, 1
  11              		.eabi_attribute 18, 4
  12              		.file	"spi.c"
  13              		.text
  14              		.section	.text.MX_SPI2_Init,"ax",%progbits
  15              		.align	1
  16              		.global	MX_SPI2_Init
  17              		.arch armv7e-m
  18              		.syntax unified
  19              		.thumb
  20              		.thumb_func
  21              		.fpu fpv5-sp-d16
  23              	MX_SPI2_Init:
  24              		@ args = 0, pretend = 0, frame = 0
  25              		@ frame_needed = 0, uses_anonymous_args = 0
  26 0000 08B5     		push	{r3, lr}
  27 0002 1148     		ldr	r0, .L3
  28 0004 4FF48273 		mov	r3, #260
  29 0008 104A     		ldr	r2, .L3+4
  30 000a 0221     		movs	r1, #2
  31 000c 4FF4802C 		mov	ip, #262144
  32 0010 C0E90023 		strd	r2, r3, [r0]
  33 0014 0023     		movs	r3, #0
  34 0016 4FF4E062 		mov	r2, #1792
  35 001a C0E90232 		strd	r3, r2, [r0, #8]
  36 001e 0122     		movs	r2, #1
  37 0020 8362     		str	r3, [r0, #40]
  38 0022 4363     		str	r3, [r0, #52]
  39 0024 C0E90412 		strd	r1, r2, [r0, #16]
  40 0028 2022     		movs	r2, #32
  41 002a C0E906C2 		strd	ip, r2, [r0, #24]
  42 002e 0722     		movs	r2, #7
  43 0030 C0E90833 		strd	r3, r3, [r0, #32]
  44 0034 C0E90B23 		strd	r2, r3, [r0, #44]
  45 0038 FFF7FEFF 		bl	HAL_SPI_Init
  46 003c 18B1     		cbz	r0, .L1
  47 003e BDE80840 		pop	{r3, lr}
  48 0042 FFF7FEBF 		b	Error_Handler
  49              	.L1:
  50 0046 08BD     		pop	{r3, pc}
  51              	.L4:
  52              		.align	2
  53              	.L3:
  54 0048 00000000 		.word	hspi2
  55 004c 00380040 		.word	1073756160
  57              		.section	.text.MX_SPI3_Init,"ax",%progbits
  58              		.align	1
  59              		.global	MX_SPI3_Init
ARM GAS  /tmp/ccUnP0xS.s 			page 2


  60              		.syntax unified
  61              		.thumb
  62              		.thumb_func
  63              		.fpu fpv5-sp-d16
  65              	MX_SPI3_Init:
  66              		@ args = 0, pretend = 0, frame = 0
  67              		@ frame_needed = 0, uses_anonymous_args = 0
  68 0000 08B5     		push	{r3, lr}
  69 0002 1148     		ldr	r0, .L7
  70 0004 4FF48273 		mov	r3, #260
  71 0008 104A     		ldr	r2, .L7+4
  72 000a 0221     		movs	r1, #2
  73 000c 4FF4802C 		mov	ip, #262144
  74 0010 C0E90023 		strd	r2, r3, [r0]
  75 0014 0023     		movs	r3, #0
  76 0016 4FF4E062 		mov	r2, #1792
  77 001a C0E90232 		strd	r3, r2, [r0, #8]
  78 001e 0122     		movs	r2, #1
  79 0020 8362     		str	r3, [r0, #40]
  80 0022 4363     		str	r3, [r0, #52]
  81 0024 C0E90412 		strd	r1, r2, [r0, #16]
  82 0028 2022     		movs	r2, #32
  83 002a C0E906C2 		strd	ip, r2, [r0, #24]
  84 002e 0722     		movs	r2, #7
  85 0030 C0E90833 		strd	r3, r3, [r0, #32]
  86 0034 C0E90B23 		strd	r2, r3, [r0, #44]
  87 0038 FFF7FEFF 		bl	HAL_SPI_Init
  88 003c 18B1     		cbz	r0, .L5
  89 003e BDE80840 		pop	{r3, lr}
  90 0042 FFF7FEBF 		b	Error_Handler
  91              	.L5:
  92 0046 08BD     		pop	{r3, pc}
  93              	.L8:
  94              		.align	2
  95              	.L7:
  96 0048 00000000 		.word	hspi3
  97 004c 003C0040 		.word	1073757184
  99              		.section	.text.HAL_SPI_MspInit,"ax",%progbits
 100              		.align	1
 101              		.global	HAL_SPI_MspInit
 102              		.syntax unified
 103              		.thumb
 104              		.thumb_func
 105              		.fpu fpv5-sp-d16
 107              	HAL_SPI_MspInit:
 108              		@ args = 0, pretend = 0, frame = 40
 109              		@ frame_needed = 0, uses_anonymous_args = 0
 110 0000 F0B5     		push	{r4, r5, r6, r7, lr}
 111 0002 1422     		movs	r2, #20
 112 0004 8BB0     		sub	sp, sp, #44
 113 0006 0646     		mov	r6, r0
 114 0008 0021     		movs	r1, #0
 115 000a 0DEB0200 		add	r0, sp, r2
 116 000e FFF7FEFF 		bl	memset
 117 0012 3368     		ldr	r3, [r6]
 118 0014 414A     		ldr	r2, .L23
 119 0016 9342     		cmp	r3, r2
ARM GAS  /tmp/ccUnP0xS.s 			page 3


 120 0018 38D1     		bne	.L10
 121 001a 414B     		ldr	r3, .L23+4
 122 001c 0321     		movs	r1, #3
 123 001e 4148     		ldr	r0, .L23+8
 124 0020 1A6C     		ldr	r2, [r3, #64]
 125 0022 414C     		ldr	r4, .L23+12
 126 0024 42F48042 		orr	r2, r2, #16384
 127 0028 1A64     		str	r2, [r3, #64]
 128 002a 1A6C     		ldr	r2, [r3, #64]
 129 002c 02F48042 		and	r2, r2, #16384
 130 0030 0092     		str	r2, [sp]
 131 0032 009A     		ldr	r2, [sp]
 132 0034 1A6B     		ldr	r2, [r3, #48]
 133 0036 42F00202 		orr	r2, r2, #2
 134 003a 1A63     		str	r2, [r3, #48]
 135 003c 4FF47042 		mov	r2, #61440
 136 0040 1B6B     		ldr	r3, [r3, #48]
 137 0042 03F00203 		and	r3, r3, #2
 138 0046 0193     		str	r3, [sp, #4]
 139 0048 019B     		ldr	r3, [sp, #4]
 140 004a 0223     		movs	r3, #2
 141 004c CDE90523 		strd	r2, r3, [sp, #20]
 142 0050 0523     		movs	r3, #5
 143 0052 CDE90813 		strd	r1, r3, [sp, #32]
 144 0056 05A9     		add	r1, sp, #20
 145 0058 FFF7FEFF 		bl	HAL_GPIO_Init
 146 005c 0023     		movs	r3, #0
 147 005e 3348     		ldr	r0, .L23+16
 148 0060 4FF48062 		mov	r2, #1024
 149 0064 C4E90003 		strd	r0, r3, [r4]
 150 0068 C4E90233 		strd	r3, r3, [r4, #8]
 151 006c C4E90423 		strd	r2, r3, [r4, #16]
 152 0070 C4E90633 		strd	r3, r3, [r4, #24]
 153 0074 C4E90833 		strd	r3, r3, [r4, #32]
 154              	.L22:
 155 0078 2046     		mov	r0, r4
 156 007a FFF7FEFF 		bl	HAL_DMA_Init
 157 007e 08B1     		cbz	r0, .L13
 158 0080 FFF7FEFF 		bl	Error_Handler
 159              	.L13:
 160 0084 B465     		str	r4, [r6, #88]
 161 0086 A663     		str	r6, [r4, #56]
 162              	.L9:
 163 0088 0BB0     		add	sp, sp, #44
 164              		@ sp needed
 165 008a F0BD     		pop	{r4, r5, r6, r7, pc}
 166              	.L10:
 167 008c 284A     		ldr	r2, .L23+20
 168 008e 9342     		cmp	r3, r2
 169 0090 FAD1     		bne	.L9
 170 0092 234B     		ldr	r3, .L23+4
 171 0094 0225     		movs	r5, #2
 172 0096 0624     		movs	r4, #6
 173 0098 0327     		movs	r7, #3
 174 009a 1A6C     		ldr	r2, [r3, #64]
 175 009c 05A9     		add	r1, sp, #20
 176 009e 2548     		ldr	r0, .L23+24
ARM GAS  /tmp/ccUnP0xS.s 			page 4


 177 00a0 42F40042 		orr	r2, r2, #32768
 178 00a4 1A64     		str	r2, [r3, #64]
 179 00a6 1A6C     		ldr	r2, [r3, #64]
 180 00a8 02F40042 		and	r2, r2, #32768
 181 00ac 0292     		str	r2, [sp, #8]
 182 00ae 029A     		ldr	r2, [sp, #8]
 183 00b0 1A6B     		ldr	r2, [r3, #48]
 184 00b2 42F00102 		orr	r2, r2, #1
 185 00b6 1A63     		str	r2, [r3, #48]
 186 00b8 1A6B     		ldr	r2, [r3, #48]
 187 00ba 02F00102 		and	r2, r2, #1
 188 00be 0392     		str	r2, [sp, #12]
 189 00c0 039A     		ldr	r2, [sp, #12]
 190 00c2 1A6B     		ldr	r2, [r3, #48]
 191 00c4 42F00402 		orr	r2, r2, #4
 192 00c8 1A63     		str	r2, [r3, #48]
 193 00ca 1B6B     		ldr	r3, [r3, #48]
 194 00cc 03F00403 		and	r3, r3, #4
 195 00d0 0493     		str	r3, [sp, #16]
 196 00d2 049B     		ldr	r3, [sp, #16]
 197 00d4 4FF40043 		mov	r3, #32768
 198 00d8 CDE90874 		strd	r7, r4, [sp, #32]
 199 00dc CDE90535 		strd	r3, r5, [sp, #20]
 200 00e0 FFF7FEFF 		bl	HAL_GPIO_Init
 201 00e4 4FF4E053 		mov	r3, #7168
 202 00e8 05A9     		add	r1, sp, #20
 203 00ea 1348     		ldr	r0, .L23+28
 204 00ec 0994     		str	r4, [sp, #36]
 205 00ee 134C     		ldr	r4, .L23+32
 206 00f0 CDE90535 		strd	r3, r5, [sp, #20]
 207 00f4 0025     		movs	r5, #0
 208 00f6 CDE90757 		strd	r5, r7, [sp, #28]
 209 00fa FFF7FEFF 		bl	HAL_GPIO_Init
 210 00fe 104B     		ldr	r3, .L23+36
 211 0100 C4E90035 		strd	r3, r5, [r4]
 212 0104 4FF48063 		mov	r3, #1024
 213 0108 C4E90255 		strd	r5, r5, [r4, #8]
 214 010c C4E90435 		strd	r3, r5, [r4, #16]
 215 0110 C4E90655 		strd	r5, r5, [r4, #24]
 216 0114 C4E90855 		strd	r5, r5, [r4, #32]
 217 0118 AEE7     		b	.L22
 218              	.L24:
 219 011a 00BF     		.align	2
 220              	.L23:
 221 011c 00380040 		.word	1073756160
 222 0120 00380240 		.word	1073887232
 223 0124 00040240 		.word	1073873920
 224 0128 00000000 		.word	hdma_spi2_rx
 225 012c 58600240 		.word	1073897560
 226 0130 003C0040 		.word	1073757184
 227 0134 00000240 		.word	1073872896
 228 0138 00080240 		.word	1073874944
 229 013c 00000000 		.word	hdma_spi3_rx
 230 0140 10600240 		.word	1073897488
 232              		.section	.text.HAL_SPI_MspDeInit,"ax",%progbits
 233              		.align	1
 234              		.global	HAL_SPI_MspDeInit
ARM GAS  /tmp/ccUnP0xS.s 			page 5


 235              		.syntax unified
 236              		.thumb
 237              		.thumb_func
 238              		.fpu fpv5-sp-d16
 240              	HAL_SPI_MspDeInit:
 241              		@ args = 0, pretend = 0, frame = 0
 242              		@ frame_needed = 0, uses_anonymous_args = 0
 243 0000 0368     		ldr	r3, [r0]
 244 0002 144A     		ldr	r2, .L29
 245 0004 9342     		cmp	r3, r2
 246 0006 10B5     		push	{r4, lr}
 247 0008 0446     		mov	r4, r0
 248 000a 0FD1     		bne	.L26
 249 000c 02F50032 		add	r2, r2, #131072
 250 0010 4FF47041 		mov	r1, #61440
 251 0014 1048     		ldr	r0, .L29+4
 252 0016 136C     		ldr	r3, [r2, #64]
 253 0018 23F48043 		bic	r3, r3, #16384
 254 001c 1364     		str	r3, [r2, #64]
 255              	.L28:
 256 001e FFF7FEFF 		bl	HAL_GPIO_DeInit
 257 0022 A06D     		ldr	r0, [r4, #88]
 258 0024 BDE81040 		pop	{r4, lr}
 259 0028 FFF7FEBF 		b	HAL_DMA_DeInit
 260              	.L26:
 261 002c 0B4A     		ldr	r2, .L29+8
 262 002e 9342     		cmp	r3, r2
 263 0030 0ED1     		bne	.L25
 264 0032 02F5FE32 		add	r2, r2, #130048
 265 0036 4FF40041 		mov	r1, #32768
 266 003a 0948     		ldr	r0, .L29+12
 267 003c 136C     		ldr	r3, [r2, #64]
 268 003e 23F40043 		bic	r3, r3, #32768
 269 0042 1364     		str	r3, [r2, #64]
 270 0044 FFF7FEFF 		bl	HAL_GPIO_DeInit
 271 0048 4FF4E051 		mov	r1, #7168
 272 004c 0548     		ldr	r0, .L29+16
 273 004e E6E7     		b	.L28
 274              	.L25:
 275 0050 10BD     		pop	{r4, pc}
 276              	.L30:
 277 0052 00BF     		.align	2
 278              	.L29:
 279 0054 00380040 		.word	1073756160
 280 0058 00040240 		.word	1073873920
 281 005c 003C0040 		.word	1073757184
 282 0060 00000240 		.word	1073872896
 283 0064 00080240 		.word	1073874944
 285              		.comm	hdma_spi3_rx,96,4
 286              		.comm	hdma_spi2_rx,96,4
 287              		.comm	hspi3,100,4
 288              		.comm	hspi2,100,4
 289              		.comm	odom,1,1
 290              		.ident	"GCC: (GNU Tools for Arm Embedded Processors 8-2018-q4-major) 8.2.1 20181213 (release) [gcc
ARM GAS  /tmp/ccUnP0xS.s 			page 6


DEFINED SYMBOLS
                            *ABS*:0000000000000000 spi.c
     /tmp/ccUnP0xS.s:15     .text.MX_SPI2_Init:0000000000000000 $t
     /tmp/ccUnP0xS.s:23     .text.MX_SPI2_Init:0000000000000000 MX_SPI2_Init
     /tmp/ccUnP0xS.s:54     .text.MX_SPI2_Init:0000000000000048 $d
                            *COM*:0000000000000064 hspi2
     /tmp/ccUnP0xS.s:58     .text.MX_SPI3_Init:0000000000000000 $t
     /tmp/ccUnP0xS.s:65     .text.MX_SPI3_Init:0000000000000000 MX_SPI3_Init
     /tmp/ccUnP0xS.s:96     .text.MX_SPI3_Init:0000000000000048 $d
                            *COM*:0000000000000064 hspi3
     /tmp/ccUnP0xS.s:100    .text.HAL_SPI_MspInit:0000000000000000 $t
     /tmp/ccUnP0xS.s:107    .text.HAL_SPI_MspInit:0000000000000000 HAL_SPI_MspInit
     /tmp/ccUnP0xS.s:221    .text.HAL_SPI_MspInit:000000000000011c $d
                            *COM*:0000000000000060 hdma_spi2_rx
                            *COM*:0000000000000060 hdma_spi3_rx
     /tmp/ccUnP0xS.s:233    .text.HAL_SPI_MspDeInit:0000000000000000 $t
     /tmp/ccUnP0xS.s:240    .text.HAL_SPI_MspDeInit:0000000000000000 HAL_SPI_MspDeInit
     /tmp/ccUnP0xS.s:279    .text.HAL_SPI_MspDeInit:0000000000000054 $d
                            *COM*:0000000000000001 odom

UNDEFINED SYMBOLS
HAL_SPI_Init
Error_Handler
memset
HAL_GPIO_Init
HAL_DMA_Init
HAL_GPIO_DeInit
HAL_DMA_DeInit
