ARM GAS  /tmp/ccgimvG4.s 			page 1


   1              		.cpu cortex-m7
   2              		.eabi_attribute 27, 1
   3              		.eabi_attribute 20, 1
   4              		.eabi_attribute 21, 1
   5              		.eabi_attribute 23, 3
   6              		.eabi_attribute 24, 1
   7              		.eabi_attribute 25, 1
   8              		.eabi_attribute 26, 1
   9              		.eabi_attribute 30, 4
  10              		.eabi_attribute 34, 1
  11              		.eabi_attribute 18, 4
  12              		.file	"stm32f7xx_hal_i2c_ex.c"
  13              		.text
  14              		.section	.text.HAL_I2CEx_ConfigAnalogFilter,"ax",%progbits
  15              		.align	1
  16              		.global	HAL_I2CEx_ConfigAnalogFilter
  17              		.arch armv7e-m
  18              		.syntax unified
  19              		.thumb
  20              		.thumb_func
  21              		.fpu fpv5-sp-d16
  23              	HAL_I2CEx_ConfigAnalogFilter:
  24              		@ args = 0, pretend = 0, frame = 0
  25              		@ frame_needed = 0, uses_anonymous_args = 0
  26 0000 10B5     		push	{r4, lr}
  27 0002 90F84130 		ldrb	r3, [r0, #65]	@ zero_extendqisi2
  28 0006 202B     		cmp	r3, #32
  29 0008 DCB2     		uxtb	r4, r3
  30 000a 1DD1     		bne	.L4
  31 000c 90F84030 		ldrb	r3, [r0, #64]	@ zero_extendqisi2
  32 0010 012B     		cmp	r3, #1
  33 0012 19D0     		beq	.L4
  34 0014 2423     		movs	r3, #36
  35 0016 80F84130 		strb	r3, [r0, #65]
  36 001a 0368     		ldr	r3, [r0]
  37 001c 1A68     		ldr	r2, [r3]
  38 001e 22F00102 		bic	r2, r2, #1
  39 0022 1A60     		str	r2, [r3]
  40 0024 1A68     		ldr	r2, [r3]
  41 0026 22F48052 		bic	r2, r2, #4096
  42 002a 1A60     		str	r2, [r3]
  43 002c 1A68     		ldr	r2, [r3]
  44 002e 1143     		orrs	r1, r1, r2
  45 0030 1960     		str	r1, [r3]
  46 0032 1A68     		ldr	r2, [r3]
  47 0034 42F00102 		orr	r2, r2, #1
  48 0038 1A60     		str	r2, [r3]
  49 003a 0023     		movs	r3, #0
  50 003c 80F84140 		strb	r4, [r0, #65]
  51 0040 80F84030 		strb	r3, [r0, #64]
  52 0044 1846     		mov	r0, r3
  53              	.L2:
  54 0046 10BD     		pop	{r4, pc}
  55              	.L4:
  56 0048 0220     		movs	r0, #2
  57 004a FCE7     		b	.L2
  59              		.section	.text.HAL_I2CEx_ConfigDigitalFilter,"ax",%progbits
ARM GAS  /tmp/ccgimvG4.s 			page 2


  60              		.align	1
  61              		.global	HAL_I2CEx_ConfigDigitalFilter
  62              		.syntax unified
  63              		.thumb
  64              		.thumb_func
  65              		.fpu fpv5-sp-d16
  67              	HAL_I2CEx_ConfigDigitalFilter:
  68              		@ args = 0, pretend = 0, frame = 0
  69              		@ frame_needed = 0, uses_anonymous_args = 0
  70 0000 10B5     		push	{r4, lr}
  71 0002 90F84130 		ldrb	r3, [r0, #65]	@ zero_extendqisi2
  72 0006 202B     		cmp	r3, #32
  73 0008 DCB2     		uxtb	r4, r3
  74 000a 1CD1     		bne	.L8
  75 000c 90F84030 		ldrb	r3, [r0, #64]	@ zero_extendqisi2
  76 0010 012B     		cmp	r3, #1
  77 0012 18D0     		beq	.L8
  78 0014 2423     		movs	r3, #36
  79 0016 80F84130 		strb	r3, [r0, #65]
  80 001a 0368     		ldr	r3, [r0]
  81 001c 1A68     		ldr	r2, [r3]
  82 001e 22F00102 		bic	r2, r2, #1
  83 0022 1A60     		str	r2, [r3]
  84 0024 1A68     		ldr	r2, [r3]
  85 0026 22F47062 		bic	r2, r2, #3840
  86 002a 42EA0121 		orr	r1, r2, r1, lsl #8
  87 002e 1960     		str	r1, [r3]
  88 0030 1A68     		ldr	r2, [r3]
  89 0032 42F00102 		orr	r2, r2, #1
  90 0036 1A60     		str	r2, [r3]
  91 0038 0023     		movs	r3, #0
  92 003a 80F84140 		strb	r4, [r0, #65]
  93 003e 80F84030 		strb	r3, [r0, #64]
  94 0042 1846     		mov	r0, r3
  95              	.L6:
  96 0044 10BD     		pop	{r4, pc}
  97              	.L8:
  98 0046 0220     		movs	r0, #2
  99 0048 FCE7     		b	.L6
 101              		.section	.text.HAL_I2CEx_EnableFastModePlus,"ax",%progbits
 102              		.align	1
 103              		.global	HAL_I2CEx_EnableFastModePlus
 104              		.syntax unified
 105              		.thumb
 106              		.thumb_func
 107              		.fpu fpv5-sp-d16
 109              	HAL_I2CEx_EnableFastModePlus:
 110              		@ args = 0, pretend = 0, frame = 8
 111              		@ frame_needed = 0, uses_anonymous_args = 0
 112              		@ link register save eliminated.
 113 0000 084A     		ldr	r2, .L10
 114 0002 82B0     		sub	sp, sp, #8
 115 0004 516C     		ldr	r1, [r2, #68]
 116 0006 41F48041 		orr	r1, r1, #16384
 117 000a 5164     		str	r1, [r2, #68]
 118 000c 526C     		ldr	r2, [r2, #68]
 119 000e 02F48042 		and	r2, r2, #16384
ARM GAS  /tmp/ccgimvG4.s 			page 3


 120 0012 0192     		str	r2, [sp, #4]
 121 0014 044A     		ldr	r2, .L10+4
 122 0016 019B     		ldr	r3, [sp, #4]
 123 0018 5368     		ldr	r3, [r2, #4]
 124 001a 1843     		orrs	r0, r0, r3
 125 001c 5060     		str	r0, [r2, #4]
 126 001e 02B0     		add	sp, sp, #8
 127              		@ sp needed
 128 0020 7047     		bx	lr
 129              	.L11:
 130 0022 00BF     		.align	2
 131              	.L10:
 132 0024 00380240 		.word	1073887232
 133 0028 00380140 		.word	1073821696
 135              		.section	.text.HAL_I2CEx_DisableFastModePlus,"ax",%progbits
 136              		.align	1
 137              		.global	HAL_I2CEx_DisableFastModePlus
 138              		.syntax unified
 139              		.thumb
 140              		.thumb_func
 141              		.fpu fpv5-sp-d16
 143              	HAL_I2CEx_DisableFastModePlus:
 144              		@ args = 0, pretend = 0, frame = 8
 145              		@ frame_needed = 0, uses_anonymous_args = 0
 146              		@ link register save eliminated.
 147 0000 084A     		ldr	r2, .L13
 148 0002 82B0     		sub	sp, sp, #8
 149 0004 516C     		ldr	r1, [r2, #68]
 150 0006 41F48041 		orr	r1, r1, #16384
 151 000a 5164     		str	r1, [r2, #68]
 152 000c 526C     		ldr	r2, [r2, #68]
 153 000e 02F48042 		and	r2, r2, #16384
 154 0012 0192     		str	r2, [sp, #4]
 155 0014 044A     		ldr	r2, .L13+4
 156 0016 019B     		ldr	r3, [sp, #4]
 157 0018 5368     		ldr	r3, [r2, #4]
 158 001a 23EA0000 		bic	r0, r3, r0
 159 001e 5060     		str	r0, [r2, #4]
 160 0020 02B0     		add	sp, sp, #8
 161              		@ sp needed
 162 0022 7047     		bx	lr
 163              	.L14:
 164              		.align	2
 165              	.L13:
 166 0024 00380240 		.word	1073887232
 167 0028 00380140 		.word	1073821696
 169              		.ident	"GCC: (15:10.3-2021.07-4) 10.3.1 20210621 (release)"
ARM GAS  /tmp/ccgimvG4.s 			page 4


DEFINED SYMBOLS
                            *ABS*:0000000000000000 stm32f7xx_hal_i2c_ex.c
     /tmp/ccgimvG4.s:15     .text.HAL_I2CEx_ConfigAnalogFilter:0000000000000000 $t
     /tmp/ccgimvG4.s:23     .text.HAL_I2CEx_ConfigAnalogFilter:0000000000000000 HAL_I2CEx_ConfigAnalogFilter
     /tmp/ccgimvG4.s:60     .text.HAL_I2CEx_ConfigDigitalFilter:0000000000000000 $t
     /tmp/ccgimvG4.s:67     .text.HAL_I2CEx_ConfigDigitalFilter:0000000000000000 HAL_I2CEx_ConfigDigitalFilter
     /tmp/ccgimvG4.s:102    .text.HAL_I2CEx_EnableFastModePlus:0000000000000000 $t
     /tmp/ccgimvG4.s:109    .text.HAL_I2CEx_EnableFastModePlus:0000000000000000 HAL_I2CEx_EnableFastModePlus
     /tmp/ccgimvG4.s:132    .text.HAL_I2CEx_EnableFastModePlus:0000000000000024 $d
     /tmp/ccgimvG4.s:136    .text.HAL_I2CEx_DisableFastModePlus:0000000000000000 $t
     /tmp/ccgimvG4.s:143    .text.HAL_I2CEx_DisableFastModePlus:0000000000000000 HAL_I2CEx_DisableFastModePlus
     /tmp/ccgimvG4.s:166    .text.HAL_I2CEx_DisableFastModePlus:0000000000000024 $d

NO UNDEFINED SYMBOLS
