ARM GAS  /tmp/ccL4eIes.s 			page 1


   1              		.cpu cortex-m7
   2              		.eabi_attribute 27, 1
   3              		.eabi_attribute 20, 1
   4              		.eabi_attribute 21, 1
   5              		.eabi_attribute 23, 3
   6              		.eabi_attribute 24, 1
   7              		.eabi_attribute 25, 1
   8              		.eabi_attribute 26, 1
   9              		.eabi_attribute 30, 4
  10              		.eabi_attribute 34, 1
  11              		.eabi_attribute 18, 4
  12              		.file	"stm32f7xx_hal_spi_ex.c"
  13              		.text
  14              		.section	.text.HAL_SPIEx_FlushRxFifo,"ax",%progbits
  15              		.align	1
  16              		.global	HAL_SPIEx_FlushRxFifo
  17              		.arch armv7e-m
  18              		.syntax unified
  19              		.thumb
  20              		.thumb_func
  21              		.fpu fpv5-sp-d16
  23              	HAL_SPIEx_FlushRxFifo:
  24              		@ args = 0, pretend = 0, frame = 8
  25              		@ frame_needed = 0, uses_anonymous_args = 0
  26              		@ link register save eliminated.
  27 0000 82B0     		sub	sp, sp, #8
  28 0002 0268     		ldr	r2, [r0]
  29 0004 0423     		movs	r3, #4
  30              	.L2:
  31 0006 9068     		ldr	r0, [r2, #8]
  32 0008 10F4C060 		ands	r0, r0, #1536
  33 000c 01D1     		bne	.L4
  34              	.L3:
  35 000e 02B0     		add	sp, sp, #8
  36              		@ sp needed
  37 0010 7047     		bx	lr
  38              	.L4:
  39 0012 013B     		subs	r3, r3, #1
  40 0014 D168     		ldr	r1, [r2, #12]
  41 0016 13F0FF03 		ands	r3, r3, #255
  42 001a 0191     		str	r1, [sp, #4]
  43 001c 0199     		ldr	r1, [sp, #4]
  44 001e F2D1     		bne	.L2
  45 0020 0320     		movs	r0, #3
  46 0022 F4E7     		b	.L3
  48              		.ident	"GCC: (15:10.3-2021.07-4) 10.3.1 20210621 (release)"
ARM GAS  /tmp/ccL4eIes.s 			page 2


DEFINED SYMBOLS
                            *ABS*:0000000000000000 stm32f7xx_hal_spi_ex.c
     /tmp/ccL4eIes.s:15     .text.HAL_SPIEx_FlushRxFifo:0000000000000000 $t
     /tmp/ccL4eIes.s:23     .text.HAL_SPIEx_FlushRxFifo:0000000000000000 HAL_SPIEx_FlushRxFifo

NO UNDEFINED SYMBOLS
