ARM GAS  /tmp/ccx8Fkbq.s 			page 1


   1              		.cpu cortex-m7
   2              		.eabi_attribute 27, 1
   3              		.eabi_attribute 20, 1
   4              		.eabi_attribute 21, 1
   5              		.eabi_attribute 23, 3
   6              		.eabi_attribute 24, 1
   7              		.eabi_attribute 25, 1
   8              		.eabi_attribute 26, 1
   9              		.eabi_attribute 30, 4
  10              		.eabi_attribute 34, 1
  11              		.eabi_attribute 18, 4
  12              		.file	"stm32f7xx_hal_crc_ex.c"
  13              		.text
  14              		.section	.text.HAL_CRCEx_Polynomial_Set,"ax",%progbits
  15              		.align	1
  16              		.global	HAL_CRCEx_Polynomial_Set
  17              		.arch armv7e-m
  18              		.syntax unified
  19              		.thumb
  20              		.thumb_func
  21              		.fpu fpv5-sp-d16
  23              	HAL_CRCEx_Polynomial_Set:
  24              		@ args = 0, pretend = 0, frame = 0
  25              		@ frame_needed = 0, uses_anonymous_args = 0
  26 0000 1F23     		movs	r3, #31
  27 0002 10B5     		push	{r4, lr}
  28              	.L3:
  29 0004 13F1FF33 		adds	r3, r3, #-1
  30 0008 06D3     		bcc	.L2
  31 000a 21FA03F4 		lsr	r4, r1, r3
  32 000e E407     		lsls	r4, r4, #31
  33 0010 F8D5     		bpl	.L3
  34 0012 082A     		cmp	r2, #8
  35 0014 14D0     		beq	.L4
  36 0016 02D8     		bhi	.L5
  37              	.L2:
  38 0018 3AB1     		cbz	r2, .L6
  39              	.L23:
  40 001a 0120     		movs	r0, #1
  41 001c 0DE0     		b	.L22
  42              	.L5:
  43 001e 102A     		cmp	r2, #16
  44 0020 0CD0     		beq	.L8
  45 0022 182A     		cmp	r2, #24
  46 0024 F9D1     		bne	.L23
  47 0026 062B     		cmp	r3, #6
  48              	.L24:
  49 0028 F7D8     		bhi	.L23
  50              	.L6:
  51 002a 0068     		ldr	r0, [r0]
  52 002c 4161     		str	r1, [r0, #20]
  53 002e 8368     		ldr	r3, [r0, #8]
  54 0030 23F01803 		bic	r3, r3, #24
  55 0034 1A43     		orrs	r2, r2, r3
  56 0036 8260     		str	r2, [r0, #8]
  57 0038 0020     		movs	r0, #0
  58              	.L22:
ARM GAS  /tmp/ccx8Fkbq.s 			page 2


  59 003a 10BD     		pop	{r4, pc}
  60              	.L8:
  61 003c 072B     		cmp	r3, #7
  62 003e F3E7     		b	.L24
  63              	.L4:
  64 0040 0F2B     		cmp	r3, #15
  65 0042 F1E7     		b	.L24
  67              		.section	.text.HAL_CRCEx_Input_Data_Reverse,"ax",%progbits
  68              		.align	1
  69              		.global	HAL_CRCEx_Input_Data_Reverse
  70              		.syntax unified
  71              		.thumb
  72              		.thumb_func
  73              		.fpu fpv5-sp-d16
  75              	HAL_CRCEx_Input_Data_Reverse:
  76              		@ args = 0, pretend = 0, frame = 0
  77              		@ frame_needed = 0, uses_anonymous_args = 0
  78              		@ link register save eliminated.
  79 0000 0268     		ldr	r2, [r0]
  80 0002 0223     		movs	r3, #2
  81 0004 4377     		strb	r3, [r0, #29]
  82 0006 9368     		ldr	r3, [r2, #8]
  83 0008 23F06003 		bic	r3, r3, #96
  84 000c 1943     		orrs	r1, r1, r3
  85 000e 0123     		movs	r3, #1
  86 0010 9160     		str	r1, [r2, #8]
  87 0012 4377     		strb	r3, [r0, #29]
  88 0014 0020     		movs	r0, #0
  89 0016 7047     		bx	lr
  91              		.section	.text.HAL_CRCEx_Output_Data_Reverse,"ax",%progbits
  92              		.align	1
  93              		.global	HAL_CRCEx_Output_Data_Reverse
  94              		.syntax unified
  95              		.thumb
  96              		.thumb_func
  97              		.fpu fpv5-sp-d16
  99              	HAL_CRCEx_Output_Data_Reverse:
 100              		@ args = 0, pretend = 0, frame = 0
 101              		@ frame_needed = 0, uses_anonymous_args = 0
 102              		@ link register save eliminated.
 103 0000 0268     		ldr	r2, [r0]
 104 0002 0223     		movs	r3, #2
 105 0004 4377     		strb	r3, [r0, #29]
 106 0006 9368     		ldr	r3, [r2, #8]
 107 0008 23F08003 		bic	r3, r3, #128
 108 000c 1943     		orrs	r1, r1, r3
 109 000e 0123     		movs	r3, #1
 110 0010 9160     		str	r1, [r2, #8]
 111 0012 4377     		strb	r3, [r0, #29]
 112 0014 0020     		movs	r0, #0
 113 0016 7047     		bx	lr
 115              		.ident	"GCC: (GNU Tools for Arm Embedded Processors 8-2018-q4-major) 8.2.1 20181213 (release) [gcc
ARM GAS  /tmp/ccx8Fkbq.s 			page 3


DEFINED SYMBOLS
                            *ABS*:0000000000000000 stm32f7xx_hal_crc_ex.c
     /tmp/ccx8Fkbq.s:15     .text.HAL_CRCEx_Polynomial_Set:0000000000000000 $t
     /tmp/ccx8Fkbq.s:23     .text.HAL_CRCEx_Polynomial_Set:0000000000000000 HAL_CRCEx_Polynomial_Set
     /tmp/ccx8Fkbq.s:68     .text.HAL_CRCEx_Input_Data_Reverse:0000000000000000 $t
     /tmp/ccx8Fkbq.s:75     .text.HAL_CRCEx_Input_Data_Reverse:0000000000000000 HAL_CRCEx_Input_Data_Reverse
     /tmp/ccx8Fkbq.s:92     .text.HAL_CRCEx_Output_Data_Reverse:0000000000000000 $t
     /tmp/ccx8Fkbq.s:99     .text.HAL_CRCEx_Output_Data_Reverse:0000000000000000 HAL_CRCEx_Output_Data_Reverse

NO UNDEFINED SYMBOLS
