ARM GAS  /tmp/cc7TYcFe.s 			page 1


   1              		.cpu cortex-m7
   2              		.eabi_attribute 27, 1
   3              		.eabi_attribute 20, 1
   4              		.eabi_attribute 21, 1
   5              		.eabi_attribute 23, 3
   6              		.eabi_attribute 24, 1
   7              		.eabi_attribute 25, 1
   8              		.eabi_attribute 26, 1
   9              		.eabi_attribute 30, 4
  10              		.eabi_attribute 34, 1
  11              		.eabi_attribute 18, 4
  12              		.file	"stm32f7xx_hal_rcc.c"
  13              		.text
  14              		.section	.text.HAL_RCC_DeInit,"ax",%progbits
  15              		.align	1
  16              		.global	HAL_RCC_DeInit
  17              		.arch armv7e-m
  18              		.syntax unified
  19              		.thumb
  20              		.thumb_func
  21              		.fpu fpv5-sp-d16
  23              	HAL_RCC_DeInit:
  24              		@ args = 0, pretend = 0, frame = 0
  25              		@ frame_needed = 0, uses_anonymous_args = 0
  26 0000 70B5     		push	{r4, r5, r6, lr}
  27 0002 474C     		ldr	r4, .L17
  28 0004 FFF7FEFF 		bl	HAL_GetTick
  29 0008 0546     		mov	r5, r0
  30 000a 2368     		ldr	r3, [r4]
  31 000c 43F00103 		orr	r3, r3, #1
  32 0010 2360     		str	r3, [r4]
  33              	.L2:
  34 0012 2368     		ldr	r3, [r4]
  35 0014 9E07     		lsls	r6, r3, #30
  36 0016 5DD5     		bpl	.L4
  37 0018 2368     		ldr	r3, [r4]
  38 001a 41F28836 		movw	r6, #5000
  39 001e 43F08003 		orr	r3, r3, #128
  40 0022 2360     		str	r3, [r4]
  41 0024 FFF7FEFF 		bl	HAL_GetTick
  42 0028 0023     		movs	r3, #0
  43 002a 0546     		mov	r5, r0
  44 002c A360     		str	r3, [r4, #8]
  45 002e 3C4C     		ldr	r4, .L17
  46              	.L5:
  47 0030 A368     		ldr	r3, [r4, #8]
  48 0032 13F00C0F 		tst	r3, #12
  49 0036 54D1     		bne	.L7
  50 0038 FFF7FEFF 		bl	HAL_GetTick
  51 003c 2368     		ldr	r3, [r4]
  52 003e 0546     		mov	r5, r0
  53 0040 23F45023 		bic	r3, r3, #851968
  54 0044 2360     		str	r3, [r4]
  55 0046 364C     		ldr	r4, .L17
  56              	.L8:
  57 0048 2368     		ldr	r3, [r4]
  58 004a 9803     		lsls	r0, r3, #14
ARM GAS  /tmp/cc7TYcFe.s 			page 2


  59 004c 4FD4     		bmi	.L9
  60 004e FFF7FEFF 		bl	HAL_GetTick
  61 0052 2368     		ldr	r3, [r4]
  62 0054 0546     		mov	r5, r0
  63 0056 23F08073 		bic	r3, r3, #16777216
  64 005a 2360     		str	r3, [r4]
  65 005c 304C     		ldr	r4, .L17
  66              	.L10:
  67 005e 2368     		ldr	r3, [r4]
  68 0060 9901     		lsls	r1, r3, #6
  69 0062 4AD4     		bmi	.L11
  70 0064 FFF7FEFF 		bl	HAL_GetTick
  71 0068 2368     		ldr	r3, [r4]
  72 006a 0546     		mov	r5, r0
  73 006c 23F08063 		bic	r3, r3, #67108864
  74 0070 2360     		str	r3, [r4]
  75 0072 2B4C     		ldr	r4, .L17
  76              	.L12:
  77 0074 2368     		ldr	r3, [r4]
  78 0076 1A01     		lsls	r2, r3, #4
  79 0078 45D4     		bmi	.L13
  80 007a FFF7FEFF 		bl	HAL_GetTick
  81 007e 2368     		ldr	r3, [r4]
  82 0080 0546     		mov	r5, r0
  83 0082 23F08053 		bic	r3, r3, #268435456
  84 0086 2360     		str	r3, [r4]
  85 0088 254C     		ldr	r4, .L17
  86              	.L14:
  87 008a 2368     		ldr	r3, [r4]
  88 008c 9B00     		lsls	r3, r3, #2
  89 008e 40D4     		bmi	.L15
  90 0090 244B     		ldr	r3, .L17+4
  91 0092 254A     		ldr	r2, .L17+8
  92 0094 6360     		str	r3, [r4, #4]
  93 0096 103B     		subs	r3, r3, #16
  94 0098 C4F88430 		str	r3, [r4, #132]
  95 009c C4F88830 		str	r3, [r4, #136]
  96 00a0 E368     		ldr	r3, [r4, #12]
  97 00a2 23F4FE43 		bic	r3, r3, #32512
  98 00a6 E360     		str	r3, [r4, #12]
  99 00a8 E368     		ldr	r3, [r4, #12]
 100 00aa 43F47F03 		orr	r3, r3, #16711680
 101 00ae E360     		str	r3, [r4, #12]
 102 00b0 636F     		ldr	r3, [r4, #116]
 103 00b2 23F00103 		bic	r3, r3, #1
 104 00b6 6367     		str	r3, [r4, #116]
 105 00b8 636F     		ldr	r3, [r4, #116]
 106 00ba 43F08073 		orr	r3, r3, #16777216
 107 00be 6367     		str	r3, [r4, #116]
 108 00c0 1A4B     		ldr	r3, .L17+12
 109 00c2 1A60     		str	r2, [r3]
 110 00c4 1A4B     		ldr	r3, .L17+16
 111 00c6 1868     		ldr	r0, [r3]
 112 00c8 FFF7FEFF 		bl	HAL_InitTick
 113 00cc 0038     		subs	r0, r0, #0
 114 00ce 18BF     		it	ne
 115 00d0 0120     		movne	r0, #1
ARM GAS  /tmp/cc7TYcFe.s 			page 3


 116 00d2 05E0     		b	.L3
 117              	.L4:
 118 00d4 FFF7FEFF 		bl	HAL_GetTick
 119 00d8 401B     		subs	r0, r0, r5
 120 00da 0228     		cmp	r0, #2
 121 00dc 99D9     		bls	.L2
 122              	.L6:
 123 00de 0320     		movs	r0, #3
 124              	.L3:
 125 00e0 70BD     		pop	{r4, r5, r6, pc}
 126              	.L7:
 127 00e2 FFF7FEFF 		bl	HAL_GetTick
 128 00e6 401B     		subs	r0, r0, r5
 129 00e8 B042     		cmp	r0, r6
 130 00ea A1D9     		bls	.L5
 131 00ec F7E7     		b	.L6
 132              	.L9:
 133 00ee FFF7FEFF 		bl	HAL_GetTick
 134 00f2 401B     		subs	r0, r0, r5
 135 00f4 6428     		cmp	r0, #100
 136 00f6 A7D9     		bls	.L8
 137 00f8 F1E7     		b	.L6
 138              	.L11:
 139 00fa FFF7FEFF 		bl	HAL_GetTick
 140 00fe 401B     		subs	r0, r0, r5
 141 0100 0228     		cmp	r0, #2
 142 0102 ACD9     		bls	.L10
 143 0104 EBE7     		b	.L6
 144              	.L13:
 145 0106 FFF7FEFF 		bl	HAL_GetTick
 146 010a 401B     		subs	r0, r0, r5
 147 010c 6428     		cmp	r0, #100
 148 010e B1D9     		bls	.L12
 149 0110 E5E7     		b	.L6
 150              	.L15:
 151 0112 FFF7FEFF 		bl	HAL_GetTick
 152 0116 401B     		subs	r0, r0, r5
 153 0118 6428     		cmp	r0, #100
 154 011a B6D9     		bls	.L14
 155 011c DFE7     		b	.L6
 156              	.L18:
 157 011e 00BF     		.align	2
 158              	.L17:
 159 0120 00380240 		.word	1073887232
 160 0124 10300024 		.word	603992080
 161 0128 0024F400 		.word	16000000
 162 012c 00000000 		.word	SystemCoreClock
 163 0130 00000000 		.word	uwTickPrio
 165              		.section	.text.HAL_RCC_OscConfig,"ax",%progbits
 166              		.align	1
 167              		.global	HAL_RCC_OscConfig
 168              		.syntax unified
 169              		.thumb
 170              		.thumb_func
 171              		.fpu fpv5-sp-d16
 173              	HAL_RCC_OscConfig:
 174              		@ args = 0, pretend = 0, frame = 8
ARM GAS  /tmp/cc7TYcFe.s 			page 4


 175              		@ frame_needed = 0, uses_anonymous_args = 0
 176 0000 2DE9F341 		push	{r0, r1, r4, r5, r6, r7, r8, lr}
 177 0004 0446     		mov	r4, r0
 178 0006 40B3     		cbz	r0, .L20
 179 0008 0368     		ldr	r3, [r0]
 180 000a DB07     		lsls	r3, r3, #31
 181 000c 10D4     		bmi	.L21
 182              	.L26:
 183 000e 2368     		ldr	r3, [r4]
 184 0010 9F07     		lsls	r7, r3, #30
 185 0012 64D4     		bmi	.L22
 186              	.L38:
 187 0014 2368     		ldr	r3, [r4]
 188 0016 1907     		lsls	r1, r3, #28
 189 0018 00F1AA80 		bmi	.L47
 190              	.L53:
 191 001c 2368     		ldr	r3, [r4]
 192 001e 5A07     		lsls	r2, r3, #29
 193 0020 00F1CB80 		bmi	.L48
 194              	.L56:
 195 0024 A269     		ldr	r2, [r4, #24]
 196 0026 002A     		cmp	r2, #0
 197 0028 40F03481 		bne	.L74
 198              	.L81:
 199 002c 0020     		movs	r0, #0
 200 002e 2BE0     		b	.L34
 201              	.L21:
 202 0030 964B     		ldr	r3, .L114
 203 0032 9A68     		ldr	r2, [r3, #8]
 204 0034 02F00C02 		and	r2, r2, #12
 205 0038 042A     		cmp	r2, #4
 206 003a 07D0     		beq	.L24
 207 003c 9A68     		ldr	r2, [r3, #8]
 208 003e 02F00C02 		and	r2, r2, #12
 209 0042 082A     		cmp	r2, #8
 210 0044 0BD1     		bne	.L25
 211 0046 5A68     		ldr	r2, [r3, #4]
 212 0048 5602     		lsls	r6, r2, #9
 213 004a 08D5     		bpl	.L25
 214              	.L24:
 215 004c 8F4B     		ldr	r3, .L114
 216 004e 1B68     		ldr	r3, [r3]
 217 0050 9D03     		lsls	r5, r3, #14
 218 0052 DCD5     		bpl	.L26
 219 0054 6368     		ldr	r3, [r4, #4]
 220 0056 002B     		cmp	r3, #0
 221 0058 D9D1     		bne	.L26
 222              	.L20:
 223 005a 0120     		movs	r0, #1
 224 005c 14E0     		b	.L34
 225              	.L25:
 226 005e 6268     		ldr	r2, [r4, #4]
 227 0060 B2F5803F 		cmp	r2, #65536
 228 0064 13D1     		bne	.L27
 229 0066 1A68     		ldr	r2, [r3]
 230 0068 42F48032 		orr	r2, r2, #65536
 231 006c 1A60     		str	r2, [r3]
ARM GAS  /tmp/cc7TYcFe.s 			page 5


 232              	.L28:
 233 006e FFF7FEFF 		bl	HAL_GetTick
 234 0072 864E     		ldr	r6, .L114
 235 0074 0546     		mov	r5, r0
 236              	.L33:
 237 0076 3368     		ldr	r3, [r6]
 238 0078 9803     		lsls	r0, r3, #14
 239 007a C8D4     		bmi	.L26
 240 007c FFF7FEFF 		bl	HAL_GetTick
 241 0080 401B     		subs	r0, r0, r5
 242 0082 6428     		cmp	r0, #100
 243 0084 F7D9     		bls	.L33
 244              	.L36:
 245 0086 0320     		movs	r0, #3
 246              	.L34:
 247 0088 02B0     		add	sp, sp, #8
 248              		@ sp needed
 249 008a BDE8F081 		pop	{r4, r5, r6, r7, r8, pc}
 250              	.L27:
 251 008e 7F4D     		ldr	r5, .L114
 252 0090 2B68     		ldr	r3, [r5]
 253 0092 92B9     		cbnz	r2, .L29
 254 0094 23F48033 		bic	r3, r3, #65536
 255 0098 2B60     		str	r3, [r5]
 256 009a 2B68     		ldr	r3, [r5]
 257 009c 23F48023 		bic	r3, r3, #262144
 258 00a0 2B60     		str	r3, [r5]
 259 00a2 FFF7FEFF 		bl	HAL_GetTick
 260 00a6 0646     		mov	r6, r0
 261              	.L30:
 262 00a8 2B68     		ldr	r3, [r5]
 263 00aa 9903     		lsls	r1, r3, #14
 264 00ac AFD5     		bpl	.L26
 265 00ae FFF7FEFF 		bl	HAL_GetTick
 266 00b2 801B     		subs	r0, r0, r6
 267 00b4 6428     		cmp	r0, #100
 268 00b6 F7D9     		bls	.L30
 269 00b8 E5E7     		b	.L36
 270              	.L29:
 271 00ba B2F5A02F 		cmp	r2, #327680
 272 00be 07D1     		bne	.L31
 273 00c0 43F48023 		orr	r3, r3, #262144
 274 00c4 2B60     		str	r3, [r5]
 275 00c6 2B68     		ldr	r3, [r5]
 276 00c8 43F48033 		orr	r3, r3, #65536
 277              	.L111:
 278 00cc 2B60     		str	r3, [r5]
 279 00ce CEE7     		b	.L28
 280              	.L31:
 281 00d0 23F48033 		bic	r3, r3, #65536
 282 00d4 2B60     		str	r3, [r5]
 283 00d6 2B68     		ldr	r3, [r5]
 284 00d8 23F48023 		bic	r3, r3, #262144
 285 00dc F6E7     		b	.L111
 286              	.L22:
 287 00de 6B4B     		ldr	r3, .L114
 288 00e0 9A68     		ldr	r2, [r3, #8]
ARM GAS  /tmp/cc7TYcFe.s 			page 6


 289 00e2 12F00C0F 		tst	r2, #12
 290 00e6 07D0     		beq	.L39
 291 00e8 9A68     		ldr	r2, [r3, #8]
 292 00ea 02F00C02 		and	r2, r2, #12
 293 00ee 082A     		cmp	r2, #8
 294 00f0 11D1     		bne	.L40
 295 00f2 5A68     		ldr	r2, [r3, #4]
 296 00f4 5202     		lsls	r2, r2, #9
 297 00f6 0ED4     		bmi	.L40
 298              	.L39:
 299 00f8 644A     		ldr	r2, .L114
 300 00fa 1368     		ldr	r3, [r2]
 301 00fc 9B07     		lsls	r3, r3, #30
 302 00fe 02D5     		bpl	.L41
 303 0100 E368     		ldr	r3, [r4, #12]
 304 0102 012B     		cmp	r3, #1
 305 0104 A9D1     		bne	.L20
 306              	.L41:
 307 0106 1368     		ldr	r3, [r2]
 308 0108 2169     		ldr	r1, [r4, #16]
 309 010a 23F0F803 		bic	r3, r3, #248
 310 010e 43EAC103 		orr	r3, r3, r1, lsl #3
 311 0112 1360     		str	r3, [r2]
 312 0114 7EE7     		b	.L38
 313              	.L40:
 314 0116 E268     		ldr	r2, [r4, #12]
 315 0118 C2B1     		cbz	r2, .L42
 316 011a 1A68     		ldr	r2, [r3]
 317 011c 5B4D     		ldr	r5, .L114
 318 011e 42F00102 		orr	r2, r2, #1
 319 0122 1A60     		str	r2, [r3]
 320 0124 FFF7FEFF 		bl	HAL_GetTick
 321 0128 0646     		mov	r6, r0
 322              	.L43:
 323 012a 2B68     		ldr	r3, [r5]
 324 012c 9F07     		lsls	r7, r3, #30
 325 012e 07D5     		bpl	.L44
 326 0130 2B68     		ldr	r3, [r5]
 327 0132 2269     		ldr	r2, [r4, #16]
 328 0134 23F0F803 		bic	r3, r3, #248
 329 0138 43EAC203 		orr	r3, r3, r2, lsl #3
 330 013c 2B60     		str	r3, [r5]
 331 013e 69E7     		b	.L38
 332              	.L44:
 333 0140 FFF7FEFF 		bl	HAL_GetTick
 334 0144 801B     		subs	r0, r0, r6
 335 0146 0228     		cmp	r0, #2
 336 0148 EFD9     		bls	.L43
 337 014a 9CE7     		b	.L36
 338              	.L42:
 339 014c 1A68     		ldr	r2, [r3]
 340 014e 4F4E     		ldr	r6, .L114
 341 0150 22F00102 		bic	r2, r2, #1
 342 0154 1A60     		str	r2, [r3]
 343 0156 FFF7FEFF 		bl	HAL_GetTick
 344 015a 0546     		mov	r5, r0
 345              	.L45:
ARM GAS  /tmp/cc7TYcFe.s 			page 7


 346 015c 3368     		ldr	r3, [r6]
 347 015e 9807     		lsls	r0, r3, #30
 348 0160 7FF558AF 		bpl	.L38
 349 0164 FFF7FEFF 		bl	HAL_GetTick
 350 0168 401B     		subs	r0, r0, r5
 351 016a 0228     		cmp	r0, #2
 352 016c F6D9     		bls	.L45
 353 016e 8AE7     		b	.L36
 354              	.L47:
 355 0170 6369     		ldr	r3, [r4, #20]
 356 0172 464D     		ldr	r5, .L114
 357 0174 83B1     		cbz	r3, .L50
 358 0176 6B6F     		ldr	r3, [r5, #116]
 359 0178 43F00103 		orr	r3, r3, #1
 360 017c 6B67     		str	r3, [r5, #116]
 361 017e FFF7FEFF 		bl	HAL_GetTick
 362 0182 0646     		mov	r6, r0
 363              	.L51:
 364 0184 6B6F     		ldr	r3, [r5, #116]
 365 0186 9B07     		lsls	r3, r3, #30
 366 0188 3FF548AF 		bmi	.L53
 367 018c FFF7FEFF 		bl	HAL_GetTick
 368 0190 801B     		subs	r0, r0, r6
 369 0192 0228     		cmp	r0, #2
 370 0194 F6D9     		bls	.L51
 371 0196 76E7     		b	.L36
 372              	.L50:
 373 0198 6B6F     		ldr	r3, [r5, #116]
 374 019a 23F00103 		bic	r3, r3, #1
 375 019e 6B67     		str	r3, [r5, #116]
 376 01a0 FFF7FEFF 		bl	HAL_GetTick
 377 01a4 0646     		mov	r6, r0
 378              	.L54:
 379 01a6 6B6F     		ldr	r3, [r5, #116]
 380 01a8 9F07     		lsls	r7, r3, #30
 381 01aa 7FF537AF 		bpl	.L53
 382 01ae FFF7FEFF 		bl	HAL_GetTick
 383 01b2 801B     		subs	r0, r0, r6
 384 01b4 0228     		cmp	r0, #2
 385 01b6 F6D9     		bls	.L54
 386 01b8 65E7     		b	.L36
 387              	.L48:
 388 01ba 344B     		ldr	r3, .L114
 389 01bc 1A6C     		ldr	r2, [r3, #64]
 390 01be D000     		lsls	r0, r2, #3
 391 01c0 27D4     		bmi	.L84
 392 01c2 1A6C     		ldr	r2, [r3, #64]
 393 01c4 0127     		movs	r7, #1
 394 01c6 42F08052 		orr	r2, r2, #268435456
 395 01ca 1A64     		str	r2, [r3, #64]
 396 01cc 1B6C     		ldr	r3, [r3, #64]
 397 01ce 03F08053 		and	r3, r3, #268435456
 398 01d2 0193     		str	r3, [sp, #4]
 399 01d4 019B     		ldr	r3, [sp, #4]
 400              	.L57:
 401 01d6 2E4D     		ldr	r5, .L114+4
 402 01d8 2B68     		ldr	r3, [r5]
ARM GAS  /tmp/cc7TYcFe.s 			page 8


 403 01da D905     		lsls	r1, r3, #23
 404 01dc 1BD5     		bpl	.L58
 405              	.L63:
 406 01de A368     		ldr	r3, [r4, #8]
 407 01e0 2A4D     		ldr	r5, .L114
 408 01e2 012B     		cmp	r3, #1
 409 01e4 27D1     		bne	.L110
 410              	.L113:
 411 01e6 2B6F     		ldr	r3, [r5, #112]
 412 01e8 43F00103 		orr	r3, r3, #1
 413              	.L112:
 414 01ec 2B67     		str	r3, [r5, #112]
 415 01ee 41F28838 		movw	r8, #5000
 416 01f2 FFF7FEFF 		bl	HAL_GetTick
 417 01f6 254E     		ldr	r6, .L114
 418 01f8 0546     		mov	r5, r0
 419              	.L69:
 420 01fa 336F     		ldr	r3, [r6, #112]
 421 01fc 9B07     		lsls	r3, r3, #30
 422 01fe 3FD5     		bpl	.L70
 423              	.L73:
 424 0200 002F     		cmp	r7, #0
 425 0202 3FF40FAF 		beq	.L56
 426 0206 214A     		ldr	r2, .L114
 427 0208 136C     		ldr	r3, [r2, #64]
 428 020a 23F08053 		bic	r3, r3, #268435456
 429 020e 1364     		str	r3, [r2, #64]
 430 0210 08E7     		b	.L56
 431              	.L84:
 432 0212 0027     		movs	r7, #0
 433 0214 DFE7     		b	.L57
 434              	.L58:
 435 0216 2B68     		ldr	r3, [r5]
 436 0218 43F48073 		orr	r3, r3, #256
 437 021c 2B60     		str	r3, [r5]
 438 021e FFF7FEFF 		bl	HAL_GetTick
 439 0222 0646     		mov	r6, r0
 440              	.L61:
 441 0224 2B68     		ldr	r3, [r5]
 442 0226 DA05     		lsls	r2, r3, #23
 443 0228 D9D4     		bmi	.L63
 444 022a FFF7FEFF 		bl	HAL_GetTick
 445 022e 801B     		subs	r0, r0, r6
 446 0230 6428     		cmp	r0, #100
 447 0232 F7D9     		bls	.L61
 448 0234 27E7     		b	.L36
 449              	.L110:
 450 0236 ABB9     		cbnz	r3, .L65
 451 0238 2B6F     		ldr	r3, [r5, #112]
 452 023a 41F28838 		movw	r8, #5000
 453 023e 23F00103 		bic	r3, r3, #1
 454 0242 2B67     		str	r3, [r5, #112]
 455 0244 2B6F     		ldr	r3, [r5, #112]
 456 0246 23F00403 		bic	r3, r3, #4
 457 024a 2B67     		str	r3, [r5, #112]
 458 024c FFF7FEFF 		bl	HAL_GetTick
 459 0250 0646     		mov	r6, r0
ARM GAS  /tmp/cc7TYcFe.s 			page 9


 460              	.L66:
 461 0252 2B6F     		ldr	r3, [r5, #112]
 462 0254 9807     		lsls	r0, r3, #30
 463 0256 D3D5     		bpl	.L73
 464 0258 FFF7FEFF 		bl	HAL_GetTick
 465 025c 801B     		subs	r0, r0, r6
 466 025e 4045     		cmp	r0, r8
 467 0260 F7D9     		bls	.L66
 468 0262 10E7     		b	.L36
 469              	.L65:
 470 0264 052B     		cmp	r3, #5
 471 0266 2B6F     		ldr	r3, [r5, #112]
 472 0268 03D1     		bne	.L67
 473 026a 43F00403 		orr	r3, r3, #4
 474 026e 2B67     		str	r3, [r5, #112]
 475 0270 B9E7     		b	.L113
 476              	.L67:
 477 0272 23F00103 		bic	r3, r3, #1
 478 0276 2B67     		str	r3, [r5, #112]
 479 0278 2B6F     		ldr	r3, [r5, #112]
 480 027a 23F00403 		bic	r3, r3, #4
 481 027e B5E7     		b	.L112
 482              	.L70:
 483 0280 FFF7FEFF 		bl	HAL_GetTick
 484 0284 401B     		subs	r0, r0, r5
 485 0286 4045     		cmp	r0, r8
 486 0288 B7D9     		bls	.L69
 487 028a FCE6     		b	.L36
 488              	.L115:
 489              		.align	2
 490              	.L114:
 491 028c 00380240 		.word	1073887232
 492 0290 00700040 		.word	1073770496
 493              	.L74:
 494 0294 384D     		ldr	r5, .L116
 495 0296 AB68     		ldr	r3, [r5, #8]
 496 0298 03F00C03 		and	r3, r3, #12
 497 029c 082B     		cmp	r3, #8
 498 029e 41D0     		beq	.L75
 499 02a0 2B68     		ldr	r3, [r5]
 500 02a2 022A     		cmp	r2, #2
 501 02a4 23F08073 		bic	r3, r3, #16777216
 502 02a8 2B60     		str	r3, [r5]
 503 02aa 2ED1     		bne	.L76
 504 02ac FFF7FEFF 		bl	HAL_GetTick
 505 02b0 0646     		mov	r6, r0
 506              	.L77:
 507 02b2 2B68     		ldr	r3, [r5]
 508 02b4 9901     		lsls	r1, r3, #6
 509 02b6 22D4     		bmi	.L78
 510 02b8 A36A     		ldr	r3, [r4, #40]
 511 02ba 5B08     		lsrs	r3, r3, #1
 512 02bc 5A1E     		subs	r2, r3, #1
 513 02be D4E90731 		ldrd	r3, r1, [r4, #28]
 514 02c2 0B43     		orrs	r3, r3, r1
 515 02c4 43EA0243 		orr	r3, r3, r2, lsl #16
 516 02c8 626A     		ldr	r2, [r4, #36]
ARM GAS  /tmp/cc7TYcFe.s 			page 10


 517 02ca 43EA8213 		orr	r3, r3, r2, lsl #6
 518 02ce E26A     		ldr	r2, [r4, #44]
 519 02d0 43EA0263 		orr	r3, r3, r2, lsl #24
 520 02d4 43F00053 		orr	r3, r3, #536870912
 521 02d8 6B60     		str	r3, [r5, #4]
 522 02da 2B68     		ldr	r3, [r5]
 523 02dc 43F08073 		orr	r3, r3, #16777216
 524 02e0 2B60     		str	r3, [r5]
 525 02e2 FFF7FEFF 		bl	HAL_GetTick
 526 02e6 244D     		ldr	r5, .L116
 527 02e8 0446     		mov	r4, r0
 528              	.L79:
 529 02ea 2B68     		ldr	r3, [r5]
 530 02ec 9A01     		lsls	r2, r3, #6
 531 02ee 3FF59DAE 		bmi	.L81
 532 02f2 FFF7FEFF 		bl	HAL_GetTick
 533 02f6 001B     		subs	r0, r0, r4
 534 02f8 0228     		cmp	r0, #2
 535 02fa F6D9     		bls	.L79
 536 02fc C3E6     		b	.L36
 537              	.L78:
 538 02fe FFF7FEFF 		bl	HAL_GetTick
 539 0302 801B     		subs	r0, r0, r6
 540 0304 0228     		cmp	r0, #2
 541 0306 D4D9     		bls	.L77
 542 0308 BDE6     		b	.L36
 543              	.L76:
 544 030a FFF7FEFF 		bl	HAL_GetTick
 545 030e 0446     		mov	r4, r0
 546              	.L82:
 547 0310 2B68     		ldr	r3, [r5]
 548 0312 9B01     		lsls	r3, r3, #6
 549 0314 7FF58AAE 		bpl	.L81
 550 0318 FFF7FEFF 		bl	HAL_GetTick
 551 031c 001B     		subs	r0, r0, r4
 552 031e 0228     		cmp	r0, #2
 553 0320 F6D9     		bls	.L82
 554 0322 B0E6     		b	.L36
 555              	.L75:
 556 0324 012A     		cmp	r2, #1
 557 0326 6B68     		ldr	r3, [r5, #4]
 558 0328 3FF497AE 		beq	.L20
 559 032c 03F48002 		and	r2, r3, #4194304
 560 0330 E169     		ldr	r1, [r4, #28]
 561 0332 8A42     		cmp	r2, r1
 562 0334 7FF491AE 		bne	.L20
 563 0338 03F03F02 		and	r2, r3, #63
 564 033c 216A     		ldr	r1, [r4, #32]
 565 033e 8A42     		cmp	r2, r1
 566 0340 7FF48BAE 		bne	.L20
 567 0344 47F6C072 		movw	r2, #32704
 568 0348 616A     		ldr	r1, [r4, #36]
 569 034a 1A40     		ands	r2, r2, r3
 570 034c B2EB811F 		cmp	r2, r1, lsl #6
 571 0350 7FF483AE 		bne	.L20
 572 0354 A26A     		ldr	r2, [r4, #40]
 573 0356 03F44031 		and	r1, r3, #196608
ARM GAS  /tmp/cc7TYcFe.s 			page 11


 574 035a 5208     		lsrs	r2, r2, #1
 575 035c 013A     		subs	r2, r2, #1
 576 035e B1EB024F 		cmp	r1, r2, lsl #16
 577 0362 7FF47AAE 		bne	.L20
 578 0366 03F07063 		and	r3, r3, #251658240
 579 036a E26A     		ldr	r2, [r4, #44]
 580 036c B3EB026F 		cmp	r3, r2, lsl #24
 581 0370 3FF45CAE 		beq	.L81
 582 0374 71E6     		b	.L20
 583              	.L117:
 584 0376 00BF     		.align	2
 585              	.L116:
 586 0378 00380240 		.word	1073887232
 588              		.section	.text.HAL_RCC_MCOConfig,"ax",%progbits
 589              		.align	1
 590              		.global	HAL_RCC_MCOConfig
 591              		.syntax unified
 592              		.thumb
 593              		.thumb_func
 594              		.fpu fpv5-sp-d16
 596              	HAL_RCC_MCOConfig:
 597              		@ args = 0, pretend = 0, frame = 32
 598              		@ frame_needed = 0, uses_anonymous_args = 0
 599 0000 70B5     		push	{r4, r5, r6, lr}
 600 0002 214C     		ldr	r4, .L122
 601 0004 88B0     		sub	sp, sp, #32
 602 0006 0E46     		mov	r6, r1
 603 0008 1546     		mov	r5, r2
 604 000a 236B     		ldr	r3, [r4, #48]
 605 000c E8B9     		cbnz	r0, .L119
 606 000e 43F00103 		orr	r3, r3, #1
 607 0012 4FF4807C 		mov	ip, #256
 608 0016 03A9     		add	r1, sp, #12
 609 0018 2363     		str	r3, [r4, #48]
 610 001a 236B     		ldr	r3, [r4, #48]
 611 001c 0790     		str	r0, [sp, #28]
 612 001e 03F00103 		and	r3, r3, #1
 613 0022 0193     		str	r3, [sp, #4]
 614 0024 019B     		ldr	r3, [sp, #4]
 615 0026 0223     		movs	r3, #2
 616 0028 CDE903C3 		strd	ip, r3, [sp, #12]
 617 002c 0323     		movs	r3, #3
 618 002e CDE90503 		strd	r0, r3, [sp, #20]
 619 0032 1648     		ldr	r0, .L122+4
 620 0034 FFF7FEFF 		bl	HAL_GPIO_Init
 621 0038 A368     		ldr	r3, [r4, #8]
 622 003a 23F0EC63 		bic	r3, r3, #123731968
 623 003e 43EA0601 		orr	r1, r3, r6
 624 0042 2943     		orrs	r1, r1, r5
 625              	.L121:
 626 0044 A160     		str	r1, [r4, #8]
 627 0046 08B0     		add	sp, sp, #32
 628              		@ sp needed
 629 0048 70BD     		pop	{r4, r5, r6, pc}
 630              	.L119:
 631 004a 43F00403 		orr	r3, r3, #4
 632 004e 4FF40072 		mov	r2, #512
ARM GAS  /tmp/cc7TYcFe.s 			page 12


 633 0052 0321     		movs	r1, #3
 634 0054 0E48     		ldr	r0, .L122+8
 635 0056 2363     		str	r3, [r4, #48]
 636 0058 236B     		ldr	r3, [r4, #48]
 637 005a 03F00403 		and	r3, r3, #4
 638 005e 0293     		str	r3, [sp, #8]
 639 0060 029B     		ldr	r3, [sp, #8]
 640 0062 0223     		movs	r3, #2
 641 0064 CDE90323 		strd	r2, r3, [sp, #12]
 642 0068 0023     		movs	r3, #0
 643 006a CDE90531 		strd	r3, r1, [sp, #20]
 644 006e 03A9     		add	r1, sp, #12
 645 0070 0793     		str	r3, [sp, #28]
 646 0072 FFF7FEFF 		bl	HAL_GPIO_Init
 647 0076 A368     		ldr	r3, [r4, #8]
 648 0078 23F07843 		bic	r3, r3, #-134217728
 649 007c 43EA0601 		orr	r1, r3, r6
 650 0080 41EAC501 		orr	r1, r1, r5, lsl #3
 651 0084 DEE7     		b	.L121
 652              	.L123:
 653 0086 00BF     		.align	2
 654              	.L122:
 655 0088 00380240 		.word	1073887232
 656 008c 00000240 		.word	1073872896
 657 0090 00080240 		.word	1073874944
 659              		.section	.text.HAL_RCC_EnableCSS,"ax",%progbits
 660              		.align	1
 661              		.global	HAL_RCC_EnableCSS
 662              		.syntax unified
 663              		.thumb
 664              		.thumb_func
 665              		.fpu fpv5-sp-d16
 667              	HAL_RCC_EnableCSS:
 668              		@ args = 0, pretend = 0, frame = 0
 669              		@ frame_needed = 0, uses_anonymous_args = 0
 670              		@ link register save eliminated.
 671 0000 024A     		ldr	r2, .L125
 672 0002 1368     		ldr	r3, [r2]
 673 0004 43F40023 		orr	r3, r3, #524288
 674 0008 1360     		str	r3, [r2]
 675 000a 7047     		bx	lr
 676              	.L126:
 677              		.align	2
 678              	.L125:
 679 000c 00380240 		.word	1073887232
 681              		.section	.text.HAL_RCC_DisableCSS,"ax",%progbits
 682              		.align	1
 683              		.global	HAL_RCC_DisableCSS
 684              		.syntax unified
 685              		.thumb
 686              		.thumb_func
 687              		.fpu fpv5-sp-d16
 689              	HAL_RCC_DisableCSS:
 690              		@ args = 0, pretend = 0, frame = 0
 691              		@ frame_needed = 0, uses_anonymous_args = 0
 692              		@ link register save eliminated.
 693 0000 024A     		ldr	r2, .L128
ARM GAS  /tmp/cc7TYcFe.s 			page 13


 694 0002 1368     		ldr	r3, [r2]
 695 0004 23F40023 		bic	r3, r3, #524288
 696 0008 1360     		str	r3, [r2]
 697 000a 7047     		bx	lr
 698              	.L129:
 699              		.align	2
 700              	.L128:
 701 000c 00380240 		.word	1073887232
 703              		.global	__aeabi_uldivmod
 704              		.global	__aeabi_ldivmod
 705              		.section	.text.HAL_RCC_GetSysClockFreq,"ax",%progbits
 706              		.align	1
 707              		.global	HAL_RCC_GetSysClockFreq
 708              		.syntax unified
 709              		.thumb
 710              		.thumb_func
 711              		.fpu fpv5-sp-d16
 713              	HAL_RCC_GetSysClockFreq:
 714              		@ args = 0, pretend = 0, frame = 0
 715              		@ frame_needed = 0, uses_anonymous_args = 0
 716 0000 1349     		ldr	r1, .L137
 717 0002 08B5     		push	{r3, lr}
 718 0004 8B68     		ldr	r3, [r1, #8]
 719 0006 03F00C03 		and	r3, r3, #12
 720 000a 042B     		cmp	r3, #4
 721 000c 1BD0     		beq	.L134
 722 000e 082B     		cmp	r3, #8
 723 0010 1BD1     		bne	.L135
 724 0012 4A68     		ldr	r2, [r1, #4]
 725 0014 4B68     		ldr	r3, [r1, #4]
 726 0016 4968     		ldr	r1, [r1, #4]
 727 0018 02F03F02 		and	r2, r2, #63
 728 001c 13F48003 		ands	r3, r3, #4194304
 729 0020 C1F38811 		ubfx	r1, r1, #6, #9
 730 0024 1ABF     		itte	ne
 731 0026 0B48     		ldrne	r0, .L137+4
 732 0028 0023     		movne	r3, #0
 733 002a 0B48     		ldreq	r0, .L137+8
 734 002c A1FB0001 		umull	r0, r1, r1, r0
 735 0030 FFF7FEFF 		bl	__aeabi_uldivmod
 736 0034 064B     		ldr	r3, .L137
 737 0036 5B68     		ldr	r3, [r3, #4]
 738 0038 C3F30143 		ubfx	r3, r3, #16, #2
 739 003c 0133     		adds	r3, r3, #1
 740 003e 5B00     		lsls	r3, r3, #1
 741 0040 B0FBF3F0 		udiv	r0, r0, r3
 742              	.L130:
 743 0044 08BD     		pop	{r3, pc}
 744              	.L134:
 745 0046 0348     		ldr	r0, .L137+4
 746 0048 FCE7     		b	.L130
 747              	.L135:
 748 004a 0348     		ldr	r0, .L137+8
 749 004c FAE7     		b	.L130
 750              	.L138:
 751 004e 00BF     		.align	2
 752              	.L137:
ARM GAS  /tmp/cc7TYcFe.s 			page 14


 753 0050 00380240 		.word	1073887232
 754 0054 00127A00 		.word	8000000
 755 0058 0024F400 		.word	16000000
 757              		.section	.text.HAL_RCC_ClockConfig,"ax",%progbits
 758              		.align	1
 759              		.global	HAL_RCC_ClockConfig
 760              		.syntax unified
 761              		.thumb
 762              		.thumb_func
 763              		.fpu fpv5-sp-d16
 765              	HAL_RCC_ClockConfig:
 766              		@ args = 0, pretend = 0, frame = 0
 767              		@ frame_needed = 0, uses_anonymous_args = 0
 768 0000 2DE9F041 		push	{r4, r5, r6, r7, r8, lr}
 769 0004 0D46     		mov	r5, r1
 770 0006 0446     		mov	r4, r0
 771 0008 10B9     		cbnz	r0, .L140
 772              	.L145:
 773 000a 0120     		movs	r0, #1
 774              	.L141:
 775 000c BDE8F081 		pop	{r4, r5, r6, r7, r8, pc}
 776              	.L140:
 777 0010 464A     		ldr	r2, .L183
 778 0012 1368     		ldr	r3, [r2]
 779 0014 03F00F03 		and	r3, r3, #15
 780 0018 8B42     		cmp	r3, r1
 781 001a 28D3     		bcc	.L142
 782              	.L146:
 783 001c 2268     		ldr	r2, [r4]
 784 001e 9707     		lsls	r7, r2, #30
 785 0020 30D4     		bmi	.L143
 786              	.L144:
 787 0022 D007     		lsls	r0, r2, #31
 788 0024 44D4     		bmi	.L149
 789              	.L157:
 790 0026 414A     		ldr	r2, .L183
 791 0028 1368     		ldr	r3, [r2]
 792 002a 03F00F03 		and	r3, r3, #15
 793 002e AB42     		cmp	r3, r5
 794 0030 67D8     		bhi	.L150
 795              	.L151:
 796 0032 2268     		ldr	r2, [r4]
 797 0034 5107     		lsls	r1, r2, #29
 798 0036 70D4     		bmi	.L158
 799              	.L159:
 800 0038 1307     		lsls	r3, r2, #28
 801 003a 07D5     		bpl	.L160
 802 003c 3C4A     		ldr	r2, .L183+4
 803 003e 2169     		ldr	r1, [r4, #16]
 804 0040 9368     		ldr	r3, [r2, #8]
 805 0042 23F46043 		bic	r3, r3, #57344
 806 0046 43EAC103 		orr	r3, r3, r1, lsl #3
 807 004a 9360     		str	r3, [r2, #8]
 808              	.L160:
 809 004c FFF7FEFF 		bl	HAL_RCC_GetSysClockFreq
 810 0050 374B     		ldr	r3, .L183+4
 811 0052 384A     		ldr	r2, .L183+8
ARM GAS  /tmp/cc7TYcFe.s 			page 15


 812 0054 9B68     		ldr	r3, [r3, #8]
 813 0056 C3F30313 		ubfx	r3, r3, #4, #4
 814 005a D35C     		ldrb	r3, [r2, r3]	@ zero_extendqisi2
 815 005c D840     		lsrs	r0, r0, r3
 816 005e 364B     		ldr	r3, .L183+12
 817 0060 1860     		str	r0, [r3]
 818 0062 364B     		ldr	r3, .L183+16
 819 0064 1868     		ldr	r0, [r3]
 820 0066 FFF7FEFF 		bl	HAL_InitTick
 821 006a 0020     		movs	r0, #0
 822 006c CEE7     		b	.L141
 823              	.L142:
 824 006e 1368     		ldr	r3, [r2]
 825 0070 23F00F03 		bic	r3, r3, #15
 826 0074 0B43     		orrs	r3, r3, r1
 827 0076 1360     		str	r3, [r2]
 828 0078 1368     		ldr	r3, [r2]
 829 007a 03F00F03 		and	r3, r3, #15
 830 007e 8B42     		cmp	r3, r1
 831 0080 C3D1     		bne	.L145
 832 0082 CBE7     		b	.L146
 833              	.L143:
 834 0084 12F0040F 		tst	r2, #4
 835 0088 294B     		ldr	r3, .L183+4
 836 008a 03D0     		beq	.L147
 837 008c 9968     		ldr	r1, [r3, #8]
 838 008e 41F4E051 		orr	r1, r1, #7168
 839 0092 9960     		str	r1, [r3, #8]
 840              	.L147:
 841 0094 1607     		lsls	r6, r2, #28
 842 0096 03D5     		bpl	.L148
 843 0098 9968     		ldr	r1, [r3, #8]
 844 009a 41F46041 		orr	r1, r1, #57344
 845 009e 9960     		str	r1, [r3, #8]
 846              	.L148:
 847 00a0 2349     		ldr	r1, .L183+4
 848 00a2 A068     		ldr	r0, [r4, #8]
 849 00a4 8B68     		ldr	r3, [r1, #8]
 850 00a6 23F0F003 		bic	r3, r3, #240
 851 00aa 0343     		orrs	r3, r3, r0
 852 00ac 8B60     		str	r3, [r1, #8]
 853 00ae B8E7     		b	.L144
 854              	.L149:
 855 00b0 6168     		ldr	r1, [r4, #4]
 856 00b2 1F4B     		ldr	r3, .L183+4
 857 00b4 0129     		cmp	r1, #1
 858 00b6 1A68     		ldr	r2, [r3]
 859 00b8 1BD1     		bne	.L152
 860 00ba 12F4003F 		tst	r2, #131072
 861              	.L181:
 862 00be A4D0     		beq	.L145
 863 00c0 9A68     		ldr	r2, [r3, #8]
 864 00c2 41F28838 		movw	r8, #5000
 865 00c6 1A4F     		ldr	r7, .L183+4
 866 00c8 22F00302 		bic	r2, r2, #3
 867 00cc 0A43     		orrs	r2, r2, r1
 868 00ce 9A60     		str	r2, [r3, #8]
ARM GAS  /tmp/cc7TYcFe.s 			page 16


 869 00d0 FFF7FEFF 		bl	HAL_GetTick
 870 00d4 0646     		mov	r6, r0
 871              	.L155:
 872 00d6 BB68     		ldr	r3, [r7, #8]
 873 00d8 6268     		ldr	r2, [r4, #4]
 874 00da 03F00C03 		and	r3, r3, #12
 875 00de B3EB820F 		cmp	r3, r2, lsl #2
 876 00e2 A0D0     		beq	.L157
 877 00e4 FFF7FEFF 		bl	HAL_GetTick
 878 00e8 801B     		subs	r0, r0, r6
 879 00ea 4045     		cmp	r0, r8
 880 00ec F3D9     		bls	.L155
 881 00ee 0320     		movs	r0, #3
 882 00f0 8CE7     		b	.L141
 883              	.L152:
 884 00f2 0229     		cmp	r1, #2
 885 00f4 02D1     		bne	.L154
 886 00f6 12F0007F 		tst	r2, #33554432
 887 00fa E0E7     		b	.L181
 888              	.L154:
 889 00fc 12F0020F 		tst	r2, #2
 890 0100 DDE7     		b	.L181
 891              	.L150:
 892 0102 1368     		ldr	r3, [r2]
 893 0104 23F00F03 		bic	r3, r3, #15
 894 0108 2B43     		orrs	r3, r3, r5
 895 010a 1360     		str	r3, [r2]
 896 010c 1368     		ldr	r3, [r2]
 897 010e 03F00F03 		and	r3, r3, #15
 898 0112 AB42     		cmp	r3, r5
 899 0114 7FF479AF 		bne	.L145
 900 0118 8BE7     		b	.L151
 901              	.L158:
 902 011a 0549     		ldr	r1, .L183+4
 903 011c E068     		ldr	r0, [r4, #12]
 904 011e 8B68     		ldr	r3, [r1, #8]
 905 0120 23F4E053 		bic	r3, r3, #7168
 906 0124 0343     		orrs	r3, r3, r0
 907 0126 8B60     		str	r3, [r1, #8]
 908 0128 86E7     		b	.L159
 909              	.L184:
 910 012a 00BF     		.align	2
 911              	.L183:
 912 012c 003C0240 		.word	1073888256
 913 0130 00380240 		.word	1073887232
 914 0134 00000000 		.word	AHBPrescTable
 915 0138 00000000 		.word	SystemCoreClock
 916 013c 00000000 		.word	uwTickPrio
 918              		.section	.text.HAL_RCC_GetHCLKFreq,"ax",%progbits
 919              		.align	1
 920              		.global	HAL_RCC_GetHCLKFreq
 921              		.syntax unified
 922              		.thumb
 923              		.thumb_func
 924              		.fpu fpv5-sp-d16
 926              	HAL_RCC_GetHCLKFreq:
 927              		@ args = 0, pretend = 0, frame = 0
ARM GAS  /tmp/cc7TYcFe.s 			page 17


 928              		@ frame_needed = 0, uses_anonymous_args = 0
 929              		@ link register save eliminated.
 930 0000 014B     		ldr	r3, .L186
 931 0002 1868     		ldr	r0, [r3]
 932 0004 7047     		bx	lr
 933              	.L187:
 934 0006 00BF     		.align	2
 935              	.L186:
 936 0008 00000000 		.word	SystemCoreClock
 938              		.section	.text.HAL_RCC_GetPCLK1Freq,"ax",%progbits
 939              		.align	1
 940              		.global	HAL_RCC_GetPCLK1Freq
 941              		.syntax unified
 942              		.thumb
 943              		.thumb_func
 944              		.fpu fpv5-sp-d16
 946              	HAL_RCC_GetPCLK1Freq:
 947              		@ args = 0, pretend = 0, frame = 0
 948              		@ frame_needed = 0, uses_anonymous_args = 0
 949              		@ link register save eliminated.
 950 0000 044B     		ldr	r3, .L189
 951 0002 054A     		ldr	r2, .L189+4
 952 0004 9B68     		ldr	r3, [r3, #8]
 953 0006 C3F38223 		ubfx	r3, r3, #10, #3
 954 000a D35C     		ldrb	r3, [r2, r3]	@ zero_extendqisi2
 955 000c 034A     		ldr	r2, .L189+8
 956 000e 1068     		ldr	r0, [r2]
 957 0010 D840     		lsrs	r0, r0, r3
 958 0012 7047     		bx	lr
 959              	.L190:
 960              		.align	2
 961              	.L189:
 962 0014 00380240 		.word	1073887232
 963 0018 00000000 		.word	APBPrescTable
 964 001c 00000000 		.word	SystemCoreClock
 966              		.section	.text.HAL_RCC_GetPCLK2Freq,"ax",%progbits
 967              		.align	1
 968              		.global	HAL_RCC_GetPCLK2Freq
 969              		.syntax unified
 970              		.thumb
 971              		.thumb_func
 972              		.fpu fpv5-sp-d16
 974              	HAL_RCC_GetPCLK2Freq:
 975              		@ args = 0, pretend = 0, frame = 0
 976              		@ frame_needed = 0, uses_anonymous_args = 0
 977              		@ link register save eliminated.
 978 0000 044B     		ldr	r3, .L192
 979 0002 054A     		ldr	r2, .L192+4
 980 0004 9B68     		ldr	r3, [r3, #8]
 981 0006 C3F34233 		ubfx	r3, r3, #13, #3
 982 000a D35C     		ldrb	r3, [r2, r3]	@ zero_extendqisi2
 983 000c 034A     		ldr	r2, .L192+8
 984 000e 1068     		ldr	r0, [r2]
 985 0010 D840     		lsrs	r0, r0, r3
 986 0012 7047     		bx	lr
 987              	.L193:
 988              		.align	2
ARM GAS  /tmp/cc7TYcFe.s 			page 18


 989              	.L192:
 990 0014 00380240 		.word	1073887232
 991 0018 00000000 		.word	APBPrescTable
 992 001c 00000000 		.word	SystemCoreClock
 994              		.section	.text.HAL_RCC_GetOscConfig,"ax",%progbits
 995              		.align	1
 996              		.global	HAL_RCC_GetOscConfig
 997              		.syntax unified
 998              		.thumb
 999              		.thumb_func
 1000              		.fpu fpv5-sp-d16
 1002              	HAL_RCC_GetOscConfig:
 1003              		@ args = 0, pretend = 0, frame = 0
 1004              		@ frame_needed = 0, uses_anonymous_args = 0
 1005              		@ link register save eliminated.
 1006 0000 0F23     		movs	r3, #15
 1007 0002 0360     		str	r3, [r0]
 1008 0004 224B     		ldr	r3, .L203
 1009 0006 1A68     		ldr	r2, [r3]
 1010 0008 5103     		lsls	r1, r2, #13
 1011 000a 33D5     		bpl	.L195
 1012 000c 4FF4A022 		mov	r2, #327680
 1013              	.L197:
 1014 0010 4260     		str	r2, [r0, #4]
 1015 0012 1A68     		ldr	r2, [r3]
 1016 0014 02F00102 		and	r2, r2, #1
 1017 0018 C260     		str	r2, [r0, #12]
 1018 001a 1A68     		ldr	r2, [r3]
 1019 001c C2F3C402 		ubfx	r2, r2, #3, #5
 1020 0020 0261     		str	r2, [r0, #16]
 1021 0022 1A6F     		ldr	r2, [r3, #112]
 1022 0024 5207     		lsls	r2, r2, #29
 1023 0026 2CD5     		bpl	.L198
 1024 0028 0523     		movs	r3, #5
 1025              	.L200:
 1026 002a 8360     		str	r3, [r0, #8]
 1027 002c 184B     		ldr	r3, .L203
 1028 002e 5A6F     		ldr	r2, [r3, #116]
 1029 0030 02F00102 		and	r2, r2, #1
 1030 0034 4261     		str	r2, [r0, #20]
 1031 0036 1A68     		ldr	r2, [r3]
 1032 0038 12F0807F 		tst	r2, #16777216
 1033 003c 14BF     		ite	ne
 1034 003e 0222     		movne	r2, #2
 1035 0040 0122     		moveq	r2, #1
 1036 0042 8261     		str	r2, [r0, #24]
 1037 0044 5A68     		ldr	r2, [r3, #4]
 1038 0046 02F48002 		and	r2, r2, #4194304
 1039 004a C261     		str	r2, [r0, #28]
 1040 004c 5A68     		ldr	r2, [r3, #4]
 1041 004e 02F03F02 		and	r2, r2, #63
 1042 0052 0262     		str	r2, [r0, #32]
 1043 0054 5A68     		ldr	r2, [r3, #4]
 1044 0056 C2F38812 		ubfx	r2, r2, #6, #9
 1045 005a 4262     		str	r2, [r0, #36]
 1046 005c 5A68     		ldr	r2, [r3, #4]
 1047 005e 02F44032 		and	r2, r2, #196608
ARM GAS  /tmp/cc7TYcFe.s 			page 19


 1048 0062 02F58032 		add	r2, r2, #65536
 1049 0066 D20B     		lsrs	r2, r2, #15
 1050 0068 8262     		str	r2, [r0, #40]
 1051 006a 5B68     		ldr	r3, [r3, #4]
 1052 006c C3F30363 		ubfx	r3, r3, #24, #4
 1053 0070 C362     		str	r3, [r0, #44]
 1054 0072 7047     		bx	lr
 1055              	.L195:
 1056 0074 1A68     		ldr	r2, [r3]
 1057 0076 12F48032 		ands	r2, r2, #65536
 1058 007a 18BF     		it	ne
 1059 007c 4FF48032 		movne	r2, #65536
 1060 0080 C6E7     		b	.L197
 1061              	.L198:
 1062 0082 1B6F     		ldr	r3, [r3, #112]
 1063 0084 13F00103 		ands	r3, r3, #1
 1064 0088 18BF     		it	ne
 1065 008a 0123     		movne	r3, #1
 1066 008c CDE7     		b	.L200
 1067              	.L204:
 1068 008e 00BF     		.align	2
 1069              	.L203:
 1070 0090 00380240 		.word	1073887232
 1072              		.section	.text.HAL_RCC_GetClockConfig,"ax",%progbits
 1073              		.align	1
 1074              		.global	HAL_RCC_GetClockConfig
 1075              		.syntax unified
 1076              		.thumb
 1077              		.thumb_func
 1078              		.fpu fpv5-sp-d16
 1080              	HAL_RCC_GetClockConfig:
 1081              		@ args = 0, pretend = 0, frame = 0
 1082              		@ frame_needed = 0, uses_anonymous_args = 0
 1083              		@ link register save eliminated.
 1084 0000 0F23     		movs	r3, #15
 1085 0002 0360     		str	r3, [r0]
 1086 0004 0B4B     		ldr	r3, .L206
 1087 0006 9A68     		ldr	r2, [r3, #8]
 1088 0008 02F00302 		and	r2, r2, #3
 1089 000c 4260     		str	r2, [r0, #4]
 1090 000e 9A68     		ldr	r2, [r3, #8]
 1091 0010 02F0F002 		and	r2, r2, #240
 1092 0014 8260     		str	r2, [r0, #8]
 1093 0016 9A68     		ldr	r2, [r3, #8]
 1094 0018 02F4E052 		and	r2, r2, #7168
 1095 001c C260     		str	r2, [r0, #12]
 1096 001e 9B68     		ldr	r3, [r3, #8]
 1097 0020 DB08     		lsrs	r3, r3, #3
 1098 0022 03F4E053 		and	r3, r3, #7168
 1099 0026 0361     		str	r3, [r0, #16]
 1100 0028 034B     		ldr	r3, .L206+4
 1101 002a 1B68     		ldr	r3, [r3]
 1102 002c 03F00F03 		and	r3, r3, #15
 1103 0030 0B60     		str	r3, [r1]
 1104 0032 7047     		bx	lr
 1105              	.L207:
 1106              		.align	2
ARM GAS  /tmp/cc7TYcFe.s 			page 20


 1107              	.L206:
 1108 0034 00380240 		.word	1073887232
 1109 0038 003C0240 		.word	1073888256
 1111              		.section	.text.HAL_RCC_CSSCallback,"ax",%progbits
 1112              		.align	1
 1113              		.weak	HAL_RCC_CSSCallback
 1114              		.syntax unified
 1115              		.thumb
 1116              		.thumb_func
 1117              		.fpu fpv5-sp-d16
 1119              	HAL_RCC_CSSCallback:
 1120              		@ args = 0, pretend = 0, frame = 0
 1121              		@ frame_needed = 0, uses_anonymous_args = 0
 1122              		@ link register save eliminated.
 1123 0000 7047     		bx	lr
 1125              		.section	.text.HAL_RCC_NMI_IRQHandler,"ax",%progbits
 1126              		.align	1
 1127              		.global	HAL_RCC_NMI_IRQHandler
 1128              		.syntax unified
 1129              		.thumb
 1130              		.thumb_func
 1131              		.fpu fpv5-sp-d16
 1133              	HAL_RCC_NMI_IRQHandler:
 1134              		@ args = 0, pretend = 0, frame = 0
 1135              		@ frame_needed = 0, uses_anonymous_args = 0
 1136 0000 10B5     		push	{r4, lr}
 1137 0002 044C     		ldr	r4, .L214
 1138 0004 E368     		ldr	r3, [r4, #12]
 1139 0006 1B06     		lsls	r3, r3, #24
 1140 0008 03D5     		bpl	.L209
 1141 000a FFF7FEFF 		bl	HAL_RCC_CSSCallback
 1142 000e 8023     		movs	r3, #128
 1143 0010 A373     		strb	r3, [r4, #14]
 1144              	.L209:
 1145 0012 10BD     		pop	{r4, pc}
 1146              	.L215:
 1147              		.align	2
 1148              	.L214:
 1149 0014 00380240 		.word	1073887232
 1151              		.ident	"GCC: (15:10.3-2021.07-4) 10.3.1 20210621 (release)"
ARM GAS  /tmp/cc7TYcFe.s 			page 21


DEFINED SYMBOLS
                            *ABS*:0000000000000000 stm32f7xx_hal_rcc.c
     /tmp/cc7TYcFe.s:15     .text.HAL_RCC_DeInit:0000000000000000 $t
     /tmp/cc7TYcFe.s:23     .text.HAL_RCC_DeInit:0000000000000000 HAL_RCC_DeInit
     /tmp/cc7TYcFe.s:159    .text.HAL_RCC_DeInit:0000000000000120 $d
     /tmp/cc7TYcFe.s:166    .text.HAL_RCC_OscConfig:0000000000000000 $t
     /tmp/cc7TYcFe.s:173    .text.HAL_RCC_OscConfig:0000000000000000 HAL_RCC_OscConfig
     /tmp/cc7TYcFe.s:491    .text.HAL_RCC_OscConfig:000000000000028c $d
     /tmp/cc7TYcFe.s:494    .text.HAL_RCC_OscConfig:0000000000000294 $t
     /tmp/cc7TYcFe.s:586    .text.HAL_RCC_OscConfig:0000000000000378 $d
     /tmp/cc7TYcFe.s:589    .text.HAL_RCC_MCOConfig:0000000000000000 $t
     /tmp/cc7TYcFe.s:596    .text.HAL_RCC_MCOConfig:0000000000000000 HAL_RCC_MCOConfig
     /tmp/cc7TYcFe.s:655    .text.HAL_RCC_MCOConfig:0000000000000088 $d
     /tmp/cc7TYcFe.s:660    .text.HAL_RCC_EnableCSS:0000000000000000 $t
     /tmp/cc7TYcFe.s:667    .text.HAL_RCC_EnableCSS:0000000000000000 HAL_RCC_EnableCSS
     /tmp/cc7TYcFe.s:679    .text.HAL_RCC_EnableCSS:000000000000000c $d
     /tmp/cc7TYcFe.s:682    .text.HAL_RCC_DisableCSS:0000000000000000 $t
     /tmp/cc7TYcFe.s:689    .text.HAL_RCC_DisableCSS:0000000000000000 HAL_RCC_DisableCSS
     /tmp/cc7TYcFe.s:701    .text.HAL_RCC_DisableCSS:000000000000000c $d
     /tmp/cc7TYcFe.s:706    .text.HAL_RCC_GetSysClockFreq:0000000000000000 $t
     /tmp/cc7TYcFe.s:713    .text.HAL_RCC_GetSysClockFreq:0000000000000000 HAL_RCC_GetSysClockFreq
     /tmp/cc7TYcFe.s:753    .text.HAL_RCC_GetSysClockFreq:0000000000000050 $d
     /tmp/cc7TYcFe.s:758    .text.HAL_RCC_ClockConfig:0000000000000000 $t
     /tmp/cc7TYcFe.s:765    .text.HAL_RCC_ClockConfig:0000000000000000 HAL_RCC_ClockConfig
     /tmp/cc7TYcFe.s:912    .text.HAL_RCC_ClockConfig:000000000000012c $d
     /tmp/cc7TYcFe.s:919    .text.HAL_RCC_GetHCLKFreq:0000000000000000 $t
     /tmp/cc7TYcFe.s:926    .text.HAL_RCC_GetHCLKFreq:0000000000000000 HAL_RCC_GetHCLKFreq
     /tmp/cc7TYcFe.s:936    .text.HAL_RCC_GetHCLKFreq:0000000000000008 $d
     /tmp/cc7TYcFe.s:939    .text.HAL_RCC_GetPCLK1Freq:0000000000000000 $t
     /tmp/cc7TYcFe.s:946    .text.HAL_RCC_GetPCLK1Freq:0000000000000000 HAL_RCC_GetPCLK1Freq
     /tmp/cc7TYcFe.s:962    .text.HAL_RCC_GetPCLK1Freq:0000000000000014 $d
     /tmp/cc7TYcFe.s:967    .text.HAL_RCC_GetPCLK2Freq:0000000000000000 $t
     /tmp/cc7TYcFe.s:974    .text.HAL_RCC_GetPCLK2Freq:0000000000000000 HAL_RCC_GetPCLK2Freq
     /tmp/cc7TYcFe.s:990    .text.HAL_RCC_GetPCLK2Freq:0000000000000014 $d
     /tmp/cc7TYcFe.s:995    .text.HAL_RCC_GetOscConfig:0000000000000000 $t
     /tmp/cc7TYcFe.s:1002   .text.HAL_RCC_GetOscConfig:0000000000000000 HAL_RCC_GetOscConfig
     /tmp/cc7TYcFe.s:1070   .text.HAL_RCC_GetOscConfig:0000000000000090 $d
     /tmp/cc7TYcFe.s:1073   .text.HAL_RCC_GetClockConfig:0000000000000000 $t
     /tmp/cc7TYcFe.s:1080   .text.HAL_RCC_GetClockConfig:0000000000000000 HAL_RCC_GetClockConfig
     /tmp/cc7TYcFe.s:1108   .text.HAL_RCC_GetClockConfig:0000000000000034 $d
     /tmp/cc7TYcFe.s:1112   .text.HAL_RCC_CSSCallback:0000000000000000 $t
     /tmp/cc7TYcFe.s:1119   .text.HAL_RCC_CSSCallback:0000000000000000 HAL_RCC_CSSCallback
     /tmp/cc7TYcFe.s:1126   .text.HAL_RCC_NMI_IRQHandler:0000000000000000 $t
     /tmp/cc7TYcFe.s:1133   .text.HAL_RCC_NMI_IRQHandler:0000000000000000 HAL_RCC_NMI_IRQHandler
     /tmp/cc7TYcFe.s:1149   .text.HAL_RCC_NMI_IRQHandler:0000000000000014 $d

UNDEFINED SYMBOLS
HAL_GetTick
HAL_InitTick
SystemCoreClock
uwTickPrio
HAL_GPIO_Init
__aeabi_uldivmod
__aeabi_ldivmod
AHBPrescTable
APBPrescTable
