ARM GAS  /tmp/ccPS9RD0.s 			page 1


   1              		.cpu cortex-m7
   2              		.eabi_attribute 27, 1
   3              		.eabi_attribute 20, 1
   4              		.eabi_attribute 21, 1
   5              		.eabi_attribute 23, 3
   6              		.eabi_attribute 24, 1
   7              		.eabi_attribute 25, 1
   8              		.eabi_attribute 26, 1
   9              		.eabi_attribute 30, 4
  10              		.eabi_attribute 34, 1
  11              		.eabi_attribute 18, 4
  12              		.file	"stm32f7xx_ll_exti.c"
  13              		.text
  14              		.section	.text.LL_EXTI_DeInit,"ax",%progbits
  15              		.align	1
  16              		.global	LL_EXTI_DeInit
  17              		.arch armv7e-m
  18              		.syntax unified
  19              		.thumb
  20              		.thumb_func
  21              		.fpu fpv5-sp-d16
  23              	LL_EXTI_DeInit:
  24              		@ args = 0, pretend = 0, frame = 0
  25              		@ frame_needed = 0, uses_anonymous_args = 0
  26              		@ link register save eliminated.
  27 0000 054B     		ldr	r3, .L2
  28 0002 0020     		movs	r0, #0
  29 0004 6FF07E42 		mvn	r2, #-33554432
  30 0008 1860     		str	r0, [r3]
  31 000a 5860     		str	r0, [r3, #4]
  32 000c 9860     		str	r0, [r3, #8]
  33 000e D860     		str	r0, [r3, #12]
  34 0010 1861     		str	r0, [r3, #16]
  35 0012 5A61     		str	r2, [r3, #20]
  36 0014 7047     		bx	lr
  37              	.L3:
  38 0016 00BF     		.align	2
  39              	.L2:
  40 0018 003C0140 		.word	1073822720
  42              		.section	.text.LL_EXTI_Init,"ax",%progbits
  43              		.align	1
  44              		.global	LL_EXTI_Init
  45              		.syntax unified
  46              		.thumb
  47              		.thumb_func
  48              		.fpu fpv5-sp-d16
  50              	LL_EXTI_Init:
  51              		@ args = 0, pretend = 0, frame = 0
  52              		@ frame_needed = 0, uses_anonymous_args = 0
  53 0000 0246     		mov	r2, r0
  54 0002 0368     		ldr	r3, [r0]
  55 0004 0079     		ldrb	r0, [r0, #4]	@ zero_extendqisi2
  56 0006 10B5     		push	{r4, lr}
  57 0008 0028     		cmp	r0, #0
  58 000a 3ED0     		beq	.L5
  59 000c 002B     		cmp	r3, #0
  60 000e 45D0     		beq	.L13
ARM GAS  /tmp/ccPS9RD0.s 			page 2


  61 0010 5179     		ldrb	r1, [r2, #5]	@ zero_extendqisi2
  62 0012 0129     		cmp	r1, #1
  63 0014 1ED0     		beq	.L7
  64 0016 48B2     		sxtb	r0, r1
  65 0018 98B1     		cbz	r0, .L8
  66 001a 0229     		cmp	r1, #2
  67 001c 24D0     		beq	.L9
  68 001e 0120     		movs	r0, #1
  69              	.L10:
  70 0020 9279     		ldrb	r2, [r2, #6]	@ zero_extendqisi2
  71 0022 6AB1     		cbz	r2, .L6
  72 0024 022A     		cmp	r2, #2
  73 0026 23D0     		beq	.L11
  74 0028 032A     		cmp	r2, #3
  75 002a 2AD0     		beq	.L12
  76 002c 012A     		cmp	r2, #1
  77 002e 37D1     		bne	.L14
  78 0030 1C4A     		ldr	r2, .L20
  79 0032 D168     		ldr	r1, [r2, #12]
  80 0034 21EA0301 		bic	r1, r1, r3
  81 0038 D160     		str	r1, [r2, #12]
  82 003a 9168     		ldr	r1, [r2, #8]
  83 003c 0B43     		orrs	r3, r3, r1
  84 003e 9360     		str	r3, [r2, #8]
  85              	.L6:
  86 0040 10BD     		pop	{r4, pc}
  87              	.L8:
  88 0042 1849     		ldr	r1, .L20
  89 0044 4C68     		ldr	r4, [r1, #4]
  90 0046 24EA0304 		bic	r4, r4, r3
  91 004a 4C60     		str	r4, [r1, #4]
  92 004c 0C68     		ldr	r4, [r1]
  93 004e 1C43     		orrs	r4, r4, r3
  94 0050 0C60     		str	r4, [r1]
  95 0052 E5E7     		b	.L10
  96              	.L7:
  97 0054 1349     		ldr	r1, .L20
  98 0056 0868     		ldr	r0, [r1]
  99 0058 20EA0300 		bic	r0, r0, r3
 100              	.L18:
 101 005c 0860     		str	r0, [r1]
 102 005e 4868     		ldr	r0, [r1, #4]
 103 0060 1843     		orrs	r0, r0, r3
 104 0062 4860     		str	r0, [r1, #4]
 105 0064 0020     		movs	r0, #0
 106 0066 DBE7     		b	.L10
 107              	.L9:
 108 0068 0E49     		ldr	r1, .L20
 109 006a 0868     		ldr	r0, [r1]
 110 006c 1843     		orrs	r0, r0, r3
 111 006e F5E7     		b	.L18
 112              	.L11:
 113 0070 0C4A     		ldr	r2, .L20
 114 0072 9168     		ldr	r1, [r2, #8]
 115 0074 21EA0301 		bic	r1, r1, r3
 116              	.L19:
 117 0078 9160     		str	r1, [r2, #8]
ARM GAS  /tmp/ccPS9RD0.s 			page 3


 118 007a D168     		ldr	r1, [r2, #12]
 119 007c 0B43     		orrs	r3, r3, r1
 120 007e D360     		str	r3, [r2, #12]
 121 0080 DEE7     		b	.L6
 122              	.L12:
 123 0082 084A     		ldr	r2, .L20
 124 0084 9168     		ldr	r1, [r2, #8]
 125 0086 1943     		orrs	r1, r1, r3
 126 0088 F6E7     		b	.L19
 127              	.L5:
 128 008a 064A     		ldr	r2, .L20
 129 008c DC43     		mvns	r4, r3
 130 008e 1168     		ldr	r1, [r2]
 131 0090 2140     		ands	r1, r1, r4
 132 0092 1160     		str	r1, [r2]
 133 0094 5368     		ldr	r3, [r2, #4]
 134 0096 2340     		ands	r3, r3, r4
 135 0098 5360     		str	r3, [r2, #4]
 136 009a D1E7     		b	.L6
 137              	.L13:
 138 009c 1846     		mov	r0, r3
 139 009e CFE7     		b	.L6
 140              	.L14:
 141 00a0 0120     		movs	r0, #1
 142 00a2 CDE7     		b	.L6
 143              	.L21:
 144              		.align	2
 145              	.L20:
 146 00a4 003C0140 		.word	1073822720
 148              		.section	.text.LL_EXTI_StructInit,"ax",%progbits
 149              		.align	1
 150              		.global	LL_EXTI_StructInit
 151              		.syntax unified
 152              		.thumb
 153              		.thumb_func
 154              		.fpu fpv5-sp-d16
 156              	LL_EXTI_StructInit:
 157              		@ args = 0, pretend = 0, frame = 0
 158              		@ frame_needed = 0, uses_anonymous_args = 0
 159              		@ link register save eliminated.
 160 0000 0023     		movs	r3, #0
 161 0002 0360     		str	r3, [r0]
 162 0004 8380     		strh	r3, [r0, #4]	@ movhi
 163 0006 0223     		movs	r3, #2
 164 0008 8371     		strb	r3, [r0, #6]
 165 000a 7047     		bx	lr
 167              		.ident	"GCC: (GNU Tools for Arm Embedded Processors 8-2018-q4-major) 8.2.1 20181213 (release) [gcc
ARM GAS  /tmp/ccPS9RD0.s 			page 4


DEFINED SYMBOLS
                            *ABS*:0000000000000000 stm32f7xx_ll_exti.c
     /tmp/ccPS9RD0.s:15     .text.LL_EXTI_DeInit:0000000000000000 $t
     /tmp/ccPS9RD0.s:23     .text.LL_EXTI_DeInit:0000000000000000 LL_EXTI_DeInit
     /tmp/ccPS9RD0.s:40     .text.LL_EXTI_DeInit:0000000000000018 $d
     /tmp/ccPS9RD0.s:43     .text.LL_EXTI_Init:0000000000000000 $t
     /tmp/ccPS9RD0.s:50     .text.LL_EXTI_Init:0000000000000000 LL_EXTI_Init
     /tmp/ccPS9RD0.s:146    .text.LL_EXTI_Init:00000000000000a4 $d
     /tmp/ccPS9RD0.s:149    .text.LL_EXTI_StructInit:0000000000000000 $t
     /tmp/ccPS9RD0.s:156    .text.LL_EXTI_StructInit:0000000000000000 LL_EXTI_StructInit

NO UNDEFINED SYMBOLS
