ARM GAS  /tmp/cc943rdc.s 			page 1


   1              		.cpu cortex-m7
   2              		.eabi_attribute 27, 1
   3              		.eabi_attribute 20, 1
   4              		.eabi_attribute 21, 1
   5              		.eabi_attribute 23, 3
   6              		.eabi_attribute 24, 1
   7              		.eabi_attribute 25, 1
   8              		.eabi_attribute 26, 1
   9              		.eabi_attribute 30, 4
  10              		.eabi_attribute 34, 1
  11              		.eabi_attribute 18, 4
  12              		.file	"stm32f7xx_hal_rtc.c"
  13              		.text
  14              		.section	.text.HAL_RTC_MspInit,"ax",%progbits
  15              		.align	1
  16              		.weak	HAL_RTC_MspInit
  17              		.arch armv7e-m
  18              		.syntax unified
  19              		.thumb
  20              		.thumb_func
  21              		.fpu fpv5-sp-d16
  23              	HAL_RTC_MspInit:
  24              		@ args = 0, pretend = 0, frame = 0
  25              		@ frame_needed = 0, uses_anonymous_args = 0
  26              		@ link register save eliminated.
  27 0000 7047     		bx	lr
  29              		.section	.text.HAL_RTC_MspDeInit,"ax",%progbits
  30              		.align	1
  31              		.weak	HAL_RTC_MspDeInit
  32              		.syntax unified
  33              		.thumb
  34              		.thumb_func
  35              		.fpu fpv5-sp-d16
  37              	HAL_RTC_MspDeInit:
  38              		@ args = 0, pretend = 0, frame = 0
  39              		@ frame_needed = 0, uses_anonymous_args = 0
  40              		@ link register save eliminated.
  41 0000 7047     		bx	lr
  43              		.section	.text.HAL_RTC_DeactivateAlarm,"ax",%progbits
  44              		.align	1
  45              		.global	HAL_RTC_DeactivateAlarm
  46              		.syntax unified
  47              		.thumb
  48              		.thumb_func
  49              		.fpu fpv5-sp-d16
  51              	HAL_RTC_DeactivateAlarm:
  52              		@ args = 0, pretend = 0, frame = 0
  53              		@ frame_needed = 0, uses_anonymous_args = 0
  54 0000 037F     		ldrb	r3, [r0, #28]	@ zero_extendqisi2
  55 0002 012B     		cmp	r3, #1
  56 0004 70B5     		push	{r4, r5, r6, lr}
  57 0006 0446     		mov	r4, r0
  58 0008 4FF00200 		mov	r0, #2
  59 000c 22D0     		beq	.L4
  60 000e 0123     		movs	r3, #1
  61 0010 CA22     		movs	r2, #202
  62 0012 6077     		strb	r0, [r4, #29]
ARM GAS  /tmp/cc943rdc.s 			page 2


  63 0014 B1F5807F 		cmp	r1, #256
  64 0018 2377     		strb	r3, [r4, #28]
  65 001a 2368     		ldr	r3, [r4]
  66 001c 5A62     		str	r2, [r3, #36]
  67 001e 4FF05302 		mov	r2, #83
  68 0022 5A62     		str	r2, [r3, #36]
  69 0024 9A68     		ldr	r2, [r3, #8]
  70 0026 23D1     		bne	.L5
  71 0028 22F48072 		bic	r2, r2, #256
  72 002c 9A60     		str	r2, [r3, #8]
  73 002e 9A68     		ldr	r2, [r3, #8]
  74 0030 22F48052 		bic	r2, r2, #4096
  75 0034 9A60     		str	r2, [r3, #8]
  76 0036 FFF7FEFF 		bl	HAL_GetTick
  77 003a 0646     		mov	r6, r0
  78              	.L6:
  79 003c 2368     		ldr	r3, [r4]
  80 003e DD68     		ldr	r5, [r3, #12]
  81 0040 15F00105 		ands	r5, r5, #1
  82 0044 07D0     		beq	.L7
  83              	.L10:
  84 0046 2368     		ldr	r3, [r4]
  85 0048 FF22     		movs	r2, #255
  86 004a 0020     		movs	r0, #0
  87 004c 5A62     		str	r2, [r3, #36]
  88 004e 0123     		movs	r3, #1
  89 0050 2077     		strb	r0, [r4, #28]
  90 0052 6377     		strb	r3, [r4, #29]
  91              	.L4:
  92 0054 70BD     		pop	{r4, r5, r6, pc}
  93              	.L7:
  94 0056 FFF7FEFF 		bl	HAL_GetTick
  95 005a 801B     		subs	r0, r0, r6
  96 005c B0F57A7F 		cmp	r0, #1000
  97 0060 ECD9     		bls	.L6
  98              	.L14:
  99 0062 2368     		ldr	r3, [r4]
 100 0064 FF22     		movs	r2, #255
 101 0066 0320     		movs	r0, #3
 102 0068 5A62     		str	r2, [r3, #36]
 103 006a 6077     		strb	r0, [r4, #29]
 104 006c 2577     		strb	r5, [r4, #28]
 105 006e F1E7     		b	.L4
 106              	.L5:
 107 0070 22F40072 		bic	r2, r2, #512
 108 0074 9A60     		str	r2, [r3, #8]
 109 0076 9A68     		ldr	r2, [r3, #8]
 110 0078 22F40052 		bic	r2, r2, #8192
 111 007c 9A60     		str	r2, [r3, #8]
 112 007e FFF7FEFF 		bl	HAL_GetTick
 113 0082 0646     		mov	r6, r0
 114              	.L8:
 115 0084 2368     		ldr	r3, [r4]
 116 0086 DD68     		ldr	r5, [r3, #12]
 117 0088 15F00205 		ands	r5, r5, #2
 118 008c DBD1     		bne	.L10
 119 008e FFF7FEFF 		bl	HAL_GetTick
ARM GAS  /tmp/cc943rdc.s 			page 3


 120 0092 801B     		subs	r0, r0, r6
 121 0094 B0F57A7F 		cmp	r0, #1000
 122 0098 F4D9     		bls	.L8
 123 009a E2E7     		b	.L14
 125              		.section	.text.HAL_RTC_AlarmAEventCallback,"ax",%progbits
 126              		.align	1
 127              		.weak	HAL_RTC_AlarmAEventCallback
 128              		.syntax unified
 129              		.thumb
 130              		.thumb_func
 131              		.fpu fpv5-sp-d16
 133              	HAL_RTC_AlarmAEventCallback:
 134              		@ args = 0, pretend = 0, frame = 0
 135              		@ frame_needed = 0, uses_anonymous_args = 0
 136              		@ link register save eliminated.
 137 0000 7047     		bx	lr
 139              		.section	.text.HAL_RTC_AlarmIRQHandler,"ax",%progbits
 140              		.align	1
 141              		.global	HAL_RTC_AlarmIRQHandler
 142              		.syntax unified
 143              		.thumb
 144              		.thumb_func
 145              		.fpu fpv5-sp-d16
 147              	HAL_RTC_AlarmIRQHandler:
 148              		@ args = 0, pretend = 0, frame = 0
 149              		@ frame_needed = 0, uses_anonymous_args = 0
 150 0000 0368     		ldr	r3, [r0]
 151 0002 9A68     		ldr	r2, [r3, #8]
 152 0004 D204     		lsls	r2, r2, #19
 153 0006 10B5     		push	{r4, lr}
 154 0008 0446     		mov	r4, r0
 155 000a 0AD5     		bpl	.L17
 156 000c DB68     		ldr	r3, [r3, #12]
 157 000e D905     		lsls	r1, r3, #23
 158 0010 07D5     		bpl	.L17
 159 0012 FFF7FEFF 		bl	HAL_RTC_AlarmAEventCallback
 160 0016 2268     		ldr	r2, [r4]
 161 0018 D368     		ldr	r3, [r2, #12]
 162 001a DBB2     		uxtb	r3, r3
 163 001c 63F4C073 		orn	r3, r3, #384
 164 0020 D360     		str	r3, [r2, #12]
 165              	.L17:
 166 0022 2368     		ldr	r3, [r4]
 167 0024 9A68     		ldr	r2, [r3, #8]
 168 0026 9204     		lsls	r2, r2, #18
 169 0028 0BD5     		bpl	.L18
 170 002a DB68     		ldr	r3, [r3, #12]
 171 002c 9B05     		lsls	r3, r3, #22
 172 002e 08D5     		bpl	.L18
 173 0030 2046     		mov	r0, r4
 174 0032 FFF7FEFF 		bl	HAL_RTCEx_AlarmBEventCallback
 175 0036 2268     		ldr	r2, [r4]
 176 0038 D368     		ldr	r3, [r2, #12]
 177 003a DBB2     		uxtb	r3, r3
 178 003c 63F42073 		orn	r3, r3, #640
 179 0040 D360     		str	r3, [r2, #12]
 180              	.L18:
ARM GAS  /tmp/cc943rdc.s 			page 4


 181 0042 034B     		ldr	r3, .L31
 182 0044 4FF40032 		mov	r2, #131072
 183 0048 5A61     		str	r2, [r3, #20]
 184 004a 0123     		movs	r3, #1
 185 004c 6377     		strb	r3, [r4, #29]
 186 004e 10BD     		pop	{r4, pc}
 187              	.L32:
 188              		.align	2
 189              	.L31:
 190 0050 003C0140 		.word	1073822720
 192              		.section	.text.HAL_RTC_PollForAlarmAEvent,"ax",%progbits
 193              		.align	1
 194              		.global	HAL_RTC_PollForAlarmAEvent
 195              		.syntax unified
 196              		.thumb
 197              		.thumb_func
 198              		.fpu fpv5-sp-d16
 200              	HAL_RTC_PollForAlarmAEvent:
 201              		@ args = 0, pretend = 0, frame = 0
 202              		@ frame_needed = 0, uses_anonymous_args = 0
 203 0000 70B5     		push	{r4, r5, r6, lr}
 204 0002 0446     		mov	r4, r0
 205 0004 0D46     		mov	r5, r1
 206 0006 FFF7FEFF 		bl	HAL_GetTick
 207 000a 0646     		mov	r6, r0
 208              	.L34:
 209 000c 2268     		ldr	r2, [r4]
 210              	.L35:
 211 000e D368     		ldr	r3, [r2, #12]
 212 0010 DB05     		lsls	r3, r3, #23
 213 0012 08D5     		bpl	.L39
 214 0014 D368     		ldr	r3, [r2, #12]
 215 0016 0020     		movs	r0, #0
 216 0018 DBB2     		uxtb	r3, r3
 217 001a 63F4C073 		orn	r3, r3, #384
 218 001e D360     		str	r3, [r2, #12]
 219 0020 0123     		movs	r3, #1
 220 0022 6377     		strb	r3, [r4, #29]
 221 0024 04E0     		b	.L37
 222              	.L39:
 223 0026 691C     		adds	r1, r5, #1
 224 0028 F1D0     		beq	.L35
 225 002a 15B9     		cbnz	r5, .L36
 226              	.L38:
 227 002c 0320     		movs	r0, #3
 228 002e 6077     		strb	r0, [r4, #29]
 229              	.L37:
 230 0030 70BD     		pop	{r4, r5, r6, pc}
 231              	.L36:
 232 0032 FFF7FEFF 		bl	HAL_GetTick
 233 0036 801B     		subs	r0, r0, r6
 234 0038 A842     		cmp	r0, r5
 235 003a E7D9     		bls	.L34
 236 003c F6E7     		b	.L38
 238              		.section	.text.HAL_RTC_WaitForSynchro,"ax",%progbits
 239              		.align	1
 240              		.global	HAL_RTC_WaitForSynchro
ARM GAS  /tmp/cc943rdc.s 			page 5


 241              		.syntax unified
 242              		.thumb
 243              		.thumb_func
 244              		.fpu fpv5-sp-d16
 246              	HAL_RTC_WaitForSynchro:
 247              		@ args = 0, pretend = 0, frame = 0
 248              		@ frame_needed = 0, uses_anonymous_args = 0
 249 0000 0268     		ldr	r2, [r0]
 250 0002 38B5     		push	{r3, r4, r5, lr}
 251 0004 D368     		ldr	r3, [r2, #12]
 252 0006 0446     		mov	r4, r0
 253 0008 23F0A003 		bic	r3, r3, #160
 254 000c D360     		str	r3, [r2, #12]
 255 000e FFF7FEFF 		bl	HAL_GetTick
 256 0012 0546     		mov	r5, r0
 257              	.L43:
 258 0014 2368     		ldr	r3, [r4]
 259 0016 DB68     		ldr	r3, [r3, #12]
 260 0018 9B06     		lsls	r3, r3, #26
 261 001a 01D5     		bpl	.L45
 262 001c 0020     		movs	r0, #0
 263              	.L44:
 264 001e 38BD     		pop	{r3, r4, r5, pc}
 265              	.L45:
 266 0020 FFF7FEFF 		bl	HAL_GetTick
 267 0024 401B     		subs	r0, r0, r5
 268 0026 B0F57A7F 		cmp	r0, #1000
 269 002a F3D9     		bls	.L43
 270 002c 0320     		movs	r0, #3
 271 002e F6E7     		b	.L44
 273              		.section	.text.HAL_RTC_GetState,"ax",%progbits
 274              		.align	1
 275              		.global	HAL_RTC_GetState
 276              		.syntax unified
 277              		.thumb
 278              		.thumb_func
 279              		.fpu fpv5-sp-d16
 281              	HAL_RTC_GetState:
 282              		@ args = 0, pretend = 0, frame = 0
 283              		@ frame_needed = 0, uses_anonymous_args = 0
 284              		@ link register save eliminated.
 285 0000 407F     		ldrb	r0, [r0, #29]	@ zero_extendqisi2
 286 0002 7047     		bx	lr
 288              		.section	.text.RTC_EnterInitMode,"ax",%progbits
 289              		.align	1
 290              		.global	RTC_EnterInitMode
 291              		.syntax unified
 292              		.thumb
 293              		.thumb_func
 294              		.fpu fpv5-sp-d16
 296              	RTC_EnterInitMode:
 297              		@ args = 0, pretend = 0, frame = 0
 298              		@ frame_needed = 0, uses_anonymous_args = 0
 299 0000 38B5     		push	{r3, r4, r5, lr}
 300 0002 0368     		ldr	r3, [r0]
 301 0004 0446     		mov	r4, r0
 302 0006 DA68     		ldr	r2, [r3, #12]
ARM GAS  /tmp/cc943rdc.s 			page 6


 303 0008 5206     		lsls	r2, r2, #25
 304 000a 01D5     		bpl	.L49
 305              	.L53:
 306 000c 0020     		movs	r0, #0
 307              	.L50:
 308 000e 38BD     		pop	{r3, r4, r5, pc}
 309              	.L49:
 310 0010 4FF0FF32 		mov	r2, #-1
 311 0014 DA60     		str	r2, [r3, #12]
 312 0016 FFF7FEFF 		bl	HAL_GetTick
 313 001a 0546     		mov	r5, r0
 314              	.L51:
 315 001c 2368     		ldr	r3, [r4]
 316 001e DB68     		ldr	r3, [r3, #12]
 317 0020 5B06     		lsls	r3, r3, #25
 318 0022 F3D4     		bmi	.L53
 319 0024 FFF7FEFF 		bl	HAL_GetTick
 320 0028 401B     		subs	r0, r0, r5
 321 002a B0F57A7F 		cmp	r0, #1000
 322 002e F5D9     		bls	.L51
 323 0030 0320     		movs	r0, #3
 324 0032 ECE7     		b	.L50
 326              		.section	.text.HAL_RTC_Init,"ax",%progbits
 327              		.align	1
 328              		.global	HAL_RTC_Init
 329              		.syntax unified
 330              		.thumb
 331              		.thumb_func
 332              		.fpu fpv5-sp-d16
 334              	HAL_RTC_Init:
 335              		@ args = 0, pretend = 0, frame = 0
 336              		@ frame_needed = 0, uses_anonymous_args = 0
 337 0000 38B5     		push	{r3, r4, r5, lr}
 338 0002 0446     		mov	r4, r0
 339 0004 B0B1     		cbz	r0, .L59
 340 0006 437F     		ldrb	r3, [r0, #29]	@ zero_extendqisi2
 341 0008 03F0FF02 		and	r2, r3, #255
 342 000c 13B9     		cbnz	r3, .L57
 343 000e 0277     		strb	r2, [r0, #28]
 344 0010 FFF7FEFF 		bl	HAL_RTC_MspInit
 345              	.L57:
 346 0014 0223     		movs	r3, #2
 347 0016 CA22     		movs	r2, #202
 348 0018 2046     		mov	r0, r4
 349 001a 6377     		strb	r3, [r4, #29]
 350 001c 2368     		ldr	r3, [r4]
 351 001e 5A62     		str	r2, [r3, #36]
 352 0020 5322     		movs	r2, #83
 353 0022 5A62     		str	r2, [r3, #36]
 354 0024 FFF7FEFF 		bl	RTC_EnterInitMode
 355 0028 2368     		ldr	r3, [r4]
 356 002a 28B1     		cbz	r0, .L58
 357 002c FF22     		movs	r2, #255
 358 002e 5A62     		str	r2, [r3, #36]
 359 0030 0423     		movs	r3, #4
 360 0032 6377     		strb	r3, [r4, #29]
 361              	.L59:
ARM GAS  /tmp/cc943rdc.s 			page 7


 362 0034 0120     		movs	r0, #1
 363 0036 24E0     		b	.L56
 364              	.L58:
 365 0038 9A68     		ldr	r2, [r3, #8]
 366 003a 2569     		ldr	r5, [r4, #16]
 367 003c 22F4E002 		bic	r2, r2, #7340032
 368 0040 22F04002 		bic	r2, r2, #64
 369 0044 9A60     		str	r2, [r3, #8]
 370 0046 6268     		ldr	r2, [r4, #4]
 371 0048 9968     		ldr	r1, [r3, #8]
 372 004a 2A43     		orrs	r2, r2, r5
 373 004c 6569     		ldr	r5, [r4, #20]
 374 004e 2A43     		orrs	r2, r2, r5
 375 0050 0A43     		orrs	r2, r2, r1
 376 0052 A168     		ldr	r1, [r4, #8]
 377 0054 9A60     		str	r2, [r3, #8]
 378 0056 E268     		ldr	r2, [r4, #12]
 379 0058 1A61     		str	r2, [r3, #16]
 380 005a 1A69     		ldr	r2, [r3, #16]
 381 005c 42EA0142 		orr	r2, r2, r1, lsl #16
 382 0060 A169     		ldr	r1, [r4, #24]
 383 0062 1A61     		str	r2, [r3, #16]
 384 0064 DA68     		ldr	r2, [r3, #12]
 385 0066 22F08002 		bic	r2, r2, #128
 386 006a DA60     		str	r2, [r3, #12]
 387 006c DA6C     		ldr	r2, [r3, #76]
 388 006e 22F00802 		bic	r2, r2, #8
 389 0072 DA64     		str	r2, [r3, #76]
 390 0074 DA6C     		ldr	r2, [r3, #76]
 391 0076 0A43     		orrs	r2, r2, r1
 392 0078 DA64     		str	r2, [r3, #76]
 393 007a FF22     		movs	r2, #255
 394 007c 5A62     		str	r2, [r3, #36]
 395 007e 0123     		movs	r3, #1
 396 0080 6377     		strb	r3, [r4, #29]
 397              	.L56:
 398 0082 38BD     		pop	{r3, r4, r5, pc}
 400              		.section	.text.HAL_RTC_DeInit,"ax",%progbits
 401              		.align	1
 402              		.global	HAL_RTC_DeInit
 403              		.syntax unified
 404              		.thumb
 405              		.thumb_func
 406              		.fpu fpv5-sp-d16
 408              	HAL_RTC_DeInit:
 409              		@ args = 0, pretend = 0, frame = 0
 410              		@ frame_needed = 0, uses_anonymous_args = 0
 411 0000 0223     		movs	r3, #2
 412 0002 CA22     		movs	r2, #202
 413 0004 70B5     		push	{r4, r5, r6, lr}
 414 0006 4377     		strb	r3, [r0, #29]
 415 0008 0446     		mov	r4, r0
 416 000a 0368     		ldr	r3, [r0]
 417 000c 5A62     		str	r2, [r3, #36]
 418 000e 5322     		movs	r2, #83
 419 0010 5A62     		str	r2, [r3, #36]
 420 0012 FFF7FEFF 		bl	RTC_EnterInitMode
ARM GAS  /tmp/cc943rdc.s 			page 8


 421 0016 2368     		ldr	r3, [r4]
 422 0018 0546     		mov	r5, r0
 423 001a 28B1     		cbz	r0, .L61
 424              	.L70:
 425 001c FF22     		movs	r2, #255
 426 001e 0125     		movs	r5, #1
 427 0020 5A62     		str	r2, [r3, #36]
 428 0022 0423     		movs	r3, #4
 429 0024 6377     		strb	r3, [r4, #29]
 430 0026 33E0     		b	.L62
 431              	.L61:
 432 0028 42F20112 		movw	r2, #8449
 433 002c 1860     		str	r0, [r3]
 434 002e 5A60     		str	r2, [r3, #4]
 435 0030 9A68     		ldr	r2, [r3, #8]
 436 0032 02F00702 		and	r2, r2, #7
 437 0036 9A60     		str	r2, [r3, #8]
 438 0038 FFF7FEFF 		bl	HAL_GetTick
 439 003c 0646     		mov	r6, r0
 440              	.L63:
 441 003e 2368     		ldr	r3, [r4]
 442 0040 DA68     		ldr	r2, [r3, #12]
 443 0042 5207     		lsls	r2, r2, #29
 444 0044 19D5     		bpl	.L64
 445 0046 9A68     		ldr	r2, [r3, #8]
 446 0048 4FF6FF71 		movw	r1, #65535
 447 004c 0022     		movs	r2, #0
 448 004e 9A60     		str	r2, [r3, #8]
 449 0050 5961     		str	r1, [r3, #20]
 450 0052 1549     		ldr	r1, .L71
 451 0054 1961     		str	r1, [r3, #16]
 452 0056 DA61     		str	r2, [r3, #28]
 453 0058 1A62     		str	r2, [r3, #32]
 454 005a DA62     		str	r2, [r3, #44]
 455 005c DA63     		str	r2, [r3, #60]
 456 005e 5A64     		str	r2, [r3, #68]
 457 0060 9A64     		str	r2, [r3, #72]
 458 0062 DA60     		str	r2, [r3, #12]
 459 0064 1A64     		str	r2, [r3, #64]
 460 0066 DA64     		str	r2, [r3, #76]
 461 0068 9B68     		ldr	r3, [r3, #8]
 462 006a 9B06     		lsls	r3, r3, #26
 463 006c 12D4     		bmi	.L65
 464 006e 2046     		mov	r0, r4
 465 0070 FFF7FEFF 		bl	HAL_RTC_WaitForSynchro
 466 0074 70B1     		cbz	r0, .L65
 467 0076 2368     		ldr	r3, [r4]
 468 0078 D0E7     		b	.L70
 469              	.L64:
 470 007a FFF7FEFF 		bl	HAL_GetTick
 471 007e 801B     		subs	r0, r0, r6
 472 0080 B0F57A7F 		cmp	r0, #1000
 473 0084 DBD9     		bls	.L63
 474 0086 2368     		ldr	r3, [r4]
 475 0088 FF22     		movs	r2, #255
 476 008a 0325     		movs	r5, #3
 477 008c 5A62     		str	r2, [r3, #36]
ARM GAS  /tmp/cc943rdc.s 			page 9


 478 008e 6577     		strb	r5, [r4, #29]
 479              	.L62:
 480 0090 2846     		mov	r0, r5
 481 0092 70BD     		pop	{r4, r5, r6, pc}
 482              	.L65:
 483 0094 2368     		ldr	r3, [r4]
 484 0096 FF22     		movs	r2, #255
 485 0098 2046     		mov	r0, r4
 486 009a 5A62     		str	r2, [r3, #36]
 487 009c FFF7FEFF 		bl	HAL_RTC_MspDeInit
 488 00a0 0023     		movs	r3, #0
 489 00a2 6377     		strb	r3, [r4, #29]
 490 00a4 2377     		strb	r3, [r4, #28]
 491 00a6 F3E7     		b	.L62
 492              	.L72:
 493              		.align	2
 494              	.L71:
 495 00a8 FF007F00 		.word	8323327
 497              		.section	.text.RTC_ByteToBcd2,"ax",%progbits
 498              		.align	1
 499              		.global	RTC_ByteToBcd2
 500              		.syntax unified
 501              		.thumb
 502              		.thumb_func
 503              		.fpu fpv5-sp-d16
 505              	RTC_ByteToBcd2:
 506              		@ args = 0, pretend = 0, frame = 0
 507              		@ frame_needed = 0, uses_anonymous_args = 0
 508              		@ link register save eliminated.
 509 0000 0023     		movs	r3, #0
 510              	.L74:
 511 0002 0928     		cmp	r0, #9
 512 0004 03D8     		bhi	.L75
 513 0006 40EA0310 		orr	r0, r0, r3, lsl #4
 514 000a C0B2     		uxtb	r0, r0
 515 000c 7047     		bx	lr
 516              	.L75:
 517 000e 0A38     		subs	r0, r0, #10
 518 0010 0133     		adds	r3, r3, #1
 519 0012 C0B2     		uxtb	r0, r0
 520 0014 F5E7     		b	.L74
 522              		.section	.text.HAL_RTC_SetTime,"ax",%progbits
 523              		.align	1
 524              		.global	HAL_RTC_SetTime
 525              		.syntax unified
 526              		.thumb
 527              		.thumb_func
 528              		.fpu fpv5-sp-d16
 530              	HAL_RTC_SetTime:
 531              		@ args = 0, pretend = 0, frame = 0
 532              		@ frame_needed = 0, uses_anonymous_args = 0
 533 0000 F8B5     		push	{r3, r4, r5, r6, r7, lr}
 534 0002 037F     		ldrb	r3, [r0, #28]	@ zero_extendqisi2
 535 0004 0546     		mov	r5, r0
 536 0006 0E46     		mov	r6, r1
 537 0008 0227     		movs	r7, #2
 538 000a 012B     		cmp	r3, #1
ARM GAS  /tmp/cc943rdc.s 			page 10


 539 000c 2ED0     		beq	.L77
 540 000e 0123     		movs	r3, #1
 541 0010 0168     		ldr	r1, [r0]
 542 0012 4777     		strb	r7, [r0, #29]
 543 0014 0377     		strb	r3, [r0, #28]
 544 0016 8B68     		ldr	r3, [r1, #8]
 545 0018 3078     		ldrb	r0, [r6]	@ zero_extendqisi2
 546 001a 7478     		ldrb	r4, [r6, #1]	@ zero_extendqisi2
 547 001c B778     		ldrb	r7, [r6, #2]	@ zero_extendqisi2
 548 001e 3ABB     		cbnz	r2, .L78
 549 0020 13F04003 		ands	r3, r3, #64
 550 0024 08BF     		it	eq
 551 0026 3373     		strbeq	r3, [r6, #12]
 552 0028 FFF7FEFF 		bl	RTC_ByteToBcd2
 553 002c 0246     		mov	r2, r0
 554 002e 2046     		mov	r0, r4
 555 0030 FFF7FEFF 		bl	RTC_ByteToBcd2
 556 0034 0446     		mov	r4, r0
 557 0036 3846     		mov	r0, r7
 558 0038 FFF7FEFF 		bl	RTC_ByteToBcd2
 559 003c 337B     		ldrb	r3, [r6, #12]	@ zero_extendqisi2
 560 003e 40EA0340 		orr	r0, r0, r3, lsl #16
 561 0042 40EA0240 		orr	r0, r0, r2, lsl #16
 562 0046 40EA0424 		orr	r4, r0, r4, lsl #8
 563              	.L80:
 564 004a CA23     		movs	r3, #202
 565 004c 2846     		mov	r0, r5
 566 004e 4B62     		str	r3, [r1, #36]
 567 0050 5323     		movs	r3, #83
 568 0052 4B62     		str	r3, [r1, #36]
 569 0054 FFF7FEFF 		bl	RTC_EnterInitMode
 570 0058 2B68     		ldr	r3, [r5]
 571 005a 0746     		mov	r7, r0
 572 005c A8B1     		cbz	r0, .L82
 573 005e FF22     		movs	r2, #255
 574 0060 5A62     		str	r2, [r3, #36]
 575 0062 0423     		movs	r3, #4
 576 0064 6B77     		strb	r3, [r5, #29]
 577 0066 0023     		movs	r3, #0
 578 0068 2B77     		strb	r3, [r5, #28]
 579              	.L88:
 580 006a 0127     		movs	r7, #1
 581              	.L77:
 582 006c 3846     		mov	r0, r7
 583 006e F8BD     		pop	{r3, r4, r5, r6, r7, pc}
 584              	.L78:
 585 0070 2402     		lsls	r4, r4, #8
 586 0072 13F04003 		ands	r3, r3, #64
 587 0076 44EA0044 		orr	r4, r4, r0, lsl #16
 588 007a 08BF     		it	eq
 589 007c 3373     		strbeq	r3, [r6, #12]
 590 007e 44EA0700 		orr	r0, r4, r7
 591 0082 347B     		ldrb	r4, [r6, #12]	@ zero_extendqisi2
 592 0084 40EA0444 		orr	r4, r0, r4, lsl #16
 593 0088 DFE7     		b	.L80
 594              	.L82:
 595 008a 04F07F34 		and	r4, r4, #2139062143
ARM GAS  /tmp/cc943rdc.s 			page 11


 596 008e 24F0FE44 		bic	r4, r4, #2130706432
 597 0092 1C60     		str	r4, [r3]
 598 0094 9A68     		ldr	r2, [r3, #8]
 599 0096 22F48022 		bic	r2, r2, #262144
 600 009a 9A60     		str	r2, [r3, #8]
 601 009c 9968     		ldr	r1, [r3, #8]
 602 009e D6E90420 		ldrd	r2, r0, [r6, #16]
 603 00a2 0243     		orrs	r2, r2, r0
 604 00a4 0A43     		orrs	r2, r2, r1
 605 00a6 9A60     		str	r2, [r3, #8]
 606 00a8 DA68     		ldr	r2, [r3, #12]
 607 00aa 22F08002 		bic	r2, r2, #128
 608 00ae DA60     		str	r2, [r3, #12]
 609 00b0 9B68     		ldr	r3, [r3, #8]
 610 00b2 9B06     		lsls	r3, r3, #26
 611 00b4 0AD4     		bmi	.L83
 612 00b6 2846     		mov	r0, r5
 613 00b8 FFF7FEFF 		bl	HAL_RTC_WaitForSynchro
 614 00bc 30B1     		cbz	r0, .L83
 615 00be 2B68     		ldr	r3, [r5]
 616 00c0 FF22     		movs	r2, #255
 617 00c2 5A62     		str	r2, [r3, #36]
 618 00c4 0423     		movs	r3, #4
 619 00c6 2F77     		strb	r7, [r5, #28]
 620 00c8 6B77     		strb	r3, [r5, #29]
 621 00ca CEE7     		b	.L88
 622              	.L83:
 623 00cc 2B68     		ldr	r3, [r5]
 624 00ce FF22     		movs	r2, #255
 625 00d0 5A62     		str	r2, [r3, #36]
 626 00d2 0123     		movs	r3, #1
 627 00d4 6B77     		strb	r3, [r5, #29]
 628 00d6 0023     		movs	r3, #0
 629 00d8 2B77     		strb	r3, [r5, #28]
 630 00da C7E7     		b	.L77
 632              		.section	.text.HAL_RTC_SetDate,"ax",%progbits
 633              		.align	1
 634              		.global	HAL_RTC_SetDate
 635              		.syntax unified
 636              		.thumb
 637              		.thumb_func
 638              		.fpu fpv5-sp-d16
 640              	HAL_RTC_SetDate:
 641              		@ args = 0, pretend = 0, frame = 0
 642              		@ frame_needed = 0, uses_anonymous_args = 0
 643 0000 F8B5     		push	{r3, r4, r5, r6, r7, lr}
 644 0002 037F     		ldrb	r3, [r0, #28]	@ zero_extendqisi2
 645 0004 0546     		mov	r5, r0
 646 0006 0226     		movs	r6, #2
 647 0008 012B     		cmp	r3, #1
 648 000a 30D0     		beq	.L103
 649 000c 0123     		movs	r3, #1
 650 000e 4677     		strb	r6, [r0, #29]
 651 0010 0377     		strb	r3, [r0, #28]
 652 0012 0C78     		ldrb	r4, [r1]	@ zero_extendqisi2
 653 0014 C878     		ldrb	r0, [r1, #3]	@ zero_extendqisi2
 654 0016 4B78     		ldrb	r3, [r1, #1]	@ zero_extendqisi2
ARM GAS  /tmp/cc943rdc.s 			page 12


 655 0018 6403     		lsls	r4, r4, #13
 656 001a 8E78     		ldrb	r6, [r1, #2]	@ zero_extendqisi2
 657 001c 002A     		cmp	r2, #0
 658 001e 47D1     		bne	.L91
 659 0020 DA06     		lsls	r2, r3, #27
 660 0022 03D5     		bpl	.L92
 661 0024 23F01003 		bic	r3, r3, #16
 662 0028 0A33     		adds	r3, r3, #10
 663 002a 4B70     		strb	r3, [r1, #1]
 664              	.L92:
 665 002c FFF7FEFF 		bl	RTC_ByteToBcd2
 666 0030 0746     		mov	r7, r0
 667 0032 4878     		ldrb	r0, [r1, #1]	@ zero_extendqisi2
 668 0034 FFF7FEFF 		bl	RTC_ByteToBcd2
 669 0038 0246     		mov	r2, r0
 670 003a 3046     		mov	r0, r6
 671 003c FFF7FEFF 		bl	RTC_ByteToBcd2
 672 0040 2043     		orrs	r0, r0, r4
 673 0042 40EA0740 		orr	r0, r0, r7, lsl #16
 674 0046 40EA0224 		orr	r4, r0, r2, lsl #8
 675              	.L95:
 676 004a 2B68     		ldr	r3, [r5]
 677 004c CA22     		movs	r2, #202
 678 004e 2846     		mov	r0, r5
 679 0050 5A62     		str	r2, [r3, #36]
 680 0052 5322     		movs	r2, #83
 681 0054 5A62     		str	r2, [r3, #36]
 682 0056 FFF7FEFF 		bl	RTC_EnterInitMode
 683 005a 2B68     		ldr	r3, [r5]
 684 005c 0646     		mov	r6, r0
 685 005e 40B1     		cbz	r0, .L93
 686 0060 FF22     		movs	r2, #255
 687 0062 5A62     		str	r2, [r3, #36]
 688 0064 0423     		movs	r3, #4
 689 0066 6B77     		strb	r3, [r5, #29]
 690 0068 0023     		movs	r3, #0
 691 006a 2B77     		strb	r3, [r5, #28]
 692              	.L104:
 693 006c 0126     		movs	r6, #1
 694              	.L103:
 695 006e 3046     		mov	r0, r6
 696 0070 F8BD     		pop	{r3, r4, r5, r6, r7, pc}
 697              	.L93:
 698 0072 24F07F44 		bic	r4, r4, #-16777216
 699 0076 24F0C004 		bic	r4, r4, #192
 700 007a 5C60     		str	r4, [r3, #4]
 701 007c DA68     		ldr	r2, [r3, #12]
 702 007e 22F08002 		bic	r2, r2, #128
 703 0082 DA60     		str	r2, [r3, #12]
 704 0084 9B68     		ldr	r3, [r3, #8]
 705 0086 9B06     		lsls	r3, r3, #26
 706 0088 0AD4     		bmi	.L94
 707 008a 2846     		mov	r0, r5
 708 008c FFF7FEFF 		bl	HAL_RTC_WaitForSynchro
 709 0090 30B1     		cbz	r0, .L94
 710 0092 2B68     		ldr	r3, [r5]
 711 0094 FF22     		movs	r2, #255
ARM GAS  /tmp/cc943rdc.s 			page 13


 712 0096 5A62     		str	r2, [r3, #36]
 713 0098 0423     		movs	r3, #4
 714 009a 2E77     		strb	r6, [r5, #28]
 715 009c 6B77     		strb	r3, [r5, #29]
 716 009e E5E7     		b	.L104
 717              	.L94:
 718 00a0 2B68     		ldr	r3, [r5]
 719 00a2 FF22     		movs	r2, #255
 720 00a4 5A62     		str	r2, [r3, #36]
 721 00a6 0123     		movs	r3, #1
 722 00a8 6B77     		strb	r3, [r5, #29]
 723 00aa 0023     		movs	r3, #0
 724 00ac 2B77     		strb	r3, [r5, #28]
 725 00ae DEE7     		b	.L103
 726              	.L91:
 727 00b0 44EA0040 		orr	r0, r4, r0, lsl #16
 728 00b4 3043     		orrs	r0, r0, r6
 729 00b6 40EA0324 		orr	r4, r0, r3, lsl #8
 730 00ba C6E7     		b	.L95
 732              		.section	.text.HAL_RTC_SetAlarm,"ax",%progbits
 733              		.align	1
 734              		.global	HAL_RTC_SetAlarm
 735              		.syntax unified
 736              		.thumb
 737              		.thumb_func
 738              		.fpu fpv5-sp-d16
 740              	HAL_RTC_SetAlarm:
 741              		@ args = 0, pretend = 0, frame = 0
 742              		@ frame_needed = 0, uses_anonymous_args = 0
 743 0000 2DE9F84F 		push	{r3, r4, r5, r6, r7, r8, r9, r10, fp, lr}
 744 0004 037F     		ldrb	r3, [r0, #28]	@ zero_extendqisi2
 745 0006 0646     		mov	r6, r0
 746 0008 0220     		movs	r0, #2
 747 000a 012B     		cmp	r3, #1
 748 000c 75D0     		beq	.L106
 749 000e 0123     		movs	r3, #1
 750 0010 3768     		ldr	r7, [r6]
 751 0012 7077     		strb	r0, [r6, #29]
 752 0014 3377     		strb	r3, [r6, #28]
 753 0016 0D6A     		ldr	r5, [r1, #32]
 754 0018 0878     		ldrb	r0, [r1]	@ zero_extendqisi2
 755 001a 91F801A0 		ldrb	r10, [r1, #1]	@ zero_extendqisi2
 756 001e 91F802B0 		ldrb	fp, [r1, #2]	@ zero_extendqisi2
 757 0022 91F82480 		ldrb	r8, [r1, #36]	@ zero_extendqisi2
 758 0026 BB68     		ldr	r3, [r7, #8]
 759 0028 002A     		cmp	r2, #0
 760 002a 47D1     		bne	.L107
 761 002c 13F04003 		ands	r3, r3, #64
 762 0030 08BF     		it	eq
 763 0032 0B73     		strbeq	r3, [r1, #12]
 764 0034 FFF7FEFF 		bl	RTC_ByteToBcd2
 765 0038 8146     		mov	r9, r0
 766 003a 5046     		mov	r0, r10
 767 003c FFF7FEFF 		bl	RTC_ByteToBcd2
 768 0040 0246     		mov	r2, r0
 769 0042 5846     		mov	r0, fp
 770 0044 FFF7FEFF 		bl	RTC_ByteToBcd2
ARM GAS  /tmp/cc943rdc.s 			page 14


 771 0048 8246     		mov	r10, r0
 772 004a 4046     		mov	r0, r8
 773 004c FFF7FEFF 		bl	RTC_ByteToBcd2
 774 0050 8B69     		ldr	r3, [r1, #24]
 775 0052 0C7B     		ldrb	r4, [r1, #12]	@ zero_extendqisi2
 776 0054 1D43     		orrs	r5, r5, r3
 777 0056 45EA0444 		orr	r4, r5, r4, lsl #16
 778 005a 44EA0A04 		orr	r4, r4, r10
 779 005e 44EA0944 		orr	r4, r4, r9, lsl #16
 780 0062 44EA0224 		orr	r4, r4, r2, lsl #8
 781 0066 44EA0064 		orr	r4, r4, r0, lsl #24
 782              	.L109:
 783 006a CB69     		ldr	r3, [r1, #28]
 784 006c 4D68     		ldr	r5, [r1, #4]
 785 006e 1D43     		orrs	r5, r5, r3
 786 0070 CA23     		movs	r3, #202
 787 0072 7B62     		str	r3, [r7, #36]
 788 0074 5323     		movs	r3, #83
 789 0076 7B62     		str	r3, [r7, #36]
 790 0078 8B6A     		ldr	r3, [r1, #40]
 791 007a B3F5807F 		cmp	r3, #256
 792 007e BB68     		ldr	r3, [r7, #8]
 793 0080 3DD1     		bne	.L111
 794 0082 23F48073 		bic	r3, r3, #256
 795 0086 BB60     		str	r3, [r7, #8]
 796 0088 BB68     		ldr	r3, [r7, #8]
 797 008a 23F48053 		bic	r3, r3, #4096
 798 008e BB60     		str	r3, [r7, #8]
 799 0090 FFF7FEFF 		bl	HAL_GetTick
 800 0094 8046     		mov	r8, r0
 801              	.L112:
 802 0096 3368     		ldr	r3, [r6]
 803 0098 DF68     		ldr	r7, [r3, #12]
 804 009a 17F00107 		ands	r7, r7, #1
 805 009e 1FD0     		beq	.L113
 806 00a0 DC61     		str	r4, [r3, #28]
 807 00a2 5D64     		str	r5, [r3, #68]
 808 00a4 9A68     		ldr	r2, [r3, #8]
 809 00a6 42F48072 		orr	r2, r2, #256
 810              	.L120:
 811 00aa 9A60     		str	r2, [r3, #8]
 812 00ac FF22     		movs	r2, #255
 813 00ae 3368     		ldr	r3, [r6]
 814 00b0 0020     		movs	r0, #0
 815 00b2 5A62     		str	r2, [r3, #36]
 816 00b4 0123     		movs	r3, #1
 817 00b6 3077     		strb	r0, [r6, #28]
 818 00b8 7377     		strb	r3, [r6, #29]
 819 00ba 1EE0     		b	.L106
 820              	.L107:
 821 00bc 13F04003 		ands	r3, r3, #64
 822 00c0 08BF     		it	eq
 823 00c2 0B73     		strbeq	r3, [r1, #12]
 824 00c4 8B69     		ldr	r3, [r1, #24]
 825 00c6 1D43     		orrs	r5, r5, r3
 826 00c8 45EA0B05 		orr	r5, r5, fp
 827 00cc 45EA0044 		orr	r4, r5, r0, lsl #16
ARM GAS  /tmp/cc943rdc.s 			page 15


 828 00d0 0D7B     		ldrb	r5, [r1, #12]	@ zero_extendqisi2
 829 00d2 44EA0A24 		orr	r4, r4, r10, lsl #8
 830 00d6 44EA0544 		orr	r4, r4, r5, lsl #16
 831 00da 44EA0864 		orr	r4, r4, r8, lsl #24
 832 00de C4E7     		b	.L109
 833              	.L113:
 834 00e0 FFF7FEFF 		bl	HAL_GetTick
 835 00e4 A0EB0800 		sub	r0, r0, r8
 836 00e8 B0F57A7F 		cmp	r0, #1000
 837 00ec D3D9     		bls	.L112
 838              	.L121:
 839 00ee 3368     		ldr	r3, [r6]
 840 00f0 FF22     		movs	r2, #255
 841 00f2 0320     		movs	r0, #3
 842 00f4 5A62     		str	r2, [r3, #36]
 843 00f6 7077     		strb	r0, [r6, #29]
 844 00f8 3777     		strb	r7, [r6, #28]
 845              	.L106:
 846 00fa BDE8F88F 		pop	{r3, r4, r5, r6, r7, r8, r9, r10, fp, pc}
 847              	.L111:
 848 00fe 23F40073 		bic	r3, r3, #512
 849 0102 BB60     		str	r3, [r7, #8]
 850 0104 BB68     		ldr	r3, [r7, #8]
 851 0106 23F40053 		bic	r3, r3, #8192
 852 010a BB60     		str	r3, [r7, #8]
 853 010c FFF7FEFF 		bl	HAL_GetTick
 854 0110 8046     		mov	r8, r0
 855              	.L115:
 856 0112 3368     		ldr	r3, [r6]
 857 0114 DF68     		ldr	r7, [r3, #12]
 858 0116 17F00207 		ands	r7, r7, #2
 859 011a 05D0     		beq	.L116
 860 011c 1C62     		str	r4, [r3, #32]
 861 011e 9D64     		str	r5, [r3, #72]
 862 0120 9A68     		ldr	r2, [r3, #8]
 863 0122 42F40072 		orr	r2, r2, #512
 864 0126 C0E7     		b	.L120
 865              	.L116:
 866 0128 FFF7FEFF 		bl	HAL_GetTick
 867 012c A0EB0800 		sub	r0, r0, r8
 868 0130 B0F57A7F 		cmp	r0, #1000
 869 0134 EDD9     		bls	.L115
 870 0136 DAE7     		b	.L121
 872              		.section	.text.HAL_RTC_SetAlarm_IT,"ax",%progbits
 873              		.align	1
 874              		.global	HAL_RTC_SetAlarm_IT
 875              		.syntax unified
 876              		.thumb
 877              		.thumb_func
 878              		.fpu fpv5-sp-d16
 880              	HAL_RTC_SetAlarm_IT:
 881              		@ args = 0, pretend = 0, frame = 8
 882              		@ frame_needed = 0, uses_anonymous_args = 0
 883 0000 534B     		ldr	r3, .L141
 884 0002 2DE9F347 		push	{r0, r1, r4, r5, r6, r7, r8, r9, r10, lr}
 885 0006 1B68     		ldr	r3, [r3]
 886 0008 0646     		mov	r6, r0
ARM GAS  /tmp/cc943rdc.s 			page 16


 887 000a 4FF4FA40 		mov	r0, #32000
 888 000e B3FBF0F0 		udiv	r0, r3, r0
 889 0012 4FF47A73 		mov	r3, #1000
 890 0016 4343     		muls	r3, r0, r3
 891 0018 0220     		movs	r0, #2
 892 001a 0193     		str	r3, [sp, #4]
 893 001c 337F     		ldrb	r3, [r6, #28]	@ zero_extendqisi2
 894 001e 012B     		cmp	r3, #1
 895 0020 4AD0     		beq	.L123
 896 0022 0123     		movs	r3, #1
 897 0024 3468     		ldr	r4, [r6]
 898 0026 7077     		strb	r0, [r6, #29]
 899 0028 3377     		strb	r3, [r6, #28]
 900 002a 0D6A     		ldr	r5, [r1, #32]
 901 002c 0878     		ldrb	r0, [r1]	@ zero_extendqisi2
 902 002e 91F80190 		ldrb	r9, [r1, #1]	@ zero_extendqisi2
 903 0032 91F802A0 		ldrb	r10, [r1, #2]	@ zero_extendqisi2
 904 0036 91F82470 		ldrb	r7, [r1, #36]	@ zero_extendqisi2
 905 003a A368     		ldr	r3, [r4, #8]
 906 003c 002A     		cmp	r2, #0
 907 003e 3ED1     		bne	.L124
 908 0040 13F04003 		ands	r3, r3, #64
 909 0044 08BF     		it	eq
 910 0046 0B73     		strbeq	r3, [r1, #12]
 911 0048 FFF7FEFF 		bl	RTC_ByteToBcd2
 912 004c 8046     		mov	r8, r0
 913 004e 4846     		mov	r0, r9
 914 0050 FFF7FEFF 		bl	RTC_ByteToBcd2
 915 0054 0246     		mov	r2, r0
 916 0056 5046     		mov	r0, r10
 917 0058 FFF7FEFF 		bl	RTC_ByteToBcd2
 918 005c 8146     		mov	r9, r0
 919 005e 3846     		mov	r0, r7
 920 0060 FFF7FEFF 		bl	RTC_ByteToBcd2
 921 0064 8B69     		ldr	r3, [r1, #24]
 922 0066 2B43     		orrs	r3, r3, r5
 923 0068 0D7B     		ldrb	r5, [r1, #12]	@ zero_extendqisi2
 924 006a 43EA0543 		orr	r3, r3, r5, lsl #16
 925 006e 43EA0903 		orr	r3, r3, r9
 926 0072 43EA0843 		orr	r3, r3, r8, lsl #16
 927 0076 43EA0223 		orr	r3, r3, r2, lsl #8
 928 007a 43EA0060 		orr	r0, r3, r0, lsl #24
 929              	.L126:
 930 007e CB69     		ldr	r3, [r1, #28]
 931 0080 4A68     		ldr	r2, [r1, #4]
 932 0082 1A43     		orrs	r2, r2, r3
 933 0084 CA23     		movs	r3, #202
 934 0086 6362     		str	r3, [r4, #36]
 935 0088 5323     		movs	r3, #83
 936 008a 6362     		str	r3, [r4, #36]
 937 008c 8B6A     		ldr	r3, [r1, #40]
 938 008e B3F5807F 		cmp	r3, #256
 939 0092 A368     		ldr	r3, [r4, #8]
 940 0094 42D1     		bne	.L128
 941 0096 23F48073 		bic	r3, r3, #256
 942 009a A360     		str	r3, [r4, #8]
 943 009c E368     		ldr	r3, [r4, #12]
ARM GAS  /tmp/cc943rdc.s 			page 17


 944 009e DBB2     		uxtb	r3, r3
 945 00a0 63F4C073 		orn	r3, r3, #384
 946 00a4 E360     		str	r3, [r4, #12]
 947              	.L130:
 948 00a6 019B     		ldr	r3, [sp, #4]
 949 00a8 591E     		subs	r1, r3, #1
 950 00aa 0191     		str	r1, [sp, #4]
 951 00ac CBB9     		cbnz	r3, .L129
 952              	.L140:
 953 00ae FF22     		movs	r2, #255
 954 00b0 0320     		movs	r0, #3
 955 00b2 6262     		str	r2, [r4, #36]
 956 00b4 7077     		strb	r0, [r6, #29]
 957 00b6 3377     		strb	r3, [r6, #28]
 958              	.L123:
 959 00b8 02B0     		add	sp, sp, #8
 960              		@ sp needed
 961 00ba BDE8F087 		pop	{r4, r5, r6, r7, r8, r9, r10, pc}
 962              	.L124:
 963 00be 13F04003 		ands	r3, r3, #64
 964 00c2 08BF     		it	eq
 965 00c4 0B73     		strbeq	r3, [r1, #12]
 966 00c6 8B69     		ldr	r3, [r1, #24]
 967 00c8 1D43     		orrs	r5, r5, r3
 968 00ca 45EA0A05 		orr	r5, r5, r10
 969 00ce 45EA0040 		orr	r0, r5, r0, lsl #16
 970 00d2 0D7B     		ldrb	r5, [r1, #12]	@ zero_extendqisi2
 971 00d4 40EA0920 		orr	r0, r0, r9, lsl #8
 972 00d8 40EA0540 		orr	r0, r0, r5, lsl #16
 973 00dc 40EA0760 		orr	r0, r0, r7, lsl #24
 974 00e0 CDE7     		b	.L126
 975              	.L129:
 976 00e2 E368     		ldr	r3, [r4, #12]
 977 00e4 D907     		lsls	r1, r3, #31
 978 00e6 DED5     		bpl	.L130
 979 00e8 E061     		str	r0, [r4, #28]
 980 00ea 6264     		str	r2, [r4, #68]
 981 00ec A368     		ldr	r3, [r4, #8]
 982 00ee 43F48073 		orr	r3, r3, #256
 983 00f2 A360     		str	r3, [r4, #8]
 984 00f4 A368     		ldr	r3, [r4, #8]
 985 00f6 43F48053 		orr	r3, r3, #4096
 986              	.L139:
 987 00fa A360     		str	r3, [r4, #8]
 988 00fc 0020     		movs	r0, #0
 989 00fe 154B     		ldr	r3, .L141+4
 990 0100 1A68     		ldr	r2, [r3]
 991 0102 42F40032 		orr	r2, r2, #131072
 992 0106 1A60     		str	r2, [r3]
 993 0108 9A68     		ldr	r2, [r3, #8]
 994 010a 42F40032 		orr	r2, r2, #131072
 995 010e 9A60     		str	r2, [r3, #8]
 996 0110 FF23     		movs	r3, #255
 997 0112 6362     		str	r3, [r4, #36]
 998 0114 0123     		movs	r3, #1
 999 0116 3077     		strb	r0, [r6, #28]
 1000 0118 7377     		strb	r3, [r6, #29]
ARM GAS  /tmp/cc943rdc.s 			page 18


 1001 011a CDE7     		b	.L123
 1002              	.L128:
 1003 011c 23F40073 		bic	r3, r3, #512
 1004 0120 A360     		str	r3, [r4, #8]
 1005 0122 E368     		ldr	r3, [r4, #12]
 1006 0124 DBB2     		uxtb	r3, r3
 1007 0126 63F42073 		orn	r3, r3, #640
 1008 012a E360     		str	r3, [r4, #12]
 1009              	.L133:
 1010 012c 019B     		ldr	r3, [sp, #4]
 1011 012e 591E     		subs	r1, r3, #1
 1012 0130 0191     		str	r1, [sp, #4]
 1013 0132 002B     		cmp	r3, #0
 1014 0134 BBD0     		beq	.L140
 1015 0136 E368     		ldr	r3, [r4, #12]
 1016 0138 9B07     		lsls	r3, r3, #30
 1017 013a F7D5     		bpl	.L133
 1018 013c 2062     		str	r0, [r4, #32]
 1019 013e A264     		str	r2, [r4, #72]
 1020 0140 A368     		ldr	r3, [r4, #8]
 1021 0142 43F40073 		orr	r3, r3, #512
 1022 0146 A360     		str	r3, [r4, #8]
 1023 0148 A368     		ldr	r3, [r4, #8]
 1024 014a 43F40053 		orr	r3, r3, #8192
 1025 014e D4E7     		b	.L139
 1026              	.L142:
 1027              		.align	2
 1028              	.L141:
 1029 0150 00000000 		.word	SystemCoreClock
 1030 0154 003C0140 		.word	1073822720
 1032              		.section	.text.RTC_Bcd2ToByte,"ax",%progbits
 1033              		.align	1
 1034              		.global	RTC_Bcd2ToByte
 1035              		.syntax unified
 1036              		.thumb
 1037              		.thumb_func
 1038              		.fpu fpv5-sp-d16
 1040              	RTC_Bcd2ToByte:
 1041              		@ args = 0, pretend = 0, frame = 0
 1042              		@ frame_needed = 0, uses_anonymous_args = 0
 1043              		@ link register save eliminated.
 1044 0000 0309     		lsrs	r3, r0, #4
 1045 0002 00F00F00 		and	r0, r0, #15
 1046 0006 03EB8303 		add	r3, r3, r3, lsl #2
 1047 000a 00EB4300 		add	r0, r0, r3, lsl #1
 1048 000e C0B2     		uxtb	r0, r0
 1049 0010 7047     		bx	lr
 1051              		.section	.text.HAL_RTC_GetTime,"ax",%progbits
 1052              		.align	1
 1053              		.global	HAL_RTC_GetTime
 1054              		.syntax unified
 1055              		.thumb
 1056              		.thumb_func
 1057              		.fpu fpv5-sp-d16
 1059              	HAL_RTC_GetTime:
 1060              		@ args = 0, pretend = 0, frame = 0
 1061              		@ frame_needed = 0, uses_anonymous_args = 0
ARM GAS  /tmp/cc943rdc.s 			page 19


 1062 0000 0368     		ldr	r3, [r0]
 1063 0002 986A     		ldr	r0, [r3, #40]
 1064 0004 4860     		str	r0, [r1, #4]
 1065 0006 1869     		ldr	r0, [r3, #16]
 1066 0008 1B68     		ldr	r3, [r3]
 1067 000a C0F30E00 		ubfx	r0, r0, #0, #15
 1068 000e 03F07F33 		and	r3, r3, #2139062143
 1069 0012 8860     		str	r0, [r1, #8]
 1070 0014 23F0FE43 		bic	r3, r3, #2130706432
 1071 0018 70B5     		push	{r4, r5, r6, lr}
 1072 001a 1D0C     		lsrs	r5, r3, #16
 1073 001c C3F30626 		ubfx	r6, r3, #8, #7
 1074 0020 DCB2     		uxtb	r4, r3
 1075 0022 05F03F00 		and	r0, r5, #63
 1076 0026 05F04005 		and	r5, r5, #64
 1077 002a 4E70     		strb	r6, [r1, #1]
 1078 002c 0870     		strb	r0, [r1]
 1079 002e 8C70     		strb	r4, [r1, #2]
 1080 0030 0D73     		strb	r5, [r1, #12]
 1081 0032 52B9     		cbnz	r2, .L145
 1082 0034 FFF7FEFF 		bl	RTC_Bcd2ToByte
 1083 0038 0870     		strb	r0, [r1]
 1084 003a 3046     		mov	r0, r6
 1085 003c FFF7FEFF 		bl	RTC_Bcd2ToByte
 1086 0040 4870     		strb	r0, [r1, #1]
 1087 0042 2046     		mov	r0, r4
 1088 0044 FFF7FEFF 		bl	RTC_Bcd2ToByte
 1089 0048 8870     		strb	r0, [r1, #2]
 1090              	.L145:
 1091 004a 0020     		movs	r0, #0
 1092 004c 70BD     		pop	{r4, r5, r6, pc}
 1094              		.section	.text.HAL_RTC_GetDate,"ax",%progbits
 1095              		.align	1
 1096              		.global	HAL_RTC_GetDate
 1097              		.syntax unified
 1098              		.thumb
 1099              		.thumb_func
 1100              		.fpu fpv5-sp-d16
 1102              	HAL_RTC_GetDate:
 1103              		@ args = 0, pretend = 0, frame = 0
 1104              		@ frame_needed = 0, uses_anonymous_args = 0
 1105 0000 38B5     		push	{r3, r4, r5, lr}
 1106 0002 0368     		ldr	r3, [r0]
 1107 0004 5B68     		ldr	r3, [r3, #4]
 1108 0006 23F07F43 		bic	r3, r3, #-16777216
 1109 000a 23F0C003 		bic	r3, r3, #192
 1110 000e 180C     		lsrs	r0, r3, #16
 1111 0010 C3F30425 		ubfx	r5, r3, #8, #5
 1112 0014 DCB2     		uxtb	r4, r3
 1113 0016 C3F34233 		ubfx	r3, r3, #13, #3
 1114 001a C870     		strb	r0, [r1, #3]
 1115 001c 4D70     		strb	r5, [r1, #1]
 1116 001e 8C70     		strb	r4, [r1, #2]
 1117 0020 0B70     		strb	r3, [r1]
 1118 0022 52B9     		cbnz	r2, .L147
 1119 0024 FFF7FEFF 		bl	RTC_Bcd2ToByte
 1120 0028 C870     		strb	r0, [r1, #3]
ARM GAS  /tmp/cc943rdc.s 			page 20


 1121 002a 2846     		mov	r0, r5
 1122 002c FFF7FEFF 		bl	RTC_Bcd2ToByte
 1123 0030 4870     		strb	r0, [r1, #1]
 1124 0032 2046     		mov	r0, r4
 1125 0034 FFF7FEFF 		bl	RTC_Bcd2ToByte
 1126 0038 8870     		strb	r0, [r1, #2]
 1127              	.L147:
 1128 003a 0020     		movs	r0, #0
 1129 003c 38BD     		pop	{r3, r4, r5, pc}
 1131              		.section	.text.HAL_RTC_GetAlarm,"ax",%progbits
 1132              		.align	1
 1133              		.global	HAL_RTC_GetAlarm
 1134              		.syntax unified
 1135              		.thumb
 1136              		.thumb_func
 1137              		.fpu fpv5-sp-d16
 1139              	HAL_RTC_GetAlarm:
 1140              		@ args = 0, pretend = 0, frame = 0
 1141              		@ frame_needed = 0, uses_anonymous_args = 0
 1142 0000 B2F5807F 		cmp	r2, #256
 1143 0004 0068     		ldr	r0, [r0]
 1144 0006 F8B5     		push	{r3, r4, r5, r6, r7, lr}
 1145 0008 30D1     		bne	.L149
 1146 000a 8A62     		str	r2, [r1, #40]
 1147 000c C269     		ldr	r2, [r0, #28]
 1148 000e 446C     		ldr	r4, [r0, #68]
 1149              	.L152:
 1150 0010 C2F30745 		ubfx	r5, r2, #16, #8
 1151 0014 C4F30E04 		ubfx	r4, r4, #0, #15
 1152 0018 C2F30627 		ubfx	r7, r2, #8, #7
 1153 001c 02F07F06 		and	r6, r2, #127
 1154 0020 05F03F00 		and	r0, r5, #63
 1155 0024 05F04005 		and	r5, r5, #64
 1156 0028 4C60     		str	r4, [r1, #4]
 1157 002a C2F30564 		ubfx	r4, r2, #24, #6
 1158 002e 0D73     		strb	r5, [r1, #12]
 1159 0030 02F08045 		and	r5, r2, #1073741824
 1160 0034 02F08032 		and	r2, r2, #-2139062144
 1161 0038 0870     		strb	r0, [r1]
 1162 003a 4F70     		strb	r7, [r1, #1]
 1163 003c 8E70     		strb	r6, [r1, #2]
 1164 003e 81F82440 		strb	r4, [r1, #36]
 1165 0042 0D62     		str	r5, [r1, #32]
 1166 0044 8A61     		str	r2, [r1, #24]
 1167 0046 7BB9     		cbnz	r3, .L151
 1168 0048 FFF7FEFF 		bl	RTC_Bcd2ToByte
 1169 004c 0870     		strb	r0, [r1]
 1170 004e 3846     		mov	r0, r7
 1171 0050 FFF7FEFF 		bl	RTC_Bcd2ToByte
 1172 0054 4870     		strb	r0, [r1, #1]
 1173 0056 3046     		mov	r0, r6
 1174 0058 FFF7FEFF 		bl	RTC_Bcd2ToByte
 1175 005c 8870     		strb	r0, [r1, #2]
 1176 005e 2046     		mov	r0, r4
 1177 0060 FFF7FEFF 		bl	RTC_Bcd2ToByte
 1178 0064 81F82400 		strb	r0, [r1, #36]
 1179              	.L151:
ARM GAS  /tmp/cc943rdc.s 			page 21


 1180 0068 0020     		movs	r0, #0
 1181 006a F8BD     		pop	{r3, r4, r5, r6, r7, pc}
 1182              	.L149:
 1183 006c 4FF40072 		mov	r2, #512
 1184 0070 8A62     		str	r2, [r1, #40]
 1185 0072 026A     		ldr	r2, [r0, #32]
 1186 0074 846C     		ldr	r4, [r0, #72]
 1187 0076 CBE7     		b	.L152
 1189              		.ident	"GCC: (GNU Tools for Arm Embedded Processors 8-2018-q4-major) 8.2.1 20181213 (release) [gcc
ARM GAS  /tmp/cc943rdc.s 			page 22


DEFINED SYMBOLS
                            *ABS*:0000000000000000 stm32f7xx_hal_rtc.c
     /tmp/cc943rdc.s:15     .text.HAL_RTC_MspInit:0000000000000000 $t
     /tmp/cc943rdc.s:23     .text.HAL_RTC_MspInit:0000000000000000 HAL_RTC_MspInit
     /tmp/cc943rdc.s:30     .text.HAL_RTC_MspDeInit:0000000000000000 $t
     /tmp/cc943rdc.s:37     .text.HAL_RTC_MspDeInit:0000000000000000 HAL_RTC_MspDeInit
     /tmp/cc943rdc.s:44     .text.HAL_RTC_DeactivateAlarm:0000000000000000 $t
     /tmp/cc943rdc.s:51     .text.HAL_RTC_DeactivateAlarm:0000000000000000 HAL_RTC_DeactivateAlarm
     /tmp/cc943rdc.s:126    .text.HAL_RTC_AlarmAEventCallback:0000000000000000 $t
     /tmp/cc943rdc.s:133    .text.HAL_RTC_AlarmAEventCallback:0000000000000000 HAL_RTC_AlarmAEventCallback
     /tmp/cc943rdc.s:140    .text.HAL_RTC_AlarmIRQHandler:0000000000000000 $t
     /tmp/cc943rdc.s:147    .text.HAL_RTC_AlarmIRQHandler:0000000000000000 HAL_RTC_AlarmIRQHandler
     /tmp/cc943rdc.s:190    .text.HAL_RTC_AlarmIRQHandler:0000000000000050 $d
     /tmp/cc943rdc.s:193    .text.HAL_RTC_PollForAlarmAEvent:0000000000000000 $t
     /tmp/cc943rdc.s:200    .text.HAL_RTC_PollForAlarmAEvent:0000000000000000 HAL_RTC_PollForAlarmAEvent
     /tmp/cc943rdc.s:239    .text.HAL_RTC_WaitForSynchro:0000000000000000 $t
     /tmp/cc943rdc.s:246    .text.HAL_RTC_WaitForSynchro:0000000000000000 HAL_RTC_WaitForSynchro
     /tmp/cc943rdc.s:274    .text.HAL_RTC_GetState:0000000000000000 $t
     /tmp/cc943rdc.s:281    .text.HAL_RTC_GetState:0000000000000000 HAL_RTC_GetState
     /tmp/cc943rdc.s:289    .text.RTC_EnterInitMode:0000000000000000 $t
     /tmp/cc943rdc.s:296    .text.RTC_EnterInitMode:0000000000000000 RTC_EnterInitMode
     /tmp/cc943rdc.s:327    .text.HAL_RTC_Init:0000000000000000 $t
     /tmp/cc943rdc.s:334    .text.HAL_RTC_Init:0000000000000000 HAL_RTC_Init
     /tmp/cc943rdc.s:401    .text.HAL_RTC_DeInit:0000000000000000 $t
     /tmp/cc943rdc.s:408    .text.HAL_RTC_DeInit:0000000000000000 HAL_RTC_DeInit
     /tmp/cc943rdc.s:495    .text.HAL_RTC_DeInit:00000000000000a8 $d
     /tmp/cc943rdc.s:498    .text.RTC_ByteToBcd2:0000000000000000 $t
     /tmp/cc943rdc.s:505    .text.RTC_ByteToBcd2:0000000000000000 RTC_ByteToBcd2
     /tmp/cc943rdc.s:523    .text.HAL_RTC_SetTime:0000000000000000 $t
     /tmp/cc943rdc.s:530    .text.HAL_RTC_SetTime:0000000000000000 HAL_RTC_SetTime
     /tmp/cc943rdc.s:633    .text.HAL_RTC_SetDate:0000000000000000 $t
     /tmp/cc943rdc.s:640    .text.HAL_RTC_SetDate:0000000000000000 HAL_RTC_SetDate
     /tmp/cc943rdc.s:733    .text.HAL_RTC_SetAlarm:0000000000000000 $t
     /tmp/cc943rdc.s:740    .text.HAL_RTC_SetAlarm:0000000000000000 HAL_RTC_SetAlarm
     /tmp/cc943rdc.s:873    .text.HAL_RTC_SetAlarm_IT:0000000000000000 $t
     /tmp/cc943rdc.s:880    .text.HAL_RTC_SetAlarm_IT:0000000000000000 HAL_RTC_SetAlarm_IT
     /tmp/cc943rdc.s:1029   .text.HAL_RTC_SetAlarm_IT:0000000000000150 $d
     /tmp/cc943rdc.s:1033   .text.RTC_Bcd2ToByte:0000000000000000 $t
     /tmp/cc943rdc.s:1040   .text.RTC_Bcd2ToByte:0000000000000000 RTC_Bcd2ToByte
     /tmp/cc943rdc.s:1052   .text.HAL_RTC_GetTime:0000000000000000 $t
     /tmp/cc943rdc.s:1059   .text.HAL_RTC_GetTime:0000000000000000 HAL_RTC_GetTime
     /tmp/cc943rdc.s:1095   .text.HAL_RTC_GetDate:0000000000000000 $t
     /tmp/cc943rdc.s:1102   .text.HAL_RTC_GetDate:0000000000000000 HAL_RTC_GetDate
     /tmp/cc943rdc.s:1132   .text.HAL_RTC_GetAlarm:0000000000000000 $t
     /tmp/cc943rdc.s:1139   .text.HAL_RTC_GetAlarm:0000000000000000 HAL_RTC_GetAlarm

UNDEFINED SYMBOLS
HAL_GetTick
HAL_RTCEx_AlarmBEventCallback
SystemCoreClock
