ARM GAS  /tmp/ccspiR5R.s 			page 1


   1              		.cpu cortex-m7
   2              		.eabi_attribute 27, 1
   3              		.eabi_attribute 20, 1
   4              		.eabi_attribute 21, 1
   5              		.eabi_attribute 23, 3
   6              		.eabi_attribute 24, 1
   7              		.eabi_attribute 25, 1
   8              		.eabi_attribute 26, 1
   9              		.eabi_attribute 30, 4
  10              		.eabi_attribute 34, 1
  11              		.eabi_attribute 18, 4
  12              		.file	"stm32f7xx_hal_flash_ex.c"
  13              		.text
  14              		.section	.text.FLASH_MassErase,"ax",%progbits
  15              		.align	1
  16              		.arch armv7e-m
  17              		.syntax unified
  18              		.thumb
  19              		.thumb_func
  20              		.fpu fpv5-sp-d16
  22              	FLASH_MassErase:
  23              		@ args = 0, pretend = 0, frame = 0
  24              		@ frame_needed = 0, uses_anonymous_args = 0
  25              		@ link register save eliminated.
  26 0000 084B     		ldr	r3, .L2
  27 0002 1A69     		ldr	r2, [r3, #16]
  28 0004 22F44072 		bic	r2, r2, #768
  29 0008 1A61     		str	r2, [r3, #16]
  30 000a 1A69     		ldr	r2, [r3, #16]
  31 000c 42F00402 		orr	r2, r2, #4
  32 0010 1A61     		str	r2, [r3, #16]
  33 0012 1A69     		ldr	r2, [r3, #16]
  34 0014 42EA0020 		orr	r0, r2, r0, lsl #8
  35 0018 40F48030 		orr	r0, r0, #65536
  36 001c 1861     		str	r0, [r3, #16]
  37              		.syntax unified
  38              	@ 879 "Drivers/CMSIS/Include/cmsis_gcc.h" 1
  39 001e BFF34F8F 		dsb 0xF
  40              	@ 0 "" 2
  41              		.thumb
  42              		.syntax unified
  43 0022 7047     		bx	lr
  44              	.L3:
  45              		.align	2
  46              	.L2:
  47 0024 003C0240 		.word	1073888256
  49              		.section	.text.HAL_FLASHEx_OBProgram,"ax",%progbits
  50              		.align	1
  51              		.global	HAL_FLASHEx_OBProgram
  52              		.syntax unified
  53              		.thumb
  54              		.thumb_func
  55              		.fpu fpv5-sp-d16
  57              	HAL_FLASHEx_OBProgram:
  58              		@ args = 0, pretend = 0, frame = 0
  59              		@ frame_needed = 0, uses_anonymous_args = 0
  60 0000 70B5     		push	{r4, r5, r6, lr}
ARM GAS  /tmp/ccspiR5R.s 			page 2


  61 0002 484D     		ldr	r5, .L39
  62 0004 0446     		mov	r4, r0
  63 0006 2B7D     		ldrb	r3, [r5, #20]	@ zero_extendqisi2
  64 0008 012B     		cmp	r3, #1
  65 000a 00F08980 		beq	.L15
  66 000e 2368     		ldr	r3, [r4]
  67 0010 0120     		movs	r0, #1
  68 0012 DE07     		lsls	r6, r3, #31
  69 0014 2875     		strb	r0, [r5, #20]
  70 0016 0DD5     		bpl	.L6
  71 0018 D4E90136 		ldrd	r3, r6, [r4, #4]
  72 001c 8342     		cmp	r3, r0
  73 001e 4CF25030 		movw	r0, #50000
  74 0022 75D1     		bne	.L7
  75 0024 FFF7FEFF 		bl	FLASH_WaitForLastOperation
  76 0028 20B9     		cbnz	r0, .L6
  77 002a 3F4A     		ldr	r2, .L39+4
  78 002c 5369     		ldr	r3, [r2, #20]
  79 002e 23EA0603 		bic	r3, r3, r6
  80              	.L38:
  81 0032 5361     		str	r3, [r2, #20]
  82              	.L6:
  83 0034 2368     		ldr	r3, [r4]
  84 0036 9907     		lsls	r1, r3, #30
  85 0038 08D5     		bpl	.L8
  86 003a 4CF25030 		movw	r0, #50000
  87 003e E668     		ldr	r6, [r4, #12]
  88 0040 FFF7FEFF 		bl	FLASH_WaitForLastOperation
  89 0044 10B9     		cbnz	r0, .L8
  90 0046 F6B2     		uxtb	r6, r6
  91 0048 384B     		ldr	r3, .L39+8
  92 004a 1E70     		strb	r6, [r3]
  93              	.L8:
  94 004c 2368     		ldr	r3, [r4]
  95 004e 5A07     		lsls	r2, r3, #29
  96 0050 15D5     		bpl	.L9
  97 0052 4CF25030 		movw	r0, #50000
  98 0056 6669     		ldr	r6, [r4, #20]
  99 0058 FFF7FEFF 		bl	FLASH_WaitForLastOperation
 100 005c 78B9     		cbnz	r0, .L9
 101 005e 324A     		ldr	r2, .L39+4
 102 0060 26F07F56 		bic	r6, r6, #1069547520
 103 0064 5369     		ldr	r3, [r2, #20]
 104 0066 26F47F16 		bic	r6, r6, #4177920
 105 006a 23F04043 		bic	r3, r3, #-1073741824
 106 006e 26F47C56 		bic	r6, r6, #16128
 107 0072 23F0F003 		bic	r3, r3, #240
 108 0076 26F00F06 		bic	r6, r6, #15
 109 007a 1E43     		orrs	r6, r6, r3
 110 007c 5661     		str	r6, [r2, #20]
 111              	.L9:
 112 007e 2168     		ldr	r1, [r4]
 113 0080 0B07     		lsls	r3, r1, #28
 114 0082 07D5     		bpl	.L10
 115 0084 2848     		ldr	r0, .L39+4
 116 0086 237C     		ldrb	r3, [r4, #16]	@ zero_extendqisi2
 117 0088 4269     		ldr	r2, [r0, #20]
ARM GAS  /tmp/ccspiR5R.s 			page 3


 118 008a 22F00C02 		bic	r2, r2, #12
 119 008e 1343     		orrs	r3, r3, r2
 120 0090 4361     		str	r3, [r0, #20]
 121 0092 0020     		movs	r0, #0
 122              	.L10:
 123 0094 CE06     		lsls	r6, r1, #27
 124 0096 0BD5     		bpl	.L11
 125 0098 4CF25030 		movw	r0, #50000
 126 009c A669     		ldr	r6, [r4, #24]
 127 009e FFF7FEFF 		bl	FLASH_WaitForLastOperation
 128 00a2 28B9     		cbnz	r0, .L11
 129 00a4 204A     		ldr	r2, .L39+4
 130 00a6 9369     		ldr	r3, [r2, #24]
 131 00a8 1B0C     		lsrs	r3, r3, #16
 132 00aa 1B04     		lsls	r3, r3, #16
 133 00ac 3343     		orrs	r3, r3, r6
 134 00ae 9361     		str	r3, [r2, #24]
 135              	.L11:
 136 00b0 2368     		ldr	r3, [r4]
 137 00b2 9906     		lsls	r1, r3, #26
 138 00b4 0BD5     		bpl	.L12
 139 00b6 4CF25030 		movw	r0, #50000
 140 00ba E669     		ldr	r6, [r4, #28]
 141 00bc FFF7FEFF 		bl	FLASH_WaitForLastOperation
 142 00c0 28B9     		cbnz	r0, .L12
 143 00c2 194A     		ldr	r2, .L39+4
 144 00c4 9369     		ldr	r3, [r2, #24]
 145 00c6 9BB2     		uxth	r3, r3
 146 00c8 43EA0643 		orr	r3, r3, r6, lsl #16
 147 00cc 9361     		str	r3, [r2, #24]
 148              	.L12:
 149 00ce 2368     		ldr	r3, [r4]
 150 00d0 5A06     		lsls	r2, r3, #25
 151 00d2 0BD5     		bpl	.L13
 152 00d4 4CF25030 		movw	r0, #50000
 153 00d8 266A     		ldr	r6, [r4, #32]
 154 00da FFF7FEFF 		bl	FLASH_WaitForLastOperation
 155 00de 28B9     		cbnz	r0, .L13
 156 00e0 114A     		ldr	r2, .L39+4
 157 00e2 D369     		ldr	r3, [r2, #28]
 158 00e4 23F0FF03 		bic	r3, r3, #255
 159 00e8 3343     		orrs	r3, r3, r6
 160 00ea D361     		str	r3, [r2, #28]
 161              	.L13:
 162 00ec 2368     		ldr	r3, [r4]
 163 00ee 1B06     		lsls	r3, r3, #24
 164 00f0 0BD5     		bpl	.L14
 165 00f2 4CF25030 		movw	r0, #50000
 166 00f6 646A     		ldr	r4, [r4, #36]
 167 00f8 FFF7FEFF 		bl	FLASH_WaitForLastOperation
 168 00fc 28B9     		cbnz	r0, .L14
 169 00fe 0A4A     		ldr	r2, .L39+4
 170 0100 D369     		ldr	r3, [r2, #28]
 171 0102 23F00043 		bic	r3, r3, #-2147483648
 172 0106 2343     		orrs	r3, r3, r4
 173 0108 D361     		str	r3, [r2, #28]
 174              	.L14:
ARM GAS  /tmp/ccspiR5R.s 			page 4


 175 010a 0023     		movs	r3, #0
 176 010c 2B75     		strb	r3, [r5, #20]
 177              	.L5:
 178 010e 70BD     		pop	{r4, r5, r6, pc}
 179              	.L7:
 180 0110 FFF7FEFF 		bl	FLASH_WaitForLastOperation
 181 0114 0028     		cmp	r0, #0
 182 0116 8DD1     		bne	.L6
 183 0118 034A     		ldr	r2, .L39+4
 184 011a 5369     		ldr	r3, [r2, #20]
 185 011c 3343     		orrs	r3, r3, r6
 186 011e 88E7     		b	.L38
 187              	.L15:
 188 0120 0220     		movs	r0, #2
 189 0122 F4E7     		b	.L5
 190              	.L40:
 191              		.align	2
 192              	.L39:
 193 0124 00000000 		.word	pFlash
 194 0128 003C0240 		.word	1073888256
 195 012c 153C0240 		.word	1073888277
 197              		.section	.text.HAL_FLASHEx_OBGetConfig,"ax",%progbits
 198              		.align	1
 199              		.global	HAL_FLASHEx_OBGetConfig
 200              		.syntax unified
 201              		.thumb
 202              		.thumb_func
 203              		.fpu fpv5-sp-d16
 205              	HAL_FLASHEx_OBGetConfig:
 206              		@ args = 0, pretend = 0, frame = 0
 207              		@ frame_needed = 0, uses_anonymous_args = 0
 208              		@ link register save eliminated.
 209 0000 3F23     		movs	r3, #63
 210 0002 1649     		ldr	r1, .L45
 211 0004 0360     		str	r3, [r0]
 212 0006 164B     		ldr	r3, .L45+4
 213 0008 5A69     		ldr	r2, [r3, #20]
 214 000a 02F47F02 		and	r2, r2, #16711680
 215 000e 8260     		str	r2, [r0, #8]
 216 0010 0A78     		ldrb	r2, [r1]	@ zero_extendqisi2
 217 0012 D2B2     		uxtb	r2, r2
 218 0014 AA2A     		cmp	r2, #170
 219 0016 04D0     		beq	.L42
 220 0018 0A78     		ldrb	r2, [r1]	@ zero_extendqisi2
 221 001a CC2A     		cmp	r2, #204
 222 001c 0CBF     		ite	eq
 223 001e CC22     		moveq	r2, #204
 224 0020 5522     		movne	r2, #85
 225              	.L42:
 226 0022 C260     		str	r2, [r0, #12]
 227 0024 5A69     		ldr	r2, [r3, #20]
 228 0026 22F07F52 		bic	r2, r2, #1069547520
 229 002a 22F47F12 		bic	r2, r2, #4177920
 230 002e 22F47C52 		bic	r2, r2, #16128
 231 0032 22F00F02 		bic	r2, r2, #15
 232 0036 4261     		str	r2, [r0, #20]
 233 0038 5A69     		ldr	r2, [r3, #20]
ARM GAS  /tmp/ccspiR5R.s 			page 5


 234 003a 02F00C02 		and	r2, r2, #12
 235 003e 0261     		str	r2, [r0, #16]
 236 0040 9A69     		ldr	r2, [r3, #24]
 237 0042 92B2     		uxth	r2, r2
 238 0044 8261     		str	r2, [r0, #24]
 239 0046 9A69     		ldr	r2, [r3, #24]
 240 0048 120C     		lsrs	r2, r2, #16
 241 004a C261     		str	r2, [r0, #28]
 242 004c DA69     		ldr	r2, [r3, #28]
 243 004e D2B2     		uxtb	r2, r2
 244 0050 0262     		str	r2, [r0, #32]
 245 0052 DB69     		ldr	r3, [r3, #28]
 246 0054 03F00043 		and	r3, r3, #-2147483648
 247 0058 4362     		str	r3, [r0, #36]
 248 005a 7047     		bx	lr
 249              	.L46:
 250              		.align	2
 251              	.L45:
 252 005c 153C0240 		.word	1073888277
 253 0060 003C0240 		.word	1073888256
 255              		.section	.text.FLASH_Erase_Sector,"ax",%progbits
 256              		.align	1
 257              		.global	FLASH_Erase_Sector
 258              		.syntax unified
 259              		.thumb
 260              		.thumb_func
 261              		.fpu fpv5-sp-d16
 263              	FLASH_Erase_Sector:
 264              		@ args = 0, pretend = 0, frame = 0
 265              		@ frame_needed = 0, uses_anonymous_args = 0
 266 0000 10B5     		push	{r4, lr}
 267 0002 39B1     		cbz	r1, .L48
 268 0004 0129     		cmp	r1, #1
 269 0006 1ED0     		beq	.L50
 270 0008 0229     		cmp	r1, #2
 271 000a 0CBF     		ite	eq
 272 000c 4FF40071 		moveq	r1, #512
 273 0010 4FF44071 		movne	r1, #768
 274              	.L48:
 275 0014 0D4B     		ldr	r3, .L52
 276 0016 1C69     		ldr	r4, [r3, #16]
 277 0018 24F44074 		bic	r4, r4, #768
 278 001c 1C61     		str	r4, [r3, #16]
 279 001e 1C69     		ldr	r4, [r3, #16]
 280 0020 2143     		orrs	r1, r1, r4
 281 0022 1961     		str	r1, [r3, #16]
 282 0024 1969     		ldr	r1, [r3, #16]
 283 0026 21F0F801 		bic	r1, r1, #248
 284 002a 1961     		str	r1, [r3, #16]
 285 002c 1A69     		ldr	r2, [r3, #16]
 286 002e 42EAC002 		orr	r2, r2, r0, lsl #3
 287 0032 42F00202 		orr	r2, r2, #2
 288 0036 1A61     		str	r2, [r3, #16]
 289 0038 1A69     		ldr	r2, [r3, #16]
 290 003a 42F48032 		orr	r2, r2, #65536
 291 003e 1A61     		str	r2, [r3, #16]
 292              		.syntax unified
ARM GAS  /tmp/ccspiR5R.s 			page 6


 293              	@ 879 "Drivers/CMSIS/Include/cmsis_gcc.h" 1
 294 0040 BFF34F8F 		dsb 0xF
 295              	@ 0 "" 2
 296              		.thumb
 297              		.syntax unified
 298 0044 10BD     		pop	{r4, pc}
 299              	.L50:
 300 0046 4FF48071 		mov	r1, #256
 301 004a E3E7     		b	.L48
 302              	.L53:
 303              		.align	2
 304              	.L52:
 305 004c 003C0240 		.word	1073888256
 307              		.section	.text.HAL_FLASHEx_Erase,"ax",%progbits
 308              		.align	1
 309              		.global	HAL_FLASHEx_Erase
 310              		.syntax unified
 311              		.thumb
 312              		.thumb_func
 313              		.fpu fpv5-sp-d16
 315              	HAL_FLASHEx_Erase:
 316              		@ args = 0, pretend = 0, frame = 0
 317              		@ frame_needed = 0, uses_anonymous_args = 0
 318 0000 2DE9F843 		push	{r3, r4, r5, r6, r7, r8, r9, lr}
 319 0004 224E     		ldr	r6, .L62
 320 0006 0446     		mov	r4, r0
 321 0008 8846     		mov	r8, r1
 322 000a 337D     		ldrb	r3, [r6, #20]	@ zero_extendqisi2
 323 000c 012B     		cmp	r3, #1
 324 000e 3DD0     		beq	.L61
 325 0010 0123     		movs	r3, #1
 326 0012 4CF25030 		movw	r0, #50000
 327 0016 3375     		strb	r3, [r6, #20]
 328 0018 FFF7FEFF 		bl	FLASH_WaitForLastOperation
 329 001c 0546     		mov	r5, r0
 330 001e 98B9     		cbnz	r0, .L56
 331 0020 4FF0FF33 		mov	r3, #-1
 332 0024 C8F80030 		str	r3, [r8]
 333 0028 2368     		ldr	r3, [r4]
 334 002a 012B     		cmp	r3, #1
 335 002c 11D1     		bne	.L57
 336 002e 207B     		ldrb	r0, [r4, #12]	@ zero_extendqisi2
 337 0030 FFF7FEFF 		bl	FLASH_MassErase
 338 0034 4CF25030 		movw	r0, #50000
 339 0038 FFF7FEFF 		bl	FLASH_WaitForLastOperation
 340 003c 154A     		ldr	r2, .L62+4
 341 003e 0546     		mov	r5, r0
 342 0040 1369     		ldr	r3, [r2, #16]
 343 0042 23F00403 		bic	r3, r3, #4
 344 0046 1361     		str	r3, [r2, #16]
 345              	.L56:
 346 0048 0023     		movs	r3, #0
 347 004a 3375     		strb	r3, [r6, #20]
 348              	.L55:
 349 004c 2846     		mov	r0, r5
 350 004e BDE8F883 		pop	{r3, r4, r5, r6, r7, r8, r9, pc}
 351              	.L57:
ARM GAS  /tmp/ccspiR5R.s 			page 7


 352 0052 6768     		ldr	r7, [r4, #4]
 353 0054 DFF83C90 		ldr	r9, .L62+4
 354              	.L58:
 355 0058 D4E90123 		ldrd	r2, r3, [r4, #4]
 356 005c 1344     		add	r3, r3, r2
 357 005e BB42     		cmp	r3, r7
 358 0060 F2D9     		bls	.L56
 359 0062 217B     		ldrb	r1, [r4, #12]	@ zero_extendqisi2
 360 0064 3846     		mov	r0, r7
 361 0066 FFF7FEFF 		bl	FLASH_Erase_Sector
 362 006a 4CF25030 		movw	r0, #50000
 363 006e FFF7FEFF 		bl	FLASH_WaitForLastOperation
 364 0072 D9F81030 		ldr	r3, [r9, #16]
 365 0076 23F07A03 		bic	r3, r3, #122
 366 007a C9F81030 		str	r3, [r9, #16]
 367 007e 18B1     		cbz	r0, .L59
 368 0080 C8F80070 		str	r7, [r8]
 369 0084 0546     		mov	r5, r0
 370 0086 DFE7     		b	.L56
 371              	.L59:
 372 0088 0137     		adds	r7, r7, #1
 373 008a E5E7     		b	.L58
 374              	.L61:
 375 008c 0225     		movs	r5, #2
 376 008e DDE7     		b	.L55
 377              	.L63:
 378              		.align	2
 379              	.L62:
 380 0090 00000000 		.word	pFlash
 381 0094 003C0240 		.word	1073888256
 383              		.section	.text.HAL_FLASHEx_Erase_IT,"ax",%progbits
 384              		.align	1
 385              		.global	HAL_FLASHEx_Erase_IT
 386              		.syntax unified
 387              		.thumb
 388              		.thumb_func
 389              		.fpu fpv5-sp-d16
 391              	HAL_FLASHEx_Erase_IT:
 392              		@ args = 0, pretend = 0, frame = 0
 393              		@ frame_needed = 0, uses_anonymous_args = 0
 394 0000 134B     		ldr	r3, .L69
 395 0002 1A7D     		ldrb	r2, [r3, #20]	@ zero_extendqisi2
 396 0004 012A     		cmp	r2, #1
 397 0006 10B5     		push	{r4, lr}
 398 0008 20D0     		beq	.L67
 399 000a 124A     		ldr	r2, .L69+4
 400 000c 0124     		movs	r4, #1
 401 000e 1169     		ldr	r1, [r2, #16]
 402 0010 1C75     		strb	r4, [r3, #20]
 403 0012 41F08071 		orr	r1, r1, #16777216
 404 0016 1161     		str	r1, [r2, #16]
 405 0018 1169     		ldr	r1, [r2, #16]
 406 001a 41F00071 		orr	r1, r1, #33554432
 407 001e 1161     		str	r1, [r2, #16]
 408 0020 F321     		movs	r1, #243
 409 0022 D160     		str	r1, [r2, #12]
 410 0024 0268     		ldr	r2, [r0]
ARM GAS  /tmp/ccspiR5R.s 			page 8


 411 0026 017B     		ldrb	r1, [r0, #12]	@ zero_extendqisi2
 412 0028 A242     		cmp	r2, r4
 413 002a 06D1     		bne	.L66
 414 002c 0222     		movs	r2, #2
 415 002e 0846     		mov	r0, r1
 416 0030 1A70     		strb	r2, [r3]
 417 0032 FFF7FEFF 		bl	FLASH_MassErase
 418              	.L68:
 419 0036 0020     		movs	r0, #0
 420              	.L65:
 421 0038 10BD     		pop	{r4, pc}
 422              	.L66:
 423 003a 8268     		ldr	r2, [r0, #8]
 424 003c 4068     		ldr	r0, [r0, #4]
 425 003e 1C70     		strb	r4, [r3]
 426 0040 5A60     		str	r2, [r3, #4]
 427 0042 D860     		str	r0, [r3, #12]
 428 0044 1972     		strb	r1, [r3, #8]
 429 0046 FFF7FEFF 		bl	FLASH_Erase_Sector
 430 004a F4E7     		b	.L68
 431              	.L67:
 432 004c 0220     		movs	r0, #2
 433 004e F3E7     		b	.L65
 434              	.L70:
 435              		.align	2
 436              	.L69:
 437 0050 00000000 		.word	pFlash
 438 0054 003C0240 		.word	1073888256
 440              		.ident	"GCC: (GNU Tools for Arm Embedded Processors 8-2018-q4-major) 8.2.1 20181213 (release) [gcc
ARM GAS  /tmp/ccspiR5R.s 			page 9


DEFINED SYMBOLS
                            *ABS*:0000000000000000 stm32f7xx_hal_flash_ex.c
     /tmp/ccspiR5R.s:15     .text.FLASH_MassErase:0000000000000000 $t
     /tmp/ccspiR5R.s:22     .text.FLASH_MassErase:0000000000000000 FLASH_MassErase
     /tmp/ccspiR5R.s:47     .text.FLASH_MassErase:0000000000000024 $d
     /tmp/ccspiR5R.s:50     .text.HAL_FLASHEx_OBProgram:0000000000000000 $t
     /tmp/ccspiR5R.s:57     .text.HAL_FLASHEx_OBProgram:0000000000000000 HAL_FLASHEx_OBProgram
     /tmp/ccspiR5R.s:193    .text.HAL_FLASHEx_OBProgram:0000000000000124 $d
     /tmp/ccspiR5R.s:198    .text.HAL_FLASHEx_OBGetConfig:0000000000000000 $t
     /tmp/ccspiR5R.s:205    .text.HAL_FLASHEx_OBGetConfig:0000000000000000 HAL_FLASHEx_OBGetConfig
     /tmp/ccspiR5R.s:252    .text.HAL_FLASHEx_OBGetConfig:000000000000005c $d
     /tmp/ccspiR5R.s:256    .text.FLASH_Erase_Sector:0000000000000000 $t
     /tmp/ccspiR5R.s:263    .text.FLASH_Erase_Sector:0000000000000000 FLASH_Erase_Sector
     /tmp/ccspiR5R.s:305    .text.FLASH_Erase_Sector:000000000000004c $d
     /tmp/ccspiR5R.s:308    .text.HAL_FLASHEx_Erase:0000000000000000 $t
     /tmp/ccspiR5R.s:315    .text.HAL_FLASHEx_Erase:0000000000000000 HAL_FLASHEx_Erase
     /tmp/ccspiR5R.s:380    .text.HAL_FLASHEx_Erase:0000000000000090 $d
     /tmp/ccspiR5R.s:384    .text.HAL_FLASHEx_Erase_IT:0000000000000000 $t
     /tmp/ccspiR5R.s:391    .text.HAL_FLASHEx_Erase_IT:0000000000000000 HAL_FLASHEx_Erase_IT
     /tmp/ccspiR5R.s:437    .text.HAL_FLASHEx_Erase_IT:0000000000000050 $d

UNDEFINED SYMBOLS
FLASH_WaitForLastOperation
pFlash
