ARM GAS  /tmp/ccgf4Kcg.s 			page 1


   1              		.cpu cortex-m7
   2              		.eabi_attribute 27, 1
   3              		.eabi_attribute 20, 1
   4              		.eabi_attribute 21, 1
   5              		.eabi_attribute 23, 3
   6              		.eabi_attribute 24, 1
   7              		.eabi_attribute 25, 1
   8              		.eabi_attribute 26, 1
   9              		.eabi_attribute 30, 4
  10              		.eabi_attribute 34, 1
  11              		.eabi_attribute 18, 4
  12              		.file	"stm32f7xx_hal_exti.c"
  13              		.text
  14              		.section	.text.HAL_EXTI_SetConfigLine,"ax",%progbits
  15              		.align	1
  16              		.global	HAL_EXTI_SetConfigLine
  17              		.arch armv7e-m
  18              		.syntax unified
  19              		.thumb
  20              		.thumb_func
  21              		.fpu fpv5-sp-d16
  23              	HAL_EXTI_SetConfigLine:
  24              		@ args = 0, pretend = 0, frame = 0
  25              		@ frame_needed = 0, uses_anonymous_args = 0
  26 0000 70B5     		push	{r4, r5, r6, lr}
  27 0002 0028     		cmp	r0, #0
  28 0004 49D0     		beq	.L14
  29 0006 0029     		cmp	r1, #0
  30 0008 47D0     		beq	.L14
  31 000a 0A68     		ldr	r2, [r1]
  32 000c 0123     		movs	r3, #1
  33 000e 0260     		str	r2, [r0]
  34 0010 9401     		lsls	r4, r2, #6
  35 0012 02F01F00 		and	r0, r2, #31
  36 0016 03FA00F3 		lsl	r3, r3, r0
  37 001a 28D5     		bpl	.L4
  38 001c 8E68     		ldr	r6, [r1, #8]
  39 001e 204C     		ldr	r4, .L18
  40 0020 16F0010F 		tst	r6, #1
  41 0024 A568     		ldr	r5, [r4, #8]
  42 0026 14BF     		ite	ne
  43 0028 1D43     		orrne	r5, r5, r3
  44 002a 9D43     		biceq	r5, r5, r3
  45 002c 16F0020F 		tst	r6, #2
  46 0030 A560     		str	r5, [r4, #8]
  47 0032 1B4C     		ldr	r4, .L18
  48 0034 E568     		ldr	r5, [r4, #12]
  49 0036 14BF     		ite	ne
  50 0038 1D43     		orrne	r5, r5, r3
  51 003a 9D43     		biceq	r5, r5, r3
  52 003c E560     		str	r5, [r4, #12]
  53 003e 02F0C064 		and	r4, r2, #100663296
  54 0042 B4F1C06F 		cmp	r4, #100663296
  55 0046 12D1     		bne	.L4
  56 0048 00F01C00 		and	r0, r0, #28
  57 004c 02F00302 		and	r2, r2, #3
  58 0050 0F24     		movs	r4, #15
ARM GAS  /tmp/ccgf4Kcg.s 			page 2


  59 0052 00F18040 		add	r0, r0, #1073741824
  60 0056 9200     		lsls	r2, r2, #2
  61 0058 00F59C30 		add	r0, r0, #79872
  62 005c 9440     		lsls	r4, r4, r2
  63 005e 8568     		ldr	r5, [r0, #8]
  64 0060 25EA0405 		bic	r5, r5, r4
  65 0064 CC68     		ldr	r4, [r1, #12]
  66 0066 04FA02F2 		lsl	r2, r4, r2
  67 006a 2A43     		orrs	r2, r2, r5
  68 006c 8260     		str	r2, [r0, #8]
  69              	.L4:
  70 006e 4868     		ldr	r0, [r1, #4]
  71 0070 0B4A     		ldr	r2, .L18
  72 0072 10F0010F 		tst	r0, #1
  73 0076 1168     		ldr	r1, [r2]
  74 0078 14BF     		ite	ne
  75 007a 1943     		orrne	r1, r1, r3
  76 007c 9943     		biceq	r1, r1, r3
  77 007e 10F00200 		ands	r0, r0, #2
  78 0082 1160     		str	r1, [r2]
  79 0084 064A     		ldr	r2, .L18
  80 0086 5168     		ldr	r1, [r2, #4]
  81 0088 03D0     		beq	.L12
  82 008a 0B43     		orrs	r3, r3, r1
  83 008c 0020     		movs	r0, #0
  84 008e 5360     		str	r3, [r2, #4]
  85              	.L2:
  86 0090 70BD     		pop	{r4, r5, r6, pc}
  87              	.L12:
  88 0092 21EA0303 		bic	r3, r1, r3
  89 0096 5360     		str	r3, [r2, #4]
  90 0098 FAE7     		b	.L2
  91              	.L14:
  92 009a 0120     		movs	r0, #1
  93 009c F8E7     		b	.L2
  94              	.L19:
  95 009e 00BF     		.align	2
  96              	.L18:
  97 00a0 003C0140 		.word	1073822720
  99              		.section	.text.HAL_EXTI_GetConfigLine,"ax",%progbits
 100              		.align	1
 101              		.global	HAL_EXTI_GetConfigLine
 102              		.syntax unified
 103              		.thumb
 104              		.thumb_func
 105              		.fpu fpv5-sp-d16
 107              	HAL_EXTI_GetConfigLine:
 108              		@ args = 0, pretend = 0, frame = 0
 109              		@ frame_needed = 0, uses_anonymous_args = 0
 110 0000 30B5     		push	{r4, r5, lr}
 111 0002 0028     		cmp	r0, #0
 112 0004 3BD0     		beq	.L28
 113 0006 0029     		cmp	r1, #0
 114 0008 39D0     		beq	.L28
 115 000a 0268     		ldr	r2, [r0]
 116 000c 0120     		movs	r0, #1
 117 000e 1D4D     		ldr	r5, .L39
ARM GAS  /tmp/ccgf4Kcg.s 			page 3


 118 0010 02F01F03 		and	r3, r2, #31
 119 0014 0A60     		str	r2, [r1]
 120 0016 2C68     		ldr	r4, [r5]
 121 0018 9840     		lsls	r0, r0, r3
 122 001a 0442     		tst	r4, r0
 123 001c 14BF     		ite	ne
 124 001e 0124     		movne	r4, #1
 125 0020 0024     		moveq	r4, #0
 126 0022 4C60     		str	r4, [r1, #4]
 127 0024 6D68     		ldr	r5, [r5, #4]
 128 0026 0542     		tst	r5, r0
 129 0028 1CBF     		itt	ne
 130 002a 44F00204 		orrne	r4, r4, #2
 131 002e 4C60     		strne	r4, [r1, #4]
 132 0030 0024     		movs	r4, #0
 133 0032 C1E90244 		strd	r4, r4, [r1, #8]
 134 0036 9401     		lsls	r4, r2, #6
 135 0038 01D4     		bmi	.L23
 136              	.L38:
 137 003a 0020     		movs	r0, #0
 138              	.L21:
 139 003c 30BD     		pop	{r4, r5, pc}
 140              	.L23:
 141 003e 114C     		ldr	r4, .L39
 142 0040 02F0C062 		and	r2, r2, #100663296
 143 0044 A568     		ldr	r5, [r4, #8]
 144 0046 0542     		tst	r5, r0
 145 0048 1CBF     		itt	ne
 146 004a 0125     		movne	r5, #1
 147 004c 8D60     		strne	r5, [r1, #8]
 148 004e E468     		ldr	r4, [r4, #12]
 149 0050 0442     		tst	r4, r0
 150 0052 1EBF     		ittt	ne
 151 0054 8868     		ldrne	r0, [r1, #8]
 152 0056 40F00200 		orrne	r0, r0, #2
 153 005a 8860     		strne	r0, [r1, #8]
 154 005c B2F1C06F 		cmp	r2, #100663296
 155 0060 EBD1     		bne	.L38
 156 0062 9A08     		lsrs	r2, r3, #2
 157 0064 DB43     		mvns	r3, r3
 158 0066 0848     		ldr	r0, .L39+4
 159 0068 0232     		adds	r2, r2, #2
 160 006a 03F00303 		and	r3, r3, #3
 161 006e 50F82220 		ldr	r2, [r0, r2, lsl #2]
 162 0072 9B00     		lsls	r3, r3, #2
 163 0074 02FA03F3 		lsl	r3, r2, r3
 164 0078 1B0E     		lsrs	r3, r3, #24
 165 007a CB60     		str	r3, [r1, #12]
 166 007c DDE7     		b	.L38
 167              	.L28:
 168 007e 0120     		movs	r0, #1
 169 0080 DCE7     		b	.L21
 170              	.L40:
 171 0082 00BF     		.align	2
 172              	.L39:
 173 0084 003C0140 		.word	1073822720
 174 0088 00380140 		.word	1073821696
ARM GAS  /tmp/ccgf4Kcg.s 			page 4


 176              		.section	.text.HAL_EXTI_ClearConfigLine,"ax",%progbits
 177              		.align	1
 178              		.global	HAL_EXTI_ClearConfigLine
 179              		.syntax unified
 180              		.thumb
 181              		.thumb_func
 182              		.fpu fpv5-sp-d16
 184              	HAL_EXTI_ClearConfigLine:
 185              		@ args = 0, pretend = 0, frame = 0
 186              		@ frame_needed = 0, uses_anonymous_args = 0
 187 0000 30B5     		push	{r4, r5, lr}
 188 0002 70B3     		cbz	r0, .L45
 189 0004 0268     		ldr	r2, [r0]
 190 0006 0120     		movs	r0, #1
 191 0008 1749     		ldr	r1, .L47
 192 000a 02F01F03 		and	r3, r2, #31
 193 000e 0D68     		ldr	r5, [r1]
 194 0010 9840     		lsls	r0, r0, r3
 195 0012 25EA0005 		bic	r5, r5, r0
 196 0016 C443     		mvns	r4, r0
 197 0018 0D60     		str	r5, [r1]
 198 001a 4D68     		ldr	r5, [r1, #4]
 199 001c 25EA0000 		bic	r0, r5, r0
 200 0020 4860     		str	r0, [r1, #4]
 201 0022 9001     		lsls	r0, r2, #6
 202 0024 01D4     		bmi	.L43
 203              	.L46:
 204 0026 0020     		movs	r0, #0
 205              	.L42:
 206 0028 30BD     		pop	{r4, r5, pc}
 207              	.L43:
 208 002a 8868     		ldr	r0, [r1, #8]
 209 002c 2040     		ands	r0, r0, r4
 210 002e 8860     		str	r0, [r1, #8]
 211 0030 C868     		ldr	r0, [r1, #12]
 212 0032 0440     		ands	r4, r4, r0
 213 0034 CC60     		str	r4, [r1, #12]
 214 0036 02F0C061 		and	r1, r2, #100663296
 215 003a B1F1C06F 		cmp	r1, #100663296
 216 003e F2D1     		bne	.L46
 217 0040 03F01C03 		and	r3, r3, #28
 218 0044 02F00302 		and	r2, r2, #3
 219 0048 0F20     		movs	r0, #15
 220 004a 03F18043 		add	r3, r3, #1073741824
 221 004e 9200     		lsls	r2, r2, #2
 222 0050 03F59C33 		add	r3, r3, #79872
 223 0054 00FA02F2 		lsl	r2, r0, r2
 224 0058 9968     		ldr	r1, [r3, #8]
 225 005a 21EA0202 		bic	r2, r1, r2
 226 005e 9A60     		str	r2, [r3, #8]
 227 0060 E1E7     		b	.L46
 228              	.L45:
 229 0062 0120     		movs	r0, #1
 230 0064 E0E7     		b	.L42
 231              	.L48:
 232 0066 00BF     		.align	2
 233              	.L47:
ARM GAS  /tmp/ccgf4Kcg.s 			page 5


 234 0068 003C0140 		.word	1073822720
 236              		.section	.text.HAL_EXTI_RegisterCallback,"ax",%progbits
 237              		.align	1
 238              		.global	HAL_EXTI_RegisterCallback
 239              		.syntax unified
 240              		.thumb
 241              		.thumb_func
 242              		.fpu fpv5-sp-d16
 244              	HAL_EXTI_RegisterCallback:
 245              		@ args = 0, pretend = 0, frame = 0
 246              		@ frame_needed = 0, uses_anonymous_args = 0
 247              		@ link register save eliminated.
 248 0000 11B9     		cbnz	r1, .L51
 249 0002 4260     		str	r2, [r0, #4]
 250              	.L50:
 251 0004 0846     		mov	r0, r1
 252 0006 7047     		bx	lr
 253              	.L51:
 254 0008 0121     		movs	r1, #1
 255 000a FBE7     		b	.L50
 257              		.section	.text.HAL_EXTI_GetHandle,"ax",%progbits
 258              		.align	1
 259              		.global	HAL_EXTI_GetHandle
 260              		.syntax unified
 261              		.thumb
 262              		.thumb_func
 263              		.fpu fpv5-sp-d16
 265              	HAL_EXTI_GetHandle:
 266              		@ args = 0, pretend = 0, frame = 0
 267              		@ frame_needed = 0, uses_anonymous_args = 0
 268              		@ link register save eliminated.
 269 0000 10B1     		cbz	r0, .L54
 270 0002 0160     		str	r1, [r0]
 271 0004 0020     		movs	r0, #0
 272 0006 7047     		bx	lr
 273              	.L54:
 274 0008 0120     		movs	r0, #1
 275 000a 7047     		bx	lr
 277              		.section	.text.HAL_EXTI_IRQHandler,"ax",%progbits
 278              		.align	1
 279              		.global	HAL_EXTI_IRQHandler
 280              		.syntax unified
 281              		.thumb
 282              		.thumb_func
 283              		.fpu fpv5-sp-d16
 285              	HAL_EXTI_IRQHandler:
 286              		@ args = 0, pretend = 0, frame = 0
 287              		@ frame_needed = 0, uses_anonymous_args = 0
 288              		@ link register save eliminated.
 289 0000 0368     		ldr	r3, [r0]
 290 0002 03F01F02 		and	r2, r3, #31
 291 0006 0123     		movs	r3, #1
 292 0008 9340     		lsls	r3, r3, r2
 293 000a 044A     		ldr	r2, .L62
 294 000c 5169     		ldr	r1, [r2, #20]
 295 000e 1942     		tst	r1, r3
 296 0010 03D0     		beq	.L55
ARM GAS  /tmp/ccgf4Kcg.s 			page 6


 297 0012 5361     		str	r3, [r2, #20]
 298 0014 4368     		ldr	r3, [r0, #4]
 299 0016 03B1     		cbz	r3, .L55
 300 0018 1847     		bx	r3	@ indirect register sibling call
 301              	.L55:
 302 001a 7047     		bx	lr
 303              	.L63:
 304              		.align	2
 305              	.L62:
 306 001c 003C0140 		.word	1073822720
 308              		.section	.text.HAL_EXTI_GetPending,"ax",%progbits
 309              		.align	1
 310              		.global	HAL_EXTI_GetPending
 311              		.syntax unified
 312              		.thumb
 313              		.thumb_func
 314              		.fpu fpv5-sp-d16
 316              	HAL_EXTI_GetPending:
 317              		@ args = 0, pretend = 0, frame = 0
 318              		@ frame_needed = 0, uses_anonymous_args = 0
 319              		@ link register save eliminated.
 320 0000 0068     		ldr	r0, [r0]
 321 0002 054B     		ldr	r3, .L65
 322 0004 00F01F00 		and	r0, r0, #31
 323 0008 5A69     		ldr	r2, [r3, #20]
 324 000a 0123     		movs	r3, #1
 325 000c 8340     		lsls	r3, r3, r0
 326 000e 1340     		ands	r3, r3, r2
 327 0010 23FA00F0 		lsr	r0, r3, r0
 328 0014 7047     		bx	lr
 329              	.L66:
 330 0016 00BF     		.align	2
 331              	.L65:
 332 0018 003C0140 		.word	1073822720
 334              		.section	.text.HAL_EXTI_ClearPending,"ax",%progbits
 335              		.align	1
 336              		.global	HAL_EXTI_ClearPending
 337              		.syntax unified
 338              		.thumb
 339              		.thumb_func
 340              		.fpu fpv5-sp-d16
 342              	HAL_EXTI_ClearPending:
 343              		@ args = 0, pretend = 0, frame = 0
 344              		@ frame_needed = 0, uses_anonymous_args = 0
 345              		@ link register save eliminated.
 346 0000 0268     		ldr	r2, [r0]
 347 0002 0123     		movs	r3, #1
 348 0004 02F01F02 		and	r2, r2, #31
 349 0008 9340     		lsls	r3, r3, r2
 350 000a 014A     		ldr	r2, .L68
 351 000c 5361     		str	r3, [r2, #20]
 352 000e 7047     		bx	lr
 353              	.L69:
 354              		.align	2
 355              	.L68:
 356 0010 003C0140 		.word	1073822720
 358              		.section	.text.HAL_EXTI_GenerateSWI,"ax",%progbits
ARM GAS  /tmp/ccgf4Kcg.s 			page 7


 359              		.align	1
 360              		.global	HAL_EXTI_GenerateSWI
 361              		.syntax unified
 362              		.thumb
 363              		.thumb_func
 364              		.fpu fpv5-sp-d16
 366              	HAL_EXTI_GenerateSWI:
 367              		@ args = 0, pretend = 0, frame = 0
 368              		@ frame_needed = 0, uses_anonymous_args = 0
 369              		@ link register save eliminated.
 370 0000 0268     		ldr	r2, [r0]
 371 0002 0123     		movs	r3, #1
 372 0004 02F01F02 		and	r2, r2, #31
 373 0008 9340     		lsls	r3, r3, r2
 374 000a 014A     		ldr	r2, .L71
 375 000c 1361     		str	r3, [r2, #16]
 376 000e 7047     		bx	lr
 377              	.L72:
 378              		.align	2
 379              	.L71:
 380 0010 003C0140 		.word	1073822720
 382              		.ident	"GCC: (15:10.3-2021.07-4) 10.3.1 20210621 (release)"
ARM GAS  /tmp/ccgf4Kcg.s 			page 8


DEFINED SYMBOLS
                            *ABS*:0000000000000000 stm32f7xx_hal_exti.c
     /tmp/ccgf4Kcg.s:15     .text.HAL_EXTI_SetConfigLine:0000000000000000 $t
     /tmp/ccgf4Kcg.s:23     .text.HAL_EXTI_SetConfigLine:0000000000000000 HAL_EXTI_SetConfigLine
     /tmp/ccgf4Kcg.s:97     .text.HAL_EXTI_SetConfigLine:00000000000000a0 $d
     /tmp/ccgf4Kcg.s:100    .text.HAL_EXTI_GetConfigLine:0000000000000000 $t
     /tmp/ccgf4Kcg.s:107    .text.HAL_EXTI_GetConfigLine:0000000000000000 HAL_EXTI_GetConfigLine
     /tmp/ccgf4Kcg.s:173    .text.HAL_EXTI_GetConfigLine:0000000000000084 $d
     /tmp/ccgf4Kcg.s:177    .text.HAL_EXTI_ClearConfigLine:0000000000000000 $t
     /tmp/ccgf4Kcg.s:184    .text.HAL_EXTI_ClearConfigLine:0000000000000000 HAL_EXTI_ClearConfigLine
     /tmp/ccgf4Kcg.s:234    .text.HAL_EXTI_ClearConfigLine:0000000000000068 $d
     /tmp/ccgf4Kcg.s:237    .text.HAL_EXTI_RegisterCallback:0000000000000000 $t
     /tmp/ccgf4Kcg.s:244    .text.HAL_EXTI_RegisterCallback:0000000000000000 HAL_EXTI_RegisterCallback
     /tmp/ccgf4Kcg.s:258    .text.HAL_EXTI_GetHandle:0000000000000000 $t
     /tmp/ccgf4Kcg.s:265    .text.HAL_EXTI_GetHandle:0000000000000000 HAL_EXTI_GetHandle
     /tmp/ccgf4Kcg.s:278    .text.HAL_EXTI_IRQHandler:0000000000000000 $t
     /tmp/ccgf4Kcg.s:285    .text.HAL_EXTI_IRQHandler:0000000000000000 HAL_EXTI_IRQHandler
     /tmp/ccgf4Kcg.s:306    .text.HAL_EXTI_IRQHandler:000000000000001c $d
     /tmp/ccgf4Kcg.s:309    .text.HAL_EXTI_GetPending:0000000000000000 $t
     /tmp/ccgf4Kcg.s:316    .text.HAL_EXTI_GetPending:0000000000000000 HAL_EXTI_GetPending
     /tmp/ccgf4Kcg.s:332    .text.HAL_EXTI_GetPending:0000000000000018 $d
     /tmp/ccgf4Kcg.s:335    .text.HAL_EXTI_ClearPending:0000000000000000 $t
     /tmp/ccgf4Kcg.s:342    .text.HAL_EXTI_ClearPending:0000000000000000 HAL_EXTI_ClearPending
     /tmp/ccgf4Kcg.s:356    .text.HAL_EXTI_ClearPending:0000000000000010 $d
     /tmp/ccgf4Kcg.s:359    .text.HAL_EXTI_GenerateSWI:0000000000000000 $t
     /tmp/ccgf4Kcg.s:366    .text.HAL_EXTI_GenerateSWI:0000000000000000 HAL_EXTI_GenerateSWI
     /tmp/ccgf4Kcg.s:380    .text.HAL_EXTI_GenerateSWI:0000000000000010 $d

NO UNDEFINED SYMBOLS
