ARM GAS  /tmp/ccevm9nR.s 			page 1


   1              		.cpu cortex-m7
   2              		.eabi_attribute 27, 1
   3              		.eabi_attribute 20, 1
   4              		.eabi_attribute 21, 1
   5              		.eabi_attribute 23, 3
   6              		.eabi_attribute 24, 1
   7              		.eabi_attribute 25, 1
   8              		.eabi_attribute 26, 1
   9              		.eabi_attribute 30, 4
  10              		.eabi_attribute 34, 1
  11              		.eabi_attribute 18, 4
  12              		.file	"stm32f7xx_hal_pcd_ex.c"
  13              		.text
  14              		.section	.text.HAL_PCDEx_SetTxFiFo,"ax",%progbits
  15              		.align	1
  16              		.global	HAL_PCDEx_SetTxFiFo
  17              		.arch armv7e-m
  18              		.syntax unified
  19              		.thumb
  20              		.thumb_func
  21              		.fpu fpv5-sp-d16
  23              	HAL_PCDEx_SetTxFiFo:
  24              		@ args = 0, pretend = 0, frame = 0
  25              		@ frame_needed = 0, uses_anonymous_args = 0
  26 0000 0068     		ldr	r0, [r0]
  27 0002 1204     		lsls	r2, r2, #16
  28 0004 70B5     		push	{r4, r5, r6, lr}
  29 0006 446A     		ldr	r4, [r0, #36]
  30 0008 19B9     		cbnz	r1, .L2
  31 000a 2243     		orrs	r2, r2, r4
  32 000c 8262     		str	r2, [r0, #40]
  33              	.L3:
  34 000e 0020     		movs	r0, #0
  35 0010 70BD     		pop	{r4, r5, r6, pc}
  36              	.L2:
  37 0012 836A     		ldr	r3, [r0, #40]
  38 0014 4D1E     		subs	r5, r1, #1
  39 0016 04EB1344 		add	r4, r4, r3, lsr #16
  40 001a 0023     		movs	r3, #0
  41              	.L4:
  42 001c 5E1C     		adds	r6, r3, #1
  43 001e DBB2     		uxtb	r3, r3
  44 0020 9D42     		cmp	r5, r3
  45 0022 05D8     		bhi	.L5
  46 0024 3F31     		adds	r1, r1, #63
  47 0026 2243     		orrs	r2, r2, r4
  48 0028 00EB8100 		add	r0, r0, r1, lsl #2
  49 002c 4260     		str	r2, [r0, #4]
  50 002e EEE7     		b	.L3
  51              	.L5:
  52 0030 4033     		adds	r3, r3, #64
  53 0032 00EB8303 		add	r3, r0, r3, lsl #2
  54 0036 5B68     		ldr	r3, [r3, #4]
  55 0038 04EB1344 		add	r4, r4, r3, lsr #16
  56 003c 3346     		mov	r3, r6
  57 003e EDE7     		b	.L4
  59              		.section	.text.HAL_PCDEx_SetRxFiFo,"ax",%progbits
ARM GAS  /tmp/ccevm9nR.s 			page 2


  60              		.align	1
  61              		.global	HAL_PCDEx_SetRxFiFo
  62              		.syntax unified
  63              		.thumb
  64              		.thumb_func
  65              		.fpu fpv5-sp-d16
  67              	HAL_PCDEx_SetRxFiFo:
  68              		@ args = 0, pretend = 0, frame = 0
  69              		@ frame_needed = 0, uses_anonymous_args = 0
  70              		@ link register save eliminated.
  71 0000 0368     		ldr	r3, [r0]
  72 0002 0020     		movs	r0, #0
  73 0004 5962     		str	r1, [r3, #36]
  74 0006 7047     		bx	lr
  76              		.section	.text.HAL_PCDEx_ActivateLPM,"ax",%progbits
  77              		.align	1
  78              		.global	HAL_PCDEx_ActivateLPM
  79              		.syntax unified
  80              		.thumb
  81              		.thumb_func
  82              		.fpu fpv5-sp-d16
  84              	HAL_PCDEx_ActivateLPM:
  85              		@ args = 0, pretend = 0, frame = 0
  86              		@ frame_needed = 0, uses_anonymous_args = 0
  87              		@ link register save eliminated.
  88 0000 0268     		ldr	r2, [r0]
  89 0002 0021     		movs	r1, #0
  90 0004 0123     		movs	r3, #1
  91 0006 80F8F414 		strb	r1, [r0, #1268]
  92 000a C0F80035 		str	r3, [r0, #1280]
  93 000e 0846     		mov	r0, r1
  94 0010 9369     		ldr	r3, [r2, #24]
  95 0012 43F00063 		orr	r3, r3, #134217728
  96 0016 9361     		str	r3, [r2, #24]
  97 0018 536D     		ldr	r3, [r2, #84]
  98 001a 43F08053 		orr	r3, r3, #268435456
  99 001e 43F00303 		orr	r3, r3, #3
 100 0022 5365     		str	r3, [r2, #84]
 101 0024 7047     		bx	lr
 103              		.section	.text.HAL_PCDEx_DeActivateLPM,"ax",%progbits
 104              		.align	1
 105              		.global	HAL_PCDEx_DeActivateLPM
 106              		.syntax unified
 107              		.thumb
 108              		.thumb_func
 109              		.fpu fpv5-sp-d16
 111              	HAL_PCDEx_DeActivateLPM:
 112              		@ args = 0, pretend = 0, frame = 0
 113              		@ frame_needed = 0, uses_anonymous_args = 0
 114              		@ link register save eliminated.
 115 0000 0268     		ldr	r2, [r0]
 116 0002 0021     		movs	r1, #0
 117 0004 9369     		ldr	r3, [r2, #24]
 118 0006 C0F80015 		str	r1, [r0, #1280]
 119 000a 0846     		mov	r0, r1
 120 000c 23F00063 		bic	r3, r3, #134217728
 121 0010 9361     		str	r3, [r2, #24]
ARM GAS  /tmp/ccevm9nR.s 			page 3


 122 0012 536D     		ldr	r3, [r2, #84]
 123 0014 23F08053 		bic	r3, r3, #268435456
 124 0018 23F00303 		bic	r3, r3, #3
 125 001c 5365     		str	r3, [r2, #84]
 126 001e 7047     		bx	lr
 128              		.section	.text.HAL_PCDEx_LPM_Callback,"ax",%progbits
 129              		.align	1
 130              		.weak	HAL_PCDEx_LPM_Callback
 131              		.syntax unified
 132              		.thumb
 133              		.thumb_func
 134              		.fpu fpv5-sp-d16
 136              	HAL_PCDEx_LPM_Callback:
 137              		@ args = 0, pretend = 0, frame = 0
 138              		@ frame_needed = 0, uses_anonymous_args = 0
 139              		@ link register save eliminated.
 140 0000 7047     		bx	lr
 142              		.section	.text.HAL_PCDEx_BCD_Callback,"ax",%progbits
 143              		.align	1
 144              		.weak	HAL_PCDEx_BCD_Callback
 145              		.syntax unified
 146              		.thumb
 147              		.thumb_func
 148              		.fpu fpv5-sp-d16
 150              	HAL_PCDEx_BCD_Callback:
 151              		@ args = 0, pretend = 0, frame = 0
 152              		@ frame_needed = 0, uses_anonymous_args = 0
 153              		@ link register save eliminated.
 154 0000 7047     		bx	lr
 156              		.ident	"GCC: (15:10.3-2021.07-4) 10.3.1 20210621 (release)"
ARM GAS  /tmp/ccevm9nR.s 			page 4


DEFINED SYMBOLS
                            *ABS*:0000000000000000 stm32f7xx_hal_pcd_ex.c
     /tmp/ccevm9nR.s:15     .text.HAL_PCDEx_SetTxFiFo:0000000000000000 $t
     /tmp/ccevm9nR.s:23     .text.HAL_PCDEx_SetTxFiFo:0000000000000000 HAL_PCDEx_SetTxFiFo
     /tmp/ccevm9nR.s:60     .text.HAL_PCDEx_SetRxFiFo:0000000000000000 $t
     /tmp/ccevm9nR.s:67     .text.HAL_PCDEx_SetRxFiFo:0000000000000000 HAL_PCDEx_SetRxFiFo
     /tmp/ccevm9nR.s:77     .text.HAL_PCDEx_ActivateLPM:0000000000000000 $t
     /tmp/ccevm9nR.s:84     .text.HAL_PCDEx_ActivateLPM:0000000000000000 HAL_PCDEx_ActivateLPM
     /tmp/ccevm9nR.s:104    .text.HAL_PCDEx_DeActivateLPM:0000000000000000 $t
     /tmp/ccevm9nR.s:111    .text.HAL_PCDEx_DeActivateLPM:0000000000000000 HAL_PCDEx_DeActivateLPM
     /tmp/ccevm9nR.s:129    .text.HAL_PCDEx_LPM_Callback:0000000000000000 $t
     /tmp/ccevm9nR.s:136    .text.HAL_PCDEx_LPM_Callback:0000000000000000 HAL_PCDEx_LPM_Callback
     /tmp/ccevm9nR.s:143    .text.HAL_PCDEx_BCD_Callback:0000000000000000 $t
     /tmp/ccevm9nR.s:150    .text.HAL_PCDEx_BCD_Callback:0000000000000000 HAL_PCDEx_BCD_Callback

NO UNDEFINED SYMBOLS
