ARM GAS  /tmp/cc3yiUsX.s 			page 1


   1              		.cpu cortex-m7
   2              		.eabi_attribute 27, 1
   3              		.eabi_attribute 20, 1
   4              		.eabi_attribute 21, 1
   5              		.eabi_attribute 23, 3
   6              		.eabi_attribute 24, 1
   7              		.eabi_attribute 25, 1
   8              		.eabi_attribute 26, 1
   9              		.eabi_attribute 30, 4
  10              		.eabi_attribute 34, 1
  11              		.eabi_attribute 18, 4
  12              		.file	"stm32f7xx_hal_crc.c"
  13              		.text
  14              		.section	.text.CRC_Handle_8,"ax",%progbits
  15              		.align	1
  16              		.arch armv7e-m
  17              		.syntax unified
  18              		.thumb
  19              		.thumb_func
  20              		.fpu fpv5-sp-d16
  22              	CRC_Handle_8:
  23              		@ args = 0, pretend = 0, frame = 0
  24              		@ frame_needed = 0, uses_anonymous_args = 0
  25 0000 F0B5     		push	{r4, r5, r6, r7, lr}
  26 0002 22F00305 		bic	r5, r2, #3
  27 0006 0C46     		mov	r4, r1
  28 0008 9708     		lsrs	r7, r2, #2
  29 000a 0668     		ldr	r6, [r0]
  30 000c 0D44     		add	r5, r5, r1
  31              	.L2:
  32 000e A542     		cmp	r5, r4
  33 0010 08D1     		bne	.L3
  34 0012 12F00302 		ands	r2, r2, #3
  35 0016 1ED0     		beq	.L5
  36 0018 012A     		cmp	r2, #1
  37 001a 14D1     		bne	.L6
  38 001c 11F82730 		ldrb	r3, [r1, r7, lsl #2]	@ zero_extendqisi2
  39              	.L9:
  40 0020 3370     		strb	r3, [r6]
  41 0022 18E0     		b	.L5
  42              	.L3:
  43 0024 6378     		ldrb	r3, [r4, #1]	@ zero_extendqisi2
  44 0026 0434     		adds	r4, r4, #4
  45 0028 14F804CC 		ldrb	ip, [r4, #-4]	@ zero_extendqisi2
  46 002c 1B04     		lsls	r3, r3, #16
  47 002e 43EA0C63 		orr	r3, r3, ip, lsl #24
  48 0032 14F801CC 		ldrb	ip, [r4, #-1]	@ zero_extendqisi2
  49 0036 43EA0C03 		orr	r3, r3, ip
  50 003a 14F802CC 		ldrb	ip, [r4, #-2]	@ zero_extendqisi2
  51 003e 43EA0C23 		orr	r3, r3, ip, lsl #8
  52 0042 3360     		str	r3, [r6]
  53 0044 E3E7     		b	.L2
  54              	.L6:
  55 0046 6B78     		ldrb	r3, [r5, #1]	@ zero_extendqisi2
  56 0048 022A     		cmp	r2, #2
  57 004a 11F82720 		ldrb	r2, [r1, r7, lsl #2]	@ zero_extendqisi2
  58 004e 43EA0223 		orr	r3, r3, r2, lsl #8
ARM GAS  /tmp/cc3yiUsX.s 			page 2


  59 0052 3380     		strh	r3, [r6]	@ movhi
  60 0054 02D1     		bne	.L8
  61              	.L5:
  62 0056 0368     		ldr	r3, [r0]
  63 0058 1868     		ldr	r0, [r3]
  64 005a F0BD     		pop	{r4, r5, r6, r7, pc}
  65              	.L8:
  66 005c AB78     		ldrb	r3, [r5, #2]	@ zero_extendqisi2
  67 005e DFE7     		b	.L9
  69              		.section	.text.CRC_Handle_16,"ax",%progbits
  70              		.align	1
  71              		.syntax unified
  72              		.thumb
  73              		.thumb_func
  74              		.fpu fpv5-sp-d16
  76              	CRC_Handle_16:
  77              		@ args = 0, pretend = 0, frame = 0
  78              		@ frame_needed = 0, uses_anonymous_args = 0
  79 0000 F0B5     		push	{r4, r5, r6, r7, lr}
  80 0002 0068     		ldr	r0, [r0]
  81 0004 5508     		lsrs	r5, r2, #1
  82 0006 0023     		movs	r3, #0
  83 0008 8E1C     		adds	r6, r1, #2
  84              	.L11:
  85 000a 9D42     		cmp	r5, r3
  86 000c 06D1     		bne	.L12
  87 000e D307     		lsls	r3, r2, #31
  88 0010 02D5     		bpl	.L13
  89 0012 31F82530 		ldrh	r3, [r1, r5, lsl #2]
  90 0016 0380     		strh	r3, [r0]	@ movhi
  91              	.L13:
  92 0018 0068     		ldr	r0, [r0]
  93 001a F0BD     		pop	{r4, r5, r6, r7, pc}
  94              	.L12:
  95 001c 31F82370 		ldrh	r7, [r1, r3, lsl #2]
  96 0020 36F82340 		ldrh	r4, [r6, r3, lsl #2]
  97 0024 0133     		adds	r3, r3, #1
  98 0026 44EA0744 		orr	r4, r4, r7, lsl #16
  99 002a 0460     		str	r4, [r0]
 100 002c EDE7     		b	.L11
 102              		.section	.text.HAL_CRC_MspInit,"ax",%progbits
 103              		.align	1
 104              		.weak	HAL_CRC_MspInit
 105              		.syntax unified
 106              		.thumb
 107              		.thumb_func
 108              		.fpu fpv5-sp-d16
 110              	HAL_CRC_MspInit:
 111              		@ args = 0, pretend = 0, frame = 0
 112              		@ frame_needed = 0, uses_anonymous_args = 0
 113              		@ link register save eliminated.
 114 0000 7047     		bx	lr
 116              		.section	.text.HAL_CRC_Init,"ax",%progbits
 117              		.align	1
 118              		.global	HAL_CRC_Init
 119              		.syntax unified
 120              		.thumb
ARM GAS  /tmp/cc3yiUsX.s 			page 3


 121              		.thumb_func
 122              		.fpu fpv5-sp-d16
 124              	HAL_CRC_Init:
 125              		@ args = 0, pretend = 0, frame = 0
 126              		@ frame_needed = 0, uses_anonymous_args = 0
 127 0000 10B5     		push	{r4, lr}
 128 0002 0446     		mov	r4, r0
 129 0004 08B9     		cbnz	r0, .L19
 130              	.L24:
 131 0006 0120     		movs	r0, #1
 132              	.L20:
 133 0008 10BD     		pop	{r4, pc}
 134              	.L19:
 135 000a 437F     		ldrb	r3, [r0, #29]	@ zero_extendqisi2
 136 000c 03F0FF02 		and	r2, r3, #255
 137 0010 13B9     		cbnz	r3, .L21
 138 0012 0277     		strb	r2, [r0, #28]
 139 0014 FFF7FEFF 		bl	HAL_CRC_MspInit
 140              	.L21:
 141 0018 0223     		movs	r3, #2
 142 001a 6377     		strb	r3, [r4, #29]
 143 001c 2379     		ldrb	r3, [r4, #4]	@ zero_extendqisi2
 144 001e E3B9     		cbnz	r3, .L22
 145 0020 2368     		ldr	r3, [r4]
 146 0022 134A     		ldr	r2, .L28
 147 0024 5A61     		str	r2, [r3, #20]
 148 0026 9A68     		ldr	r2, [r3, #8]
 149 0028 22F01802 		bic	r2, r2, #24
 150 002c 9A60     		str	r2, [r3, #8]
 151              	.L23:
 152 002e 6279     		ldrb	r2, [r4, #5]	@ zero_extendqisi2
 153 0030 2368     		ldr	r3, [r4]
 154 0032 D2B9     		cbnz	r2, .L25
 155 0034 4FF0FF32 		mov	r2, #-1
 156              	.L27:
 157 0038 1A61     		str	r2, [r3, #16]
 158 003a 0020     		movs	r0, #0
 159 003c 9A68     		ldr	r2, [r3, #8]
 160 003e 6169     		ldr	r1, [r4, #20]
 161 0040 22F06002 		bic	r2, r2, #96
 162 0044 0A43     		orrs	r2, r2, r1
 163 0046 A169     		ldr	r1, [r4, #24]
 164 0048 9A60     		str	r2, [r3, #8]
 165 004a 9A68     		ldr	r2, [r3, #8]
 166 004c 22F08002 		bic	r2, r2, #128
 167 0050 0A43     		orrs	r2, r2, r1
 168 0052 9A60     		str	r2, [r3, #8]
 169 0054 0123     		movs	r3, #1
 170 0056 6377     		strb	r3, [r4, #29]
 171 0058 D6E7     		b	.L20
 172              	.L22:
 173 005a D4E90212 		ldrd	r1, r2, [r4, #8]
 174 005e 2046     		mov	r0, r4
 175 0060 FFF7FEFF 		bl	HAL_CRCEx_Polynomial_Set
 176 0064 0028     		cmp	r0, #0
 177 0066 E2D0     		beq	.L23
 178 0068 CDE7     		b	.L24
ARM GAS  /tmp/cc3yiUsX.s 			page 4


 179              	.L25:
 180 006a 2269     		ldr	r2, [r4, #16]
 181 006c E4E7     		b	.L27
 182              	.L29:
 183 006e 00BF     		.align	2
 184              	.L28:
 185 0070 B71DC104 		.word	79764919
 187              		.section	.text.HAL_CRC_MspDeInit,"ax",%progbits
 188              		.align	1
 189              		.weak	HAL_CRC_MspDeInit
 190              		.syntax unified
 191              		.thumb
 192              		.thumb_func
 193              		.fpu fpv5-sp-d16
 195              	HAL_CRC_MspDeInit:
 196              		@ args = 0, pretend = 0, frame = 0
 197              		@ frame_needed = 0, uses_anonymous_args = 0
 198              		@ link register save eliminated.
 199 0000 7047     		bx	lr
 201              		.section	.text.HAL_CRC_DeInit,"ax",%progbits
 202              		.align	1
 203              		.global	HAL_CRC_DeInit
 204              		.syntax unified
 205              		.thumb
 206              		.thumb_func
 207              		.fpu fpv5-sp-d16
 209              	HAL_CRC_DeInit:
 210              		@ args = 0, pretend = 0, frame = 0
 211              		@ frame_needed = 0, uses_anonymous_args = 0
 212 0000 38B5     		push	{r3, r4, r5, lr}
 213 0002 0546     		mov	r5, r0
 214 0004 98B1     		cbz	r0, .L33
 215 0006 437F     		ldrb	r3, [r0, #29]	@ zero_extendqisi2
 216 0008 022B     		cmp	r3, #2
 217 000a DCB2     		uxtb	r4, r3
 218 000c 0DD0     		beq	.L32
 219 000e 0223     		movs	r3, #2
 220 0010 0024     		movs	r4, #0
 221 0012 4377     		strb	r3, [r0, #29]
 222 0014 0368     		ldr	r3, [r0]
 223 0016 9A68     		ldr	r2, [r3, #8]
 224 0018 42F00102 		orr	r2, r2, #1
 225 001c 9A60     		str	r2, [r3, #8]
 226 001e 1A79     		ldrb	r2, [r3, #4]	@ zero_extendqisi2
 227 0020 1C71     		strb	r4, [r3, #4]
 228 0022 FFF7FEFF 		bl	HAL_CRC_MspDeInit
 229 0026 6C77     		strb	r4, [r5, #29]
 230 0028 2C77     		strb	r4, [r5, #28]
 231              	.L32:
 232 002a 2046     		mov	r0, r4
 233 002c 38BD     		pop	{r3, r4, r5, pc}
 234              	.L33:
 235 002e 0124     		movs	r4, #1
 236 0030 FBE7     		b	.L32
 238              		.section	.text.HAL_CRC_Accumulate,"ax",%progbits
 239              		.align	1
 240              		.global	HAL_CRC_Accumulate
ARM GAS  /tmp/cc3yiUsX.s 			page 5


 241              		.syntax unified
 242              		.thumb
 243              		.thumb_func
 244              		.fpu fpv5-sp-d16
 246              	HAL_CRC_Accumulate:
 247              		@ args = 0, pretend = 0, frame = 0
 248              		@ frame_needed = 0, uses_anonymous_args = 0
 249 0000 70B5     		push	{r4, r5, r6, lr}
 250 0002 0226     		movs	r6, #2
 251 0004 0446     		mov	r4, r0
 252 0006 4677     		strb	r6, [r0, #29]
 253 0008 066A     		ldr	r6, [r0, #32]
 254 000a 022E     		cmp	r6, #2
 255 000c 15D0     		beq	.L38
 256 000e 032E     		cmp	r6, #3
 257 0010 05D0     		beq	.L39
 258 0012 012E     		cmp	r6, #1
 259 0014 0ED0     		beq	.L40
 260 0016 0020     		movs	r0, #0
 261              	.L41:
 262 0018 0123     		movs	r3, #1
 263 001a 6377     		strb	r3, [r4, #29]
 264 001c 70BD     		pop	{r4, r5, r6, pc}
 265              	.L39:
 266 001e 01EB8205 		add	r5, r1, r2, lsl #2
 267 0022 0368     		ldr	r3, [r0]
 268              	.L42:
 269 0024 A942     		cmp	r1, r5
 270 0026 01D1     		bne	.L43
 271 0028 1868     		ldr	r0, [r3]
 272 002a F5E7     		b	.L41
 273              	.L43:
 274 002c 51F8042B 		ldr	r2, [r1], #4
 275 0030 1A60     		str	r2, [r3]
 276 0032 F7E7     		b	.L42
 277              	.L40:
 278 0034 FFF7FEFF 		bl	CRC_Handle_8
 279 0038 EEE7     		b	.L41
 280              	.L38:
 281 003a FFF7FEFF 		bl	CRC_Handle_16
 282 003e EBE7     		b	.L41
 284              		.section	.text.HAL_CRC_Calculate,"ax",%progbits
 285              		.align	1
 286              		.global	HAL_CRC_Calculate
 287              		.syntax unified
 288              		.thumb
 289              		.thumb_func
 290              		.fpu fpv5-sp-d16
 292              	HAL_CRC_Calculate:
 293              		@ args = 0, pretend = 0, frame = 0
 294              		@ frame_needed = 0, uses_anonymous_args = 0
 295 0000 F8B5     		push	{r3, r4, r5, r6, r7, lr}
 296 0002 0226     		movs	r6, #2
 297 0004 0446     		mov	r4, r0
 298 0006 4677     		strb	r6, [r0, #29]
 299 0008 0668     		ldr	r6, [r0]
 300 000a B768     		ldr	r7, [r6, #8]
ARM GAS  /tmp/cc3yiUsX.s 			page 6


 301 000c 47F00107 		orr	r7, r7, #1
 302 0010 B760     		str	r7, [r6, #8]
 303 0012 076A     		ldr	r7, [r0, #32]
 304 0014 022F     		cmp	r7, #2
 305 0016 14D0     		beq	.L45
 306 0018 032F     		cmp	r7, #3
 307 001a 05D0     		beq	.L46
 308 001c 012F     		cmp	r7, #1
 309 001e 0DD0     		beq	.L47
 310 0020 0020     		movs	r0, #0
 311              	.L48:
 312 0022 0123     		movs	r3, #1
 313 0024 6377     		strb	r3, [r4, #29]
 314 0026 F8BD     		pop	{r3, r4, r5, r6, r7, pc}
 315              	.L46:
 316 0028 01EB8205 		add	r5, r1, r2, lsl #2
 317              	.L49:
 318 002c A942     		cmp	r1, r5
 319 002e 01D1     		bne	.L50
 320 0030 3068     		ldr	r0, [r6]
 321 0032 F6E7     		b	.L48
 322              	.L50:
 323 0034 51F8043B 		ldr	r3, [r1], #4
 324 0038 3360     		str	r3, [r6]
 325 003a F7E7     		b	.L49
 326              	.L47:
 327 003c FFF7FEFF 		bl	CRC_Handle_8
 328 0040 EFE7     		b	.L48
 329              	.L45:
 330 0042 FFF7FEFF 		bl	CRC_Handle_16
 331 0046 ECE7     		b	.L48
 333              		.section	.text.HAL_CRC_GetState,"ax",%progbits
 334              		.align	1
 335              		.global	HAL_CRC_GetState
 336              		.syntax unified
 337              		.thumb
 338              		.thumb_func
 339              		.fpu fpv5-sp-d16
 341              	HAL_CRC_GetState:
 342              		@ args = 0, pretend = 0, frame = 0
 343              		@ frame_needed = 0, uses_anonymous_args = 0
 344              		@ link register save eliminated.
 345 0000 407F     		ldrb	r0, [r0, #29]	@ zero_extendqisi2
 346 0002 7047     		bx	lr
 348              		.ident	"GCC: (15:10.3-2021.07-4) 10.3.1 20210621 (release)"
ARM GAS  /tmp/cc3yiUsX.s 			page 7


DEFINED SYMBOLS
                            *ABS*:0000000000000000 stm32f7xx_hal_crc.c
     /tmp/cc3yiUsX.s:15     .text.CRC_Handle_8:0000000000000000 $t
     /tmp/cc3yiUsX.s:22     .text.CRC_Handle_8:0000000000000000 CRC_Handle_8
     /tmp/cc3yiUsX.s:70     .text.CRC_Handle_16:0000000000000000 $t
     /tmp/cc3yiUsX.s:76     .text.CRC_Handle_16:0000000000000000 CRC_Handle_16
     /tmp/cc3yiUsX.s:103    .text.HAL_CRC_MspInit:0000000000000000 $t
     /tmp/cc3yiUsX.s:110    .text.HAL_CRC_MspInit:0000000000000000 HAL_CRC_MspInit
     /tmp/cc3yiUsX.s:117    .text.HAL_CRC_Init:0000000000000000 $t
     /tmp/cc3yiUsX.s:124    .text.HAL_CRC_Init:0000000000000000 HAL_CRC_Init
     /tmp/cc3yiUsX.s:185    .text.HAL_CRC_Init:0000000000000070 $d
     /tmp/cc3yiUsX.s:188    .text.HAL_CRC_MspDeInit:0000000000000000 $t
     /tmp/cc3yiUsX.s:195    .text.HAL_CRC_MspDeInit:0000000000000000 HAL_CRC_MspDeInit
     /tmp/cc3yiUsX.s:202    .text.HAL_CRC_DeInit:0000000000000000 $t
     /tmp/cc3yiUsX.s:209    .text.HAL_CRC_DeInit:0000000000000000 HAL_CRC_DeInit
     /tmp/cc3yiUsX.s:239    .text.HAL_CRC_Accumulate:0000000000000000 $t
     /tmp/cc3yiUsX.s:246    .text.HAL_CRC_Accumulate:0000000000000000 HAL_CRC_Accumulate
     /tmp/cc3yiUsX.s:285    .text.HAL_CRC_Calculate:0000000000000000 $t
     /tmp/cc3yiUsX.s:292    .text.HAL_CRC_Calculate:0000000000000000 HAL_CRC_Calculate
     /tmp/cc3yiUsX.s:334    .text.HAL_CRC_GetState:0000000000000000 $t
     /tmp/cc3yiUsX.s:341    .text.HAL_CRC_GetState:0000000000000000 HAL_CRC_GetState

UNDEFINED SYMBOLS
HAL_CRCEx_Polynomial_Set
