ARM GAS  /tmp/ccxXgHa6.s 			page 1


   1              		.cpu cortex-m7
   2              		.eabi_attribute 27, 1
   3              		.eabi_attribute 20, 1
   4              		.eabi_attribute 21, 1
   5              		.eabi_attribute 23, 3
   6              		.eabi_attribute 24, 1
   7              		.eabi_attribute 25, 1
   8              		.eabi_attribute 26, 1
   9              		.eabi_attribute 30, 4
  10              		.eabi_attribute 34, 1
  11              		.eabi_attribute 18, 4
  12              		.file	"system_stm32f7xx.c"
  13              		.text
  14              		.section	.text.SystemInit,"ax",%progbits
  15              		.align	1
  16              		.global	SystemInit
  17              		.arch armv7e-m
  18              		.syntax unified
  19              		.thumb
  20              		.thumb_func
  21              		.fpu fpv5-sp-d16
  23              	SystemInit:
  24              		@ args = 0, pretend = 0, frame = 0
  25              		@ frame_needed = 0, uses_anonymous_args = 0
  26              		@ link register save eliminated.
  27 0000 054B     		ldr	r3, .L2
  28 0002 D3F88820 		ldr	r2, [r3, #136]
  29 0006 42F47002 		orr	r2, r2, #15728640
  30 000a C3F88820 		str	r2, [r3, #136]
  31 000e 4FF00062 		mov	r2, #134217728
  32 0012 9A60     		str	r2, [r3, #8]
  33 0014 7047     		bx	lr
  34              	.L3:
  35 0016 00BF     		.align	2
  36              	.L2:
  37 0018 00ED00E0 		.word	-536810240
  39              		.section	.text.SystemCoreClockUpdate,"ax",%progbits
  40              		.align	1
  41              		.global	SystemCoreClockUpdate
  42              		.syntax unified
  43              		.thumb
  44              		.thumb_func
  45              		.fpu fpv5-sp-d16
  47              	SystemCoreClockUpdate:
  48              		@ args = 0, pretend = 0, frame = 0
  49              		@ frame_needed = 0, uses_anonymous_args = 0
  50              		@ link register save eliminated.
  51 0000 174A     		ldr	r2, .L12
  52 0002 1849     		ldr	r1, .L12+4
  53 0004 9368     		ldr	r3, [r2, #8]
  54 0006 03F00C03 		and	r3, r3, #12
  55 000a 042B     		cmp	r3, #4
  56 000c 0DD0     		beq	.L5
  57 000e 082B     		cmp	r3, #8
  58 0010 0DD0     		beq	.L6
  59 0012 154B     		ldr	r3, .L12+8
  60              	.L11:
ARM GAS  /tmp/ccxXgHa6.s 			page 2


  61 0014 0B60     		str	r3, [r1]
  62 0016 124B     		ldr	r3, .L12
  63 0018 144A     		ldr	r2, .L12+12
  64 001a 9B68     		ldr	r3, [r3, #8]
  65 001c C3F30313 		ubfx	r3, r3, #4, #4
  66 0020 D25C     		ldrb	r2, [r2, r3]	@ zero_extendqisi2
  67 0022 0B68     		ldr	r3, [r1]
  68 0024 D340     		lsrs	r3, r3, r2
  69 0026 0B60     		str	r3, [r1]
  70 0028 7047     		bx	lr
  71              	.L5:
  72 002a 114B     		ldr	r3, .L12+16
  73 002c F2E7     		b	.L11
  74              	.L6:
  75 002e 5368     		ldr	r3, [r2, #4]
  76 0030 5068     		ldr	r0, [r2, #4]
  77 0032 13F4800F 		tst	r3, #4194304
  78 0036 5368     		ldr	r3, [r2, #4]
  79 0038 00F03F00 		and	r0, r0, #63
  80 003c 18BF     		it	ne
  81 003e 0C4A     		ldrne	r2, .L12+16
  82 0040 C3F38813 		ubfx	r3, r3, #6, #9
  83 0044 08BF     		it	eq
  84 0046 084A     		ldreq	r2, .L12+8
  85 0048 B2FBF0F0 		udiv	r0, r2, r0
  86 004c 044A     		ldr	r2, .L12
  87 004e 4343     		muls	r3, r0, r3
  88 0050 5268     		ldr	r2, [r2, #4]
  89 0052 C2F30142 		ubfx	r2, r2, #16, #2
  90 0056 0132     		adds	r2, r2, #1
  91 0058 5200     		lsls	r2, r2, #1
  92 005a B3FBF2F3 		udiv	r3, r3, r2
  93 005e D9E7     		b	.L11
  94              	.L13:
  95              		.align	2
  96              	.L12:
  97 0060 00380240 		.word	1073887232
  98 0064 00000000 		.word	.LANCHOR0
  99 0068 0024F400 		.word	16000000
 100 006c 00000000 		.word	.LANCHOR1
 101 0070 00127A00 		.word	8000000
 103              		.global	APBPrescTable
 104              		.global	AHBPrescTable
 105              		.global	SystemCoreClock
 106              		.section	.data.SystemCoreClock,"aw"
 107              		.align	2
 108              		.set	.LANCHOR0,. + 0
 111              	SystemCoreClock:
 112 0000 0024F400 		.word	16000000
 113              		.section	.rodata.AHBPrescTable,"a"
 114              		.set	.LANCHOR1,. + 0
 117              	AHBPrescTable:
 118 0000 00000000 		.ascii	"\000\000\000\000\000\000\000\000\001\002\003\004\006"
 118      00000000 
 118      01020304 
 118      06
 119 000d 070809   		.ascii	"\007\010\011"
ARM GAS  /tmp/ccxXgHa6.s 			page 3


 120              		.section	.rodata.APBPrescTable,"a"
 123              	APBPrescTable:
 124 0000 00000000 		.ascii	"\000\000\000\000\001\002\003\004"
 124      01020304 
 125              		.ident	"GCC: (15:10.3-2021.07-4) 10.3.1 20210621 (release)"
ARM GAS  /tmp/ccxXgHa6.s 			page 4


DEFINED SYMBOLS
                            *ABS*:0000000000000000 system_stm32f7xx.c
     /tmp/ccxXgHa6.s:15     .text.SystemInit:0000000000000000 $t
     /tmp/ccxXgHa6.s:23     .text.SystemInit:0000000000000000 SystemInit
     /tmp/ccxXgHa6.s:37     .text.SystemInit:0000000000000018 $d
     /tmp/ccxXgHa6.s:40     .text.SystemCoreClockUpdate:0000000000000000 $t
     /tmp/ccxXgHa6.s:47     .text.SystemCoreClockUpdate:0000000000000000 SystemCoreClockUpdate
     /tmp/ccxXgHa6.s:97     .text.SystemCoreClockUpdate:0000000000000060 $d
     /tmp/ccxXgHa6.s:123    .rodata.APBPrescTable:0000000000000000 APBPrescTable
     /tmp/ccxXgHa6.s:117    .rodata.AHBPrescTable:0000000000000000 AHBPrescTable
     /tmp/ccxXgHa6.s:111    .data.SystemCoreClock:0000000000000000 SystemCoreClock
     /tmp/ccxXgHa6.s:107    .data.SystemCoreClock:0000000000000000 $d

NO UNDEFINED SYMBOLS
