ARM GAS  /tmp/ccZ2OjfW.s 			page 1


   1              		.cpu cortex-m7
   2              		.eabi_attribute 27, 1
   3              		.eabi_attribute 20, 1
   4              		.eabi_attribute 21, 1
   5              		.eabi_attribute 23, 3
   6              		.eabi_attribute 24, 1
   7              		.eabi_attribute 25, 1
   8              		.eabi_attribute 26, 1
   9              		.eabi_attribute 30, 4
  10              		.eabi_attribute 34, 1
  11              		.eabi_attribute 18, 4
  12              		.file	"usb_device.c"
  13              		.text
  14              		.section	.text.MX_USB_DEVICE_Init,"ax",%progbits
  15              		.align	1
  16              		.global	MX_USB_DEVICE_Init
  17              		.arch armv7e-m
  18              		.syntax unified
  19              		.thumb
  20              		.thumb_func
  21              		.fpu fpv5-sp-d16
  23              	MX_USB_DEVICE_Init:
  24              		@ args = 0, pretend = 0, frame = 0
  25              		@ frame_needed = 0, uses_anonymous_args = 0
  26 0000 08B5     		push	{r3, lr}
  27 0002 0022     		movs	r2, #0
  28 0004 0E49     		ldr	r1, .L15
  29 0006 0F48     		ldr	r0, .L15+4
  30 0008 FFF7FEFF 		bl	USBD_Init
  31 000c 08B1     		cbz	r0, .L2
  32 000e FFF7FEFF 		bl	Error_Handler
  33              	.L2:
  34 0012 0D49     		ldr	r1, .L15+8
  35 0014 0B48     		ldr	r0, .L15+4
  36 0016 FFF7FEFF 		bl	USBD_RegisterClass
  37 001a 08B1     		cbz	r0, .L3
  38 001c FFF7FEFF 		bl	Error_Handler
  39              	.L3:
  40 0020 0A49     		ldr	r1, .L15+12
  41 0022 0848     		ldr	r0, .L15+4
  42 0024 FFF7FEFF 		bl	USBD_CDC_RegisterInterface
  43 0028 08B1     		cbz	r0, .L4
  44 002a FFF7FEFF 		bl	Error_Handler
  45              	.L4:
  46 002e 0548     		ldr	r0, .L15+4
  47 0030 FFF7FEFF 		bl	USBD_Start
  48 0034 18B1     		cbz	r0, .L1
  49 0036 BDE80840 		pop	{r3, lr}
  50 003a FFF7FEBF 		b	Error_Handler
  51              	.L1:
  52 003e 08BD     		pop	{r3, pc}
  53              	.L16:
  54              		.align	2
  55              	.L15:
  56 0040 00000000 		.word	FS_Desc
  57 0044 00000000 		.word	.LANCHOR0
  58 0048 00000000 		.word	USBD_CDC
ARM GAS  /tmp/ccZ2OjfW.s 			page 2


  59 004c 00000000 		.word	USBD_Interface_fops_FS
  61              		.global	hUsbDeviceFS
  62              		.section	.bss.hUsbDeviceFS,"aw",%nobits
  63              		.align	2
  64              		.set	.LANCHOR0,. + 0
  67              	hUsbDeviceFS:
  68 0000 00000000 		.space	732
  68      00000000 
  68      00000000 
  68      00000000 
  68      00000000 
  69              		.ident	"GCC: (15:10.3-2021.07-4) 10.3.1 20210621 (release)"
ARM GAS  /tmp/ccZ2OjfW.s 			page 3


DEFINED SYMBOLS
                            *ABS*:0000000000000000 usb_device.c
     /tmp/ccZ2OjfW.s:15     .text.MX_USB_DEVICE_Init:0000000000000000 $t
     /tmp/ccZ2OjfW.s:23     .text.MX_USB_DEVICE_Init:0000000000000000 MX_USB_DEVICE_Init
     /tmp/ccZ2OjfW.s:56     .text.MX_USB_DEVICE_Init:0000000000000040 $d
     /tmp/ccZ2OjfW.s:67     .bss.hUsbDeviceFS:0000000000000000 hUsbDeviceFS
     /tmp/ccZ2OjfW.s:63     .bss.hUsbDeviceFS:0000000000000000 $d

UNDEFINED SYMBOLS
USBD_Init
Error_Handler
USBD_RegisterClass
USBD_CDC_RegisterInterface
USBD_Start
FS_Desc
USBD_CDC
USBD_Interface_fops_FS
