ARM GAS  /tmp/ccyQcMCd.s 			page 1


   1              		.cpu cortex-m7
   2              		.eabi_attribute 27, 1
   3              		.eabi_attribute 20, 1
   4              		.eabi_attribute 21, 1
   5              		.eabi_attribute 23, 3
   6              		.eabi_attribute 24, 1
   7              		.eabi_attribute 25, 1
   8              		.eabi_attribute 26, 1
   9              		.eabi_attribute 30, 4
  10              		.eabi_attribute 34, 1
  11              		.eabi_attribute 18, 4
  12              		.file	"usbd_ctlreq.c"
  13              		.text
  14              		.section	.text.USBD_CtlError.constprop.0,"ax",%progbits
  15              		.align	1
  16              		.arch armv7e-m
  17              		.syntax unified
  18              		.thumb
  19              		.thumb_func
  20              		.fpu fpv5-sp-d16
  22              	USBD_CtlError.constprop.0:
  23              		@ args = 0, pretend = 0, frame = 0
  24              		@ frame_needed = 0, uses_anonymous_args = 0
  25 0000 10B5     		push	{r4, lr}
  26 0002 0446     		mov	r4, r0
  27 0004 8021     		movs	r1, #128
  28 0006 FFF7FEFF 		bl	USBD_LL_StallEP
  29 000a 0021     		movs	r1, #0
  30 000c 2046     		mov	r0, r4
  31 000e BDE81040 		pop	{r4, lr}
  32 0012 FFF7FEBF 		b	USBD_LL_StallEP
  34              		.section	.text.USBD_StdDevReq,"ax",%progbits
  35              		.align	1
  36              		.global	USBD_StdDevReq
  37              		.syntax unified
  38              		.thumb
  39              		.thumb_func
  40              		.fpu fpv5-sp-d16
  42              	USBD_StdDevReq:
  43              		@ args = 0, pretend = 0, frame = 8
  44              		@ frame_needed = 0, uses_anonymous_args = 0
  45 0000 2DE9F341 		push	{r0, r1, r4, r5, r6, r7, r8, lr}
  46 0004 0D78     		ldrb	r5, [r1]	@ zero_extendqisi2
  47 0006 0446     		mov	r4, r0
  48 0008 0E46     		mov	r6, r1
  49 000a 05F06005 		and	r5, r5, #96
  50 000e 202D     		cmp	r5, #32
  51 0010 14D0     		beq	.L3
  52 0012 402D     		cmp	r5, #64
  53 0014 12D0     		beq	.L3
  54 0016 002D     		cmp	r5, #0
  55 0018 40F01281 		bne	.L5
  56 001c 4F78     		ldrb	r7, [r1, #1]	@ zero_extendqisi2
  57 001e 092F     		cmp	r7, #9
  58 0020 00F20E81 		bhi	.L5
  59 0024 DFE817F0 		tbh	[pc, r7, lsl #1]
  60              	.L7:
ARM GAS  /tmp/ccyQcMCd.s 			page 2


  61 0028 1301     		.2byte	(.L13-.L7)/2
  62 002a 3A01     		.2byte	(.L12-.L7)/2
  63 002c 0C01     		.2byte	(.L5-.L7)/2
  64 002e 2901     		.2byte	(.L11-.L7)/2
  65 0030 0C01     		.2byte	(.L5-.L7)/2
  66 0032 8E00     		.2byte	(.L10-.L7)/2
  67 0034 1600     		.2byte	(.L9-.L7)/2
  68 0036 0C01     		.2byte	(.L5-.L7)/2
  69 0038 FB00     		.2byte	(.L8-.L7)/2
  70 003a AA00     		.2byte	(.L6-.L7)/2
  71              		.p2align 1
  72              	.L3:
  73 003c D4F8D432 		ldr	r3, [r4, #724]
  74 0040 3146     		mov	r1, r6
  75 0042 2046     		mov	r0, r4
  76 0044 AE33     		adds	r3, r3, #174
  77 0046 54F82330 		ldr	r3, [r4, r3, lsl #2]
  78 004a 9B68     		ldr	r3, [r3, #8]
  79 004c 02B0     		add	sp, sp, #8
  80              		@ sp needed
  81 004e BDE8F041 		pop	{r4, r5, r6, r7, r8, lr}
  82 0052 1847     		bx	r3
  83              	.L9:
  84 0054 0023     		movs	r3, #0
  85 0056 ADF80630 		strh	r3, [sp, #6]	@ movhi
  86 005a 4B88     		ldrh	r3, [r1, #2]
  87 005c 1A0A     		lsrs	r2, r3, #8
  88 005e 013A     		subs	r2, r2, #1
  89 0060 0E2A     		cmp	r2, #14
  90 0062 0DD8     		bhi	.L35
  91 0064 DFE802F0 		tbb	[pc, r2]
  92              	.L16:
  93 0068 13       		.byte	(.L21-.L16)/2
  94 0069 2C       		.byte	(.L20-.L16)/2
  95 006a 39       		.byte	(.L19-.L16)/2
  96 006b 0C       		.byte	(.L35-.L16)/2
  97 006c 0C       		.byte	(.L35-.L16)/2
  98 006d 59       		.byte	(.L18-.L16)/2
  99 006e 63       		.byte	(.L17-.L16)/2
 100 006f 0C       		.byte	(.L35-.L16)/2
 101 0070 0C       		.byte	(.L35-.L16)/2
 102 0071 0C       		.byte	(.L35-.L16)/2
 103 0072 0C       		.byte	(.L35-.L16)/2
 104 0073 0C       		.byte	(.L35-.L16)/2
 105 0074 0C       		.byte	(.L35-.L16)/2
 106 0075 0C       		.byte	(.L35-.L16)/2
 107 0076 08       		.byte	(.L15-.L16)/2
 108 0077 00       		.p2align 1
 109              	.L15:
 110 0078 D0F8B432 		ldr	r3, [r0, #692]
 111 007c DB69     		ldr	r3, [r3, #28]
 112              	.L102:
 113 007e 4BB9     		cbnz	r3, .L92
 114              	.L35:
 115 0080 2046     		mov	r0, r4
 116 0082 FFF7FEFF 		bl	USBD_CtlError.constprop.0
 117              	.L33:
ARM GAS  /tmp/ccyQcMCd.s 			page 3


 118 0086 2846     		mov	r0, r5
 119 0088 02B0     		add	sp, sp, #8
 120              		@ sp needed
 121 008a BDE8F081 		pop	{r4, r5, r6, r7, r8, pc}
 122              	.L21:
 123 008e D0F8B432 		ldr	r3, [r0, #692]
 124 0092 1B68     		ldr	r3, [r3]
 125              	.L92:
 126 0094 0DF10601 		add	r1, sp, #6
 127 0098 207C     		ldrb	r0, [r4, #16]	@ zero_extendqisi2
 128 009a 9847     		blx	r3
 129              	.L23:
 130 009c F288     		ldrh	r2, [r6, #6]
 131 009e 002A     		cmp	r2, #0
 132 00a0 00F0F880 		beq	.L94
 133 00a4 BDF80630 		ldrh	r3, [sp, #6]
 134 00a8 002B     		cmp	r3, #0
 135 00aa E9D0     		beq	.L35
 136 00ac 9A42     		cmp	r2, r3
 137 00ae 0146     		mov	r1, r0
 138 00b0 28BF     		it	cs
 139 00b2 1A46     		movcs	r2, r3
 140 00b4 ADF80620 		strh	r2, [sp, #6]	@ movhi
 141              	.L95:
 142 00b8 2046     		mov	r0, r4
 143 00ba FFF7FEFF 		bl	USBD_CtlSendData
 144 00be E2E7     		b	.L33
 145              	.L20:
 146 00c0 027C     		ldrb	r2, [r0, #16]	@ zero_extendqisi2
 147 00c2 D0F8B832 		ldr	r3, [r0, #696]
 148 00c6 32B9     		cbnz	r2, .L25
 149 00c8 9B6A     		ldr	r3, [r3, #40]
 150              	.L100:
 151 00ca 0DF10600 		add	r0, sp, #6
 152 00ce 9847     		blx	r3
 153 00d0 0223     		movs	r3, #2
 154              	.L93:
 155 00d2 4370     		strb	r3, [r0, #1]
 156 00d4 E2E7     		b	.L23
 157              	.L25:
 158 00d6 DB6A     		ldr	r3, [r3, #44]
 159 00d8 F7E7     		b	.L100
 160              	.L19:
 161 00da DBB2     		uxtb	r3, r3
 162 00dc 052B     		cmp	r3, #5
 163 00de CFD8     		bhi	.L35
 164 00e0 DFE803F0 		tbb	[pc, r3]
 165              	.L27:
 166 00e4 03       		.byte	(.L32-.L27)/2
 167 00e5 07       		.byte	(.L31-.L27)/2
 168 00e6 0B       		.byte	(.L30-.L27)/2
 169 00e7 0F       		.byte	(.L29-.L27)/2
 170 00e8 13       		.byte	(.L28-.L27)/2
 171 00e9 17       		.byte	(.L26-.L27)/2
 172              		.p2align 1
 173              	.L32:
 174 00ea D0F8B432 		ldr	r3, [r0, #692]
ARM GAS  /tmp/ccyQcMCd.s 			page 4


 175 00ee 5B68     		ldr	r3, [r3, #4]
 176 00f0 C5E7     		b	.L102
 177              	.L31:
 178 00f2 D0F8B432 		ldr	r3, [r0, #692]
 179 00f6 9B68     		ldr	r3, [r3, #8]
 180 00f8 C1E7     		b	.L102
 181              	.L30:
 182 00fa D0F8B432 		ldr	r3, [r0, #692]
 183 00fe DB68     		ldr	r3, [r3, #12]
 184 0100 BDE7     		b	.L102
 185              	.L29:
 186 0102 D0F8B432 		ldr	r3, [r0, #692]
 187 0106 1B69     		ldr	r3, [r3, #16]
 188 0108 B9E7     		b	.L102
 189              	.L28:
 190 010a D0F8B432 		ldr	r3, [r0, #692]
 191 010e 5B69     		ldr	r3, [r3, #20]
 192 0110 B5E7     		b	.L102
 193              	.L26:
 194 0112 D0F8B432 		ldr	r3, [r0, #692]
 195 0116 9B69     		ldr	r3, [r3, #24]
 196 0118 B1E7     		b	.L102
 197              	.L18:
 198 011a 037C     		ldrb	r3, [r0, #16]	@ zero_extendqisi2
 199 011c 002B     		cmp	r3, #0
 200 011e AFD1     		bne	.L35
 201 0120 D0F8B832 		ldr	r3, [r0, #696]
 202 0124 0DF10600 		add	r0, sp, #6
 203 0128 5B6B     		ldr	r3, [r3, #52]
 204 012a 9847     		blx	r3
 205 012c B6E7     		b	.L23
 206              	.L17:
 207 012e 037C     		ldrb	r3, [r0, #16]	@ zero_extendqisi2
 208 0130 002B     		cmp	r3, #0
 209 0132 A5D1     		bne	.L35
 210 0134 D0F8B832 		ldr	r3, [r0, #696]
 211 0138 0DF10600 		add	r0, sp, #6
 212 013c 1B6B     		ldr	r3, [r3, #48]
 213 013e 9847     		blx	r3
 214 0140 0723     		movs	r3, #7
 215 0142 C6E7     		b	.L93
 216              	.L10:
 217 0144 8B88     		ldrh	r3, [r1, #4]
 218 0146 002B     		cmp	r3, #0
 219 0148 9AD1     		bne	.L35
 220 014a CB88     		ldrh	r3, [r1, #6]
 221 014c 002B     		cmp	r3, #0
 222 014e 97D1     		bne	.L35
 223 0150 4E88     		ldrh	r6, [r1, #2]
 224 0152 7F2E     		cmp	r6, #127
 225 0154 94D8     		bhi	.L35
 226 0156 90F89C32 		ldrb	r3, [r0, #668]	@ zero_extendqisi2
 227 015a 032B     		cmp	r3, #3
 228 015c 90D0     		beq	.L35
 229 015e F1B2     		uxtb	r1, r6
 230 0160 80F89E12 		strb	r1, [r0, #670]
 231 0164 FFF7FEFF 		bl	USBD_LL_SetUSBAddress
ARM GAS  /tmp/ccyQcMCd.s 			page 5


 232 0168 2046     		mov	r0, r4
 233 016a FFF7FEFF 		bl	USBD_CtlSendStatus
 234 016e 1EB1     		cbz	r6, .L37
 235 0170 0223     		movs	r3, #2
 236              	.L97:
 237 0172 84F89C32 		strb	r3, [r4, #668]
 238 0176 86E7     		b	.L33
 239              	.L37:
 240 0178 0123     		movs	r3, #1
 241 017a FAE7     		b	.L97
 242              	.L6:
 243 017c 8E78     		ldrb	r6, [r1, #2]	@ zero_extendqisi2
 244 017e 4D4F     		ldr	r7, .L108
 245 0180 012E     		cmp	r6, #1
 246 0182 3E70     		strb	r6, [r7]
 247 0184 03D9     		bls	.L38
 248 0186 FFF7FEFF 		bl	USBD_CtlError.constprop.0
 249              	.L99:
 250 018a 0325     		movs	r5, #3
 251 018c 7BE7     		b	.L33
 252              	.L38:
 253 018e 90F89C32 		ldrb	r3, [r0, #668]	@ zero_extendqisi2
 254 0192 022B     		cmp	r3, #2
 255 0194 5FFA83F8 		uxtb	r8, r3
 256 0198 09D0     		beq	.L39
 257 019a B8F1030F 		cmp	r8, #3
 258 019e 18D0     		beq	.L40
 259 01a0 FFF7FEFF 		bl	USBD_CtlError.constprop.0
 260 01a4 3978     		ldrb	r1, [r7]	@ zero_extendqisi2
 261 01a6 2046     		mov	r0, r4
 262 01a8 FFF7FEFF 		bl	USBD_ClrClassConfig
 263 01ac EDE7     		b	.L99
 264              	.L39:
 265 01ae 002E     		cmp	r6, #0
 266 01b0 70D0     		beq	.L94
 267 01b2 0121     		movs	r1, #1
 268 01b4 4160     		str	r1, [r0, #4]
 269 01b6 FFF7FEFF 		bl	USBD_SetClassConfig
 270 01ba 0546     		mov	r5, r0
 271 01bc 2046     		mov	r0, r4
 272 01be 25B1     		cbz	r5, .L43
 273 01c0 FFF7FEFF 		bl	USBD_CtlError.constprop.0
 274 01c4 84F89C82 		strb	r8, [r4, #668]
 275 01c8 5DE7     		b	.L33
 276              	.L43:
 277 01ca FFF7FEFF 		bl	USBD_CtlSendStatus
 278 01ce 0323     		movs	r3, #3
 279 01d0 CFE7     		b	.L97
 280              	.L40:
 281 01d2 5EB9     		cbnz	r6, .L44
 282 01d4 0223     		movs	r3, #2
 283 01d6 3146     		mov	r1, r6
 284 01d8 4660     		str	r6, [r0, #4]
 285 01da 80F89C32 		strb	r3, [r0, #668]
 286 01de FFF7FEFF 		bl	USBD_ClrClassConfig
 287 01e2 2046     		mov	r0, r4
 288 01e4 FFF7FEFF 		bl	USBD_CtlSendStatus
ARM GAS  /tmp/ccyQcMCd.s 			page 6


 289              	.L96:
 290 01e8 3546     		mov	r5, r6
 291 01ea 4CE7     		b	.L33
 292              	.L44:
 293 01ec 4168     		ldr	r1, [r0, #4]
 294 01ee 0129     		cmp	r1, #1
 295 01f0 50D0     		beq	.L94
 296 01f2 C9B2     		uxtb	r1, r1
 297 01f4 FFF7FEFF 		bl	USBD_ClrClassConfig
 298 01f8 3978     		ldrb	r1, [r7]	@ zero_extendqisi2
 299 01fa 2046     		mov	r0, r4
 300 01fc 6160     		str	r1, [r4, #4]
 301 01fe FFF7FEFF 		bl	USBD_SetClassConfig
 302 0202 0646     		mov	r6, r0
 303 0204 0028     		cmp	r0, #0
 304 0206 45D0     		beq	.L94
 305 0208 2046     		mov	r0, r4
 306 020a FFF7FEFF 		bl	USBD_CtlError.constprop.0
 307 020e 2179     		ldrb	r1, [r4, #4]	@ zero_extendqisi2
 308 0210 2046     		mov	r0, r4
 309 0212 FFF7FEFF 		bl	USBD_ClrClassConfig
 310 0216 0223     		movs	r3, #2
 311 0218 84F89C32 		strb	r3, [r4, #668]
 312 021c E4E7     		b	.L96
 313              	.L8:
 314 021e CA88     		ldrh	r2, [r1, #6]
 315 0220 012A     		cmp	r2, #1
 316 0222 7FF42DAF 		bne	.L35
 317 0226 90F89C12 		ldrb	r1, [r0, #668]	@ zero_extendqisi2
 318 022a 0229     		cmp	r1, #2
 319 022c CBB2     		uxtb	r3, r1
 320 022e 05D8     		bhi	.L45
 321 0230 33B1     		cbz	r3, .L5
 322 0232 0146     		mov	r1, r0
 323 0234 0023     		movs	r3, #0
 324 0236 41F8083F 		str	r3, [r1, #8]!
 325 023a 3DE7     		b	.L95
 326              	.L45:
 327 023c 032B     		cmp	r3, #3
 328 023e 04D0     		beq	.L47
 329              	.L5:
 330 0240 2046     		mov	r0, r4
 331 0242 0025     		movs	r5, #0
 332 0244 FFF7FEFF 		bl	USBD_CtlError.constprop.0
 333 0248 1DE7     		b	.L33
 334              	.L47:
 335 024a 011D     		adds	r1, r0, #4
 336 024c 34E7     		b	.L95
 337              	.L13:
 338 024e 90F89C32 		ldrb	r3, [r0, #668]	@ zero_extendqisi2
 339 0252 013B     		subs	r3, r3, #1
 340 0254 022B     		cmp	r3, #2
 341 0256 F3D8     		bhi	.L5
 342 0258 CA88     		ldrh	r2, [r1, #6]
 343 025a 022A     		cmp	r2, #2
 344 025c 7FF410AF 		bne	.L35
 345 0260 D0F8A432 		ldr	r3, [r0, #676]
ARM GAS  /tmp/ccyQcMCd.s 			page 7


 346 0264 0146     		mov	r1, r0
 347 0266 3D46     		mov	r5, r7
 348 0268 002B     		cmp	r3, #0
 349 026a 14BF     		ite	ne
 350 026c 1346     		movne	r3, r2
 351 026e 0023     		moveq	r3, #0
 352 0270 41F80C3F 		str	r3, [r1, #12]!
 353 0274 FFF7FEFF 		bl	USBD_CtlSendData
 354 0278 05E7     		b	.L33
 355              	.L11:
 356 027a 4B88     		ldrh	r3, [r1, #2]
 357 027c 012B     		cmp	r3, #1
 358 027e 02D1     		bne	.L49
 359              	.L98:
 360 0280 C4F8A432 		str	r3, [r4, #676]
 361 0284 06E0     		b	.L94
 362              	.L49:
 363 0286 022B     		cmp	r3, #2
 364 0288 7FF4FAAE 		bne	.L35
 365 028c 8B88     		ldrh	r3, [r1, #4]
 366 028e 1B0A     		lsrs	r3, r3, #8
 367 0290 80F8A032 		strb	r3, [r0, #672]
 368              	.L94:
 369 0294 2046     		mov	r0, r4
 370 0296 FFF7FEFF 		bl	USBD_CtlSendStatus
 371 029a F4E6     		b	.L33
 372              	.L12:
 373 029c 90F89C32 		ldrb	r3, [r0, #668]	@ zero_extendqisi2
 374 02a0 013B     		subs	r3, r3, #1
 375 02a2 022B     		cmp	r3, #2
 376 02a4 CCD8     		bhi	.L5
 377 02a6 4B88     		ldrh	r3, [r1, #2]
 378 02a8 012B     		cmp	r3, #1
 379 02aa 7FF4ECAE 		bne	.L33
 380 02ae 0023     		movs	r3, #0
 381 02b0 E6E7     		b	.L98
 382              	.L109:
 383 02b2 00BF     		.align	2
 384              	.L108:
 385 02b4 00000000 		.word	.LANCHOR0
 387              		.section	.text.USBD_StdItfReq,"ax",%progbits
 388              		.align	1
 389              		.global	USBD_StdItfReq
 390              		.syntax unified
 391              		.thumb
 392              		.thumb_func
 393              		.fpu fpv5-sp-d16
 395              	USBD_StdItfReq:
 396              		@ args = 0, pretend = 0, frame = 0
 397              		@ frame_needed = 0, uses_anonymous_args = 0
 398 0000 70B5     		push	{r4, r5, r6, lr}
 399 0002 0B78     		ldrb	r3, [r1]	@ zero_extendqisi2
 400 0004 0446     		mov	r4, r0
 401 0006 0E46     		mov	r6, r1
 402 0008 03F06002 		and	r2, r3, #96
 403 000c 402A     		cmp	r2, #64
 404 000e 01D0     		beq	.L111
ARM GAS  /tmp/ccyQcMCd.s 			page 8


 405 0010 5B06     		lsls	r3, r3, #25
 406 0012 1FD4     		bmi	.L112
 407              	.L111:
 408 0014 94F89C32 		ldrb	r3, [r4, #668]	@ zero_extendqisi2
 409 0018 013B     		subs	r3, r3, #1
 410 001a 022B     		cmp	r3, #2
 411 001c 1AD8     		bhi	.L112
 412 001e 3179     		ldrb	r1, [r6, #4]	@ zero_extendqisi2
 413 0020 2046     		mov	r0, r4
 414 0022 0129     		cmp	r1, #1
 415 0024 17D8     		bhi	.L121
 416 0026 FFF7FEFF 		bl	USBD_CoreFindIF
 417 002a 88B9     		cbnz	r0, .L117
 418 002c D4F8B832 		ldr	r3, [r4, #696]
 419 0030 9B68     		ldr	r3, [r3, #8]
 420 0032 6BB1     		cbz	r3, .L117
 421 0034 C4F8D402 		str	r0, [r4, #724]
 422 0038 3146     		mov	r1, r6
 423 003a 2046     		mov	r0, r4
 424 003c 9847     		blx	r3
 425 003e 0546     		mov	r5, r0
 426              	.L114:
 427 0040 F388     		ldrh	r3, [r6, #6]
 428 0042 1BB9     		cbnz	r3, .L115
 429 0044 15B9     		cbnz	r5, .L115
 430 0046 2046     		mov	r0, r4
 431 0048 FFF7FEFF 		bl	USBD_CtlSendStatus
 432              	.L115:
 433 004c 2846     		mov	r0, r5
 434 004e 70BD     		pop	{r4, r5, r6, pc}
 435              	.L117:
 436 0050 0325     		movs	r5, #3
 437 0052 F5E7     		b	.L114
 438              	.L112:
 439 0054 2046     		mov	r0, r4
 440              	.L121:
 441 0056 0025     		movs	r5, #0
 442 0058 FFF7FEFF 		bl	USBD_CtlError.constprop.0
 443 005c F6E7     		b	.L115
 445              		.section	.text.USBD_StdEPReq,"ax",%progbits
 446              		.align	1
 447              		.global	USBD_StdEPReq
 448              		.syntax unified
 449              		.thumb
 450              		.thumb_func
 451              		.fpu fpv5-sp-d16
 453              	USBD_StdEPReq:
 454              		@ args = 0, pretend = 0, frame = 0
 455              		@ frame_needed = 0, uses_anonymous_args = 0
 456 0000 70B5     		push	{r4, r5, r6, lr}
 457 0002 0B78     		ldrb	r3, [r1]	@ zero_extendqisi2
 458 0004 0446     		mov	r4, r0
 459 0006 0D46     		mov	r5, r1
 460 0008 8A88     		ldrh	r2, [r1, #4]
 461 000a 03F06003 		and	r3, r3, #96
 462 000e 0E79     		ldrb	r6, [r1, #4]	@ zero_extendqisi2
 463 0010 202B     		cmp	r3, #32
ARM GAS  /tmp/ccyQcMCd.s 			page 9


 464 0012 53D0     		beq	.L190
 465 0014 402B     		cmp	r3, #64
 466 0016 51D0     		beq	.L190
 467 0018 63BB     		cbnz	r3, .L125
 468 001a 4B78     		ldrb	r3, [r1, #1]	@ zero_extendqisi2
 469 001c 012B     		cmp	r3, #1
 470 001e 3BD0     		beq	.L129
 471 0020 032B     		cmp	r3, #3
 472 0022 20D0     		beq	.L130
 473 0024 33BB     		cbnz	r3, .L125
 474 0026 90F89C32 		ldrb	r3, [r0, #668]	@ zero_extendqisi2
 475 002a 022B     		cmp	r3, #2
 476 002c D9B2     		uxtb	r1, r3
 477 002e 61D0     		beq	.L139
 478 0030 0329     		cmp	r1, #3
 479 0032 1FD1     		bne	.L125
 480 0034 06F00F03 		and	r3, r6, #15
 481 0038 12F0800F 		tst	r2, #128
 482 003c 4FF01402 		mov	r2, #20
 483 0040 02FB0303 		mla	r3, r2, r3, r0
 484 0044 67D0     		beq	.L143
 485 0046 9B8C     		ldrh	r3, [r3, #36]
 486 0048 A3B1     		cbz	r3, .L125
 487 004a 06F07F05 		and	r5, r6, #127
 488 004e 0135     		adds	r5, r5, #1
 489 0050 05EB8505 		add	r5, r5, r5, lsl #2
 490 0054 00EB8505 		add	r5, r0, r5, lsl #2
 491              	.L146:
 492 0058 16F07F03 		ands	r3, r6, #127
 493 005c 67D1     		bne	.L147
 494              	.L182:
 495 005e 2B60     		str	r3, [r5]
 496              	.L148:
 497 0060 0222     		movs	r2, #2
 498 0062 2946     		mov	r1, r5
 499 0064 53E0     		b	.L184
 500              	.L130:
 501 0066 90F89C32 		ldrb	r3, [r0, #668]	@ zero_extendqisi2
 502 006a 022B     		cmp	r3, #2
 503 006c DAB2     		uxtb	r2, r3
 504 006e 37D0     		beq	.L136
 505 0070 032A     		cmp	r2, #3
 506 0072 03D0     		beq	.L133
 507              	.L125:
 508 0074 2046     		mov	r0, r4
 509 0076 FFF7FEFF 		bl	USBD_CtlError.constprop.0
 510 007a 0BE0     		b	.L127
 511              	.L133:
 512 007c 4B88     		ldrh	r3, [r1, #2]
 513 007e 33B9     		cbnz	r3, .L135
 514 0080 7106     		lsls	r1, r6, #25
 515 0082 04D0     		beq	.L135
 516 0084 EB88     		ldrh	r3, [r5, #6]
 517 0086 13B9     		cbnz	r3, .L135
 518 0088 3146     		mov	r1, r6
 519 008a FFF7FEFF 		bl	USBD_LL_StallEP
 520              	.L135:
ARM GAS  /tmp/ccyQcMCd.s 			page 10


 521 008e 2046     		mov	r0, r4
 522 0090 FFF7FEFF 		bl	USBD_CtlSendStatus
 523              	.L127:
 524 0094 0020     		movs	r0, #0
 525 0096 70BD     		pop	{r4, r5, r6, pc}
 526              	.L129:
 527 0098 90F89C32 		ldrb	r3, [r0, #668]	@ zero_extendqisi2
 528 009c 022B     		cmp	r3, #2
 529 009e DAB2     		uxtb	r2, r3
 530 00a0 1ED0     		beq	.L136
 531 00a2 032A     		cmp	r2, #3
 532 00a4 E6D1     		bne	.L125
 533 00a6 4B88     		ldrh	r3, [r1, #2]
 534 00a8 002B     		cmp	r3, #0
 535 00aa F3D1     		bne	.L127
 536 00ac 7306     		lsls	r3, r6, #25
 537 00ae 02D0     		beq	.L138
 538 00b0 3146     		mov	r1, r6
 539 00b2 FFF7FEFF 		bl	USBD_LL_ClearStallEP
 540              	.L138:
 541 00b6 2046     		mov	r0, r4
 542 00b8 FFF7FEFF 		bl	USBD_CtlSendStatus
 543              	.L190:
 544 00bc 3146     		mov	r1, r6
 545 00be 2046     		mov	r0, r4
 546 00c0 FFF7FEFF 		bl	USBD_CoreFindEP
 547 00c4 0028     		cmp	r0, #0
 548 00c6 E5D1     		bne	.L127
 549 00c8 D4F8B832 		ldr	r3, [r4, #696]
 550 00cc C4F8D402 		str	r0, [r4, #724]
 551 00d0 9B68     		ldr	r3, [r3, #8]
 552 00d2 002B     		cmp	r3, #0
 553 00d4 DED0     		beq	.L127
 554 00d6 2946     		mov	r1, r5
 555 00d8 2046     		mov	r0, r4
 556 00da BDE87040 		pop	{r4, r5, r6, lr}
 557 00de 1847     		bx	r3
 558              	.L136:
 559 00e0 7206     		lsls	r2, r6, #25
 560 00e2 C7D0     		beq	.L125
 561 00e4 3146     		mov	r1, r6
 562 00e6 FFF7FEFF 		bl	USBD_LL_StallEP
 563 00ea 8021     		movs	r1, #128
 564 00ec 2046     		mov	r0, r4
 565 00ee FFF7FEFF 		bl	USBD_LL_StallEP
 566 00f2 CFE7     		b	.L127
 567              	.L139:
 568 00f4 7106     		lsls	r1, r6, #25
 569 00f6 BDD1     		bne	.L125
 570 00f8 1306     		lsls	r3, r2, #24
 571 00fa 4FF00003 		mov	r3, #0
 572 00fe 4FF00202 		mov	r2, #2
 573 0102 4CBF     		ite	mi
 574 0104 00F11401 		addmi	r1, r0, #20
 575 0108 00F5AA71 		addpl	r1, r0, #340
 576 010c 0B60     		str	r3, [r1]
 577              	.L184:
ARM GAS  /tmp/ccyQcMCd.s 			page 11


 578 010e 2046     		mov	r0, r4
 579 0110 FFF7FEFF 		bl	USBD_CtlSendData
 580 0114 BEE7     		b	.L127
 581              	.L143:
 582 0116 B3F86431 		ldrh	r3, [r3, #356]
 583 011a 002B     		cmp	r3, #0
 584 011c AAD0     		beq	.L125
 585 011e 06F07F05 		and	r5, r6, #127
 586 0122 1423     		movs	r3, #20
 587 0124 03FB0505 		mla	r5, r3, r5, r0
 588 0128 05F5AA75 		add	r5, r5, #340
 589 012c 94E7     		b	.L146
 590              	.L147:
 591 012e 3146     		mov	r1, r6
 592 0130 2046     		mov	r0, r4
 593 0132 FFF7FEFF 		bl	USBD_LL_IsStallEP
 594 0136 08B1     		cbz	r0, .L149
 595 0138 0123     		movs	r3, #1
 596 013a 90E7     		b	.L182
 597              	.L149:
 598 013c 2860     		str	r0, [r5]
 599 013e 8FE7     		b	.L148
 601              		.section	.text.USBD_ParseSetupRequest,"ax",%progbits
 602              		.align	1
 603              		.global	USBD_ParseSetupRequest
 604              		.syntax unified
 605              		.thumb
 606              		.thumb_func
 607              		.fpu fpv5-sp-d16
 609              	USBD_ParseSetupRequest:
 610              		@ args = 0, pretend = 0, frame = 0
 611              		@ frame_needed = 0, uses_anonymous_args = 0
 612              		@ link register save eliminated.
 613 0000 0B78     		ldrb	r3, [r1]	@ zero_extendqisi2
 614 0002 0370     		strb	r3, [r0]
 615 0004 4B78     		ldrb	r3, [r1, #1]	@ zero_extendqisi2
 616 0006 4370     		strb	r3, [r0, #1]
 617 0008 4B88     		ldrh	r3, [r1, #2]	@ unaligned
 618 000a 4380     		strh	r3, [r0, #2]	@ movhi
 619 000c 8B88     		ldrh	r3, [r1, #4]	@ unaligned
 620 000e 8380     		strh	r3, [r0, #4]	@ movhi
 621 0010 CB88     		ldrh	r3, [r1, #6]	@ unaligned
 622 0012 C380     		strh	r3, [r0, #6]	@ movhi
 623 0014 7047     		bx	lr
 625              		.section	.text.USBD_CtlError,"ax",%progbits
 626              		.align	1
 627              		.global	USBD_CtlError
 628              		.syntax unified
 629              		.thumb
 630              		.thumb_func
 631              		.fpu fpv5-sp-d16
 633              	USBD_CtlError:
 634              		@ args = 0, pretend = 0, frame = 0
 635              		@ frame_needed = 0, uses_anonymous_args = 0
 636 0000 10B5     		push	{r4, lr}
 637 0002 0446     		mov	r4, r0
 638 0004 8021     		movs	r1, #128
ARM GAS  /tmp/ccyQcMCd.s 			page 12


 639 0006 FFF7FEFF 		bl	USBD_LL_StallEP
 640 000a 0021     		movs	r1, #0
 641 000c 2046     		mov	r0, r4
 642 000e BDE81040 		pop	{r4, lr}
 643 0012 FFF7FEBF 		b	USBD_LL_StallEP
 645              		.section	.text.USBD_GetString,"ax",%progbits
 646              		.align	1
 647              		.global	USBD_GetString
 648              		.syntax unified
 649              		.thumb
 650              		.thumb_func
 651              		.fpu fpv5-sp-d16
 653              	USBD_GetString:
 654              		@ args = 0, pretend = 0, frame = 0
 655              		@ frame_needed = 0, uses_anonymous_args = 0
 656 0000 30B5     		push	{r4, r5, lr}
 657 0002 88B1     		cbz	r0, .L193
 658 0004 0024     		movs	r4, #0
 659 0006 0138     		subs	r0, r0, #1
 660              	.L194:
 661 0008 2346     		mov	r3, r4
 662 000a 0134     		adds	r4, r4, #1
 663 000c 055D     		ldrb	r5, [r0, r4]	@ zero_extendqisi2
 664 000e 002D     		cmp	r5, #0
 665 0010 FAD1     		bne	.L194
 666 0012 DBB2     		uxtb	r3, r3
 667 0014 0133     		adds	r3, r3, #1
 668 0016 5B00     		lsls	r3, r3, #1
 669 0018 1380     		strh	r3, [r2]	@ movhi
 670 001a 0B70     		strb	r3, [r1]
 671 001c 0323     		movs	r3, #3
 672 001e 4B70     		strb	r3, [r1, #1]
 673 0020 0223     		movs	r3, #2
 674              	.L195:
 675 0022 10F8012F 		ldrb	r2, [r0, #1]!	@ zero_extendqisi2
 676 0026 02B9     		cbnz	r2, .L196
 677              	.L193:
 678 0028 30BD     		pop	{r4, r5, pc}
 679              	.L196:
 680 002a CA54     		strb	r2, [r1, r3]
 681 002c 5A1C     		adds	r2, r3, #1
 682 002e 0233     		adds	r3, r3, #2
 683 0030 D2B2     		uxtb	r2, r2
 684 0032 DBB2     		uxtb	r3, r3
 685 0034 8D54     		strb	r5, [r1, r2]
 686 0036 F4E7     		b	.L195
 688              		.section	.bss.cfgidx.0,"aw",%nobits
 689              		.set	.LANCHOR0,. + 0
 692              	cfgidx.0:
 693 0000 00       		.space	1
 694              		.ident	"GCC: (15:10.3-2021.07-4) 10.3.1 20210621 (release)"
ARM GAS  /tmp/ccyQcMCd.s 			page 13


DEFINED SYMBOLS
                            *ABS*:0000000000000000 usbd_ctlreq.c
     /tmp/ccyQcMCd.s:15     .text.USBD_CtlError.constprop.0:0000000000000000 $t
     /tmp/ccyQcMCd.s:22     .text.USBD_CtlError.constprop.0:0000000000000000 USBD_CtlError.constprop.0
     /tmp/ccyQcMCd.s:35     .text.USBD_StdDevReq:0000000000000000 $t
     /tmp/ccyQcMCd.s:42     .text.USBD_StdDevReq:0000000000000000 USBD_StdDevReq
     /tmp/ccyQcMCd.s:61     .text.USBD_StdDevReq:0000000000000028 $d
     /tmp/ccyQcMCd.s:71     .text.USBD_StdDevReq:000000000000003c $t
     /tmp/ccyQcMCd.s:93     .text.USBD_StdDevReq:0000000000000068 $d
     /tmp/ccyQcMCd.s:166    .text.USBD_StdDevReq:00000000000000e4 $d
     /tmp/ccyQcMCd.s:172    .text.USBD_StdDevReq:00000000000000ea $t
     /tmp/ccyQcMCd.s:385    .text.USBD_StdDevReq:00000000000002b4 $d
     /tmp/ccyQcMCd.s:388    .text.USBD_StdItfReq:0000000000000000 $t
     /tmp/ccyQcMCd.s:395    .text.USBD_StdItfReq:0000000000000000 USBD_StdItfReq
     /tmp/ccyQcMCd.s:446    .text.USBD_StdEPReq:0000000000000000 $t
     /tmp/ccyQcMCd.s:453    .text.USBD_StdEPReq:0000000000000000 USBD_StdEPReq
     /tmp/ccyQcMCd.s:602    .text.USBD_ParseSetupRequest:0000000000000000 $t
     /tmp/ccyQcMCd.s:609    .text.USBD_ParseSetupRequest:0000000000000000 USBD_ParseSetupRequest
     /tmp/ccyQcMCd.s:626    .text.USBD_CtlError:0000000000000000 $t
     /tmp/ccyQcMCd.s:633    .text.USBD_CtlError:0000000000000000 USBD_CtlError
     /tmp/ccyQcMCd.s:646    .text.USBD_GetString:0000000000000000 $t
     /tmp/ccyQcMCd.s:653    .text.USBD_GetString:0000000000000000 USBD_GetString
     /tmp/ccyQcMCd.s:692    .bss.cfgidx.0:0000000000000000 cfgidx.0
     /tmp/ccyQcMCd.s:693    .bss.cfgidx.0:0000000000000000 $d
     /tmp/ccyQcMCd.s:108    .text.USBD_StdDevReq:0000000000000077 $d
     /tmp/ccyQcMCd.s:108    .text.USBD_StdDevReq:0000000000000078 $t

UNDEFINED SYMBOLS
USBD_LL_StallEP
USBD_CtlSendData
USBD_LL_SetUSBAddress
USBD_CtlSendStatus
USBD_ClrClassConfig
USBD_SetClassConfig
USBD_CoreFindIF
USBD_LL_ClearStallEP
USBD_CoreFindEP
USBD_LL_IsStallEP
