ARM GAS  /tmp/cceTJcsD.s 			page 1


   1              		.cpu cortex-m7
   2              		.eabi_attribute 27, 1
   3              		.eabi_attribute 20, 1
   4              		.eabi_attribute 21, 1
   5              		.eabi_attribute 23, 3
   6              		.eabi_attribute 24, 1
   7              		.eabi_attribute 25, 1
   8              		.eabi_attribute 26, 1
   9              		.eabi_attribute 30, 4
  10              		.eabi_attribute 34, 1
  11              		.eabi_attribute 18, 4
  12              		.file	"usbd_cdc.c"
  13              		.text
  14              		.section	.text.USBD_CDC_EP0_RxReady,"ax",%progbits
  15              		.align	1
  16              		.arch armv7e-m
  17              		.syntax unified
  18              		.thumb
  19              		.thumb_func
  20              		.fpu fpv5-sp-d16
  22              	USBD_CDC_EP0_RxReady:
  23              		@ args = 0, pretend = 0, frame = 0
  24              		@ frame_needed = 0, uses_anonymous_args = 0
  25 0000 D0F8D432 		ldr	r3, [r0, #724]
  26 0004 00EB8300 		add	r0, r0, r3, lsl #2
  27 0008 10B5     		push	{r4, lr}
  28 000a D0F8C042 		ldr	r4, [r0, #704]
  29 000e 84B1     		cbz	r4, .L3
  30 0010 D0F8C432 		ldr	r3, [r0, #708]
  31 0014 5BB1     		cbz	r3, .L5
  32 0016 94F80002 		ldrb	r0, [r4, #512]	@ zero_extendqisi2
  33 001a FF28     		cmp	r0, #255
  34 001c 07D0     		beq	.L5
  35 001e 9B68     		ldr	r3, [r3, #8]
  36 0020 2146     		mov	r1, r4
  37 0022 94F80122 		ldrb	r2, [r4, #513]	@ zero_extendqisi2
  38 0026 9847     		blx	r3
  39 0028 FF23     		movs	r3, #255
  40 002a 84F80032 		strb	r3, [r4, #512]
  41              	.L5:
  42 002e 0020     		movs	r0, #0
  43 0030 00E0     		b	.L2
  44              	.L3:
  45 0032 0320     		movs	r0, #3
  46              	.L2:
  47 0034 10BD     		pop	{r4, pc}
  49              		.section	.text.USBD_CDC_GetDeviceQualifierDescriptor,"ax",%progbits
  50              		.align	1
  51              		.global	USBD_CDC_GetDeviceQualifierDescriptor
  52              		.syntax unified
  53              		.thumb
  54              		.thumb_func
  55              		.fpu fpv5-sp-d16
  57              	USBD_CDC_GetDeviceQualifierDescriptor:
  58              		@ args = 0, pretend = 0, frame = 0
  59              		@ frame_needed = 0, uses_anonymous_args = 0
  60              		@ link register save eliminated.
ARM GAS  /tmp/cceTJcsD.s 			page 2


  61 0000 0A23     		movs	r3, #10
  62 0002 0380     		strh	r3, [r0]	@ movhi
  63 0004 0048     		ldr	r0, .L7
  64 0006 7047     		bx	lr
  65              	.L8:
  66              		.align	2
  67              	.L7:
  68 0008 00000000 		.word	.LANCHOR0
  70              		.section	.text.USBD_CDC_GetFSCfgDesc,"ax",%progbits
  71              		.align	1
  72              		.syntax unified
  73              		.thumb
  74              		.thumb_func
  75              		.fpu fpv5-sp-d16
  77              	USBD_CDC_GetFSCfgDesc:
  78              		@ args = 0, pretend = 0, frame = 0
  79              		@ frame_needed = 0, uses_anonymous_args = 0
  80 0000 70B5     		push	{r4, r5, r6, lr}
  81 0002 8221     		movs	r1, #130
  82 0004 0646     		mov	r6, r0
  83 0006 0F48     		ldr	r0, .L22
  84 0008 FFF7FEFF 		bl	USBD_GetEpDesc
  85 000c 0121     		movs	r1, #1
  86 000e 0546     		mov	r5, r0
  87 0010 0C48     		ldr	r0, .L22
  88 0012 FFF7FEFF 		bl	USBD_GetEpDesc
  89 0016 8121     		movs	r1, #129
  90 0018 0446     		mov	r4, r0
  91 001a 0A48     		ldr	r0, .L22
  92 001c FFF7FEFF 		bl	USBD_GetEpDesc
  93 0020 0DB1     		cbz	r5, .L10
  94 0022 1022     		movs	r2, #16
  95 0024 AA71     		strb	r2, [r5, #6]
  96              	.L10:
  97 0026 1CB1     		cbz	r4, .L11
  98 0028 4022     		movs	r2, #64
  99 002a 2271     		strb	r2, [r4, #4]
 100 002c 0022     		movs	r2, #0
 101 002e 6271     		strb	r2, [r4, #5]
 102              	.L11:
 103 0030 18B1     		cbz	r0, .L12
 104 0032 4022     		movs	r2, #64
 105 0034 0271     		strb	r2, [r0, #4]
 106 0036 0022     		movs	r2, #0
 107 0038 4271     		strb	r2, [r0, #5]
 108              	.L12:
 109 003a 4323     		movs	r3, #67
 110 003c 0148     		ldr	r0, .L22
 111 003e 3380     		strh	r3, [r6]	@ movhi
 112 0040 70BD     		pop	{r4, r5, r6, pc}
 113              	.L23:
 114 0042 00BF     		.align	2
 115              	.L22:
 116 0044 00000000 		.word	.LANCHOR1
 118              		.section	.text.USBD_CDC_GetOtherSpeedCfgDesc,"ax",%progbits
 119              		.align	1
 120              		.syntax unified
ARM GAS  /tmp/cceTJcsD.s 			page 3


 121              		.thumb
 122              		.thumb_func
 123              		.fpu fpv5-sp-d16
 125              	USBD_CDC_GetOtherSpeedCfgDesc:
 126              		@ args = 0, pretend = 0, frame = 0
 127              		@ frame_needed = 0, uses_anonymous_args = 0
 128              		@ link register save eliminated.
 129 0000 FFF7FEBF 		b	USBD_CDC_GetFSCfgDesc
 131              		.section	.text.USBD_CDC_GetHSCfgDesc,"ax",%progbits
 132              		.align	1
 133              		.syntax unified
 134              		.thumb
 135              		.thumb_func
 136              		.fpu fpv5-sp-d16
 138              	USBD_CDC_GetHSCfgDesc:
 139              		@ args = 0, pretend = 0, frame = 0
 140              		@ frame_needed = 0, uses_anonymous_args = 0
 141 0000 70B5     		push	{r4, r5, r6, lr}
 142 0002 8221     		movs	r1, #130
 143 0004 0646     		mov	r6, r0
 144 0006 0F48     		ldr	r0, .L38
 145 0008 FFF7FEFF 		bl	USBD_GetEpDesc
 146 000c 0121     		movs	r1, #1
 147 000e 0546     		mov	r5, r0
 148 0010 0C48     		ldr	r0, .L38
 149 0012 FFF7FEFF 		bl	USBD_GetEpDesc
 150 0016 8121     		movs	r1, #129
 151 0018 0446     		mov	r4, r0
 152 001a 0A48     		ldr	r0, .L38
 153 001c FFF7FEFF 		bl	USBD_GetEpDesc
 154 0020 0DB1     		cbz	r5, .L26
 155 0022 1022     		movs	r2, #16
 156 0024 AA71     		strb	r2, [r5, #6]
 157              	.L26:
 158 0026 1CB1     		cbz	r4, .L27
 159 0028 0022     		movs	r2, #0
 160 002a 2271     		strb	r2, [r4, #4]
 161 002c 0222     		movs	r2, #2
 162 002e 6271     		strb	r2, [r4, #5]
 163              	.L27:
 164 0030 18B1     		cbz	r0, .L28
 165 0032 0022     		movs	r2, #0
 166 0034 0271     		strb	r2, [r0, #4]
 167 0036 0222     		movs	r2, #2
 168 0038 4271     		strb	r2, [r0, #5]
 169              	.L28:
 170 003a 4323     		movs	r3, #67
 171 003c 0148     		ldr	r0, .L38
 172 003e 3380     		strh	r3, [r6]	@ movhi
 173 0040 70BD     		pop	{r4, r5, r6, pc}
 174              	.L39:
 175 0042 00BF     		.align	2
 176              	.L38:
 177 0044 00000000 		.word	.LANCHOR1
 179              		.section	.text.USBD_CDC_DataOut,"ax",%progbits
 180              		.align	1
 181              		.syntax unified
ARM GAS  /tmp/cceTJcsD.s 			page 4


 182              		.thumb
 183              		.thumb_func
 184              		.fpu fpv5-sp-d16
 186              	USBD_CDC_DataOut:
 187              		@ args = 0, pretend = 0, frame = 0
 188              		@ frame_needed = 0, uses_anonymous_args = 0
 189 0000 38B5     		push	{r3, r4, r5, lr}
 190 0002 D0F8D432 		ldr	r3, [r0, #724]
 191 0006 0446     		mov	r4, r0
 192 0008 B033     		adds	r3, r3, #176
 193 000a 50F82350 		ldr	r5, [r0, r3, lsl #2]
 194 000e 8DB1     		cbz	r5, .L42
 195 0010 FFF7FEFF 		bl	USBD_LL_GetRxDataSize
 196 0014 C5F80C02 		str	r0, [r5, #524]
 197 0018 D4F8D402 		ldr	r0, [r4, #724]
 198 001c 05F50371 		add	r1, r5, #524
 199 0020 04EB8004 		add	r4, r4, r0, lsl #2
 200 0024 D5F80402 		ldr	r0, [r5, #516]
 201 0028 D4F8C432 		ldr	r3, [r4, #708]
 202 002c DB68     		ldr	r3, [r3, #12]
 203 002e 9847     		blx	r3
 204 0030 0020     		movs	r0, #0
 205              	.L41:
 206 0032 38BD     		pop	{r3, r4, r5, pc}
 207              	.L42:
 208 0034 0320     		movs	r0, #3
 209 0036 FCE7     		b	.L41
 211              		.section	.text.USBD_CDC_DataIn,"ax",%progbits
 212              		.align	1
 213              		.syntax unified
 214              		.thumb
 215              		.thumb_func
 216              		.fpu fpv5-sp-d16
 218              	USBD_CDC_DataIn:
 219              		@ args = 0, pretend = 0, frame = 0
 220              		@ frame_needed = 0, uses_anonymous_args = 0
 221 0000 F8B5     		push	{r3, r4, r5, r6, r7, lr}
 222 0002 D0F8D462 		ldr	r6, [r0, #724]
 223 0006 0A46     		mov	r2, r1
 224 0008 00EB8606 		add	r6, r0, r6, lsl #2
 225 000c D6F8C052 		ldr	r5, [r6, #704]
 226 0010 45B3     		cbz	r5, .L46
 227 0012 01F00F0C 		and	ip, r1, #15
 228 0016 1427     		movs	r7, #20
 229 0018 07FB0C07 		mla	r7, r7, ip, r0
 230 001c BC69     		ldr	r4, [r7, #24]
 231 001e 94B1     		cbz	r4, .L45
 232 0020 D0F8C832 		ldr	r3, [r0, #712]
 233 0024 4FF0240E 		mov	lr, #36
 234 0028 0EFB0C33 		mla	r3, lr, ip, r3
 235 002c 9B6C     		ldr	r3, [r3, #72]
 236 002e B4FBF3FC 		udiv	ip, r4, r3
 237 0032 03FB1C44 		mls	r4, r3, ip, r4
 238 0036 34B9     		cbnz	r4, .L45
 239 0038 2346     		mov	r3, r4
 240 003a 2246     		mov	r2, r4
 241 003c BC61     		str	r4, [r7, #24]
ARM GAS  /tmp/cceTJcsD.s 			page 5


 242 003e FFF7FEFF 		bl	USBD_LL_Transmit
 243              	.L47:
 244 0042 2046     		mov	r0, r4
 245 0044 0DE0     		b	.L44
 246              	.L45:
 247 0046 D6F8C432 		ldr	r3, [r6, #708]
 248 004a 0027     		movs	r7, #0
 249 004c 1C69     		ldr	r4, [r3, #16]
 250 004e C5F81472 		str	r7, [r5, #532]
 251 0052 002C     		cmp	r4, #0
 252 0054 F5D0     		beq	.L47
 253 0056 05F50471 		add	r1, r5, #528
 254 005a D5F80802 		ldr	r0, [r5, #520]
 255 005e A047     		blx	r4
 256 0060 3846     		mov	r0, r7
 257              	.L44:
 258 0062 F8BD     		pop	{r3, r4, r5, r6, r7, pc}
 259              	.L46:
 260 0064 0320     		movs	r0, #3
 261 0066 FCE7     		b	.L44
 263              		.section	.text.USBD_CDC_Setup,"ax",%progbits
 264              		.align	1
 265              		.syntax unified
 266              		.thumb
 267              		.thumb_func
 268              		.fpu fpv5-sp-d16
 270              	USBD_CDC_Setup:
 271              		@ args = 0, pretend = 0, frame = 8
 272              		@ frame_needed = 0, uses_anonymous_args = 0
 273 0000 D0F8D432 		ldr	r3, [r0, #724]
 274 0004 00EB8303 		add	r3, r0, r3, lsl #2
 275 0008 2DE9F341 		push	{r0, r1, r4, r5, r6, r7, r8, lr}
 276 000c 4FF00008 		mov	r8, #0
 277 0010 D3F8C072 		ldr	r7, [r3, #704]
 278 0014 0546     		mov	r5, r0
 279 0016 0E46     		mov	r6, r1
 280 0018 8DF80580 		strb	r8, [sp, #5]
 281 001c ADF80680 		strh	r8, [sp, #6]	@ movhi
 282 0020 002F     		cmp	r7, #0
 283 0022 6ED0     		beq	.L63
 284 0024 0A78     		ldrb	r2, [r1]	@ zero_extendqisi2
 285 0026 12F06004 		ands	r4, r2, #96
 286 002a 2ED0     		beq	.L53
 287 002c 202C     		cmp	r4, #32
 288 002e 64D1     		bne	.L54
 289 0030 CC88     		ldrh	r4, [r1, #6]
 290 0032 91F801C0 		ldrb	ip, [r1, #1]	@ zero_extendqisi2
 291 0036 0CB3     		cbz	r4, .L55
 292 0038 1206     		lsls	r2, r2, #24
 293 003a 13D5     		bpl	.L56
 294 003c D3F8C432 		ldr	r3, [r3, #708]
 295 0040 2246     		mov	r2, r4
 296 0042 3946     		mov	r1, r7
 297 0044 6046     		mov	r0, ip
 298 0046 9B68     		ldr	r3, [r3, #8]
 299 0048 9847     		blx	r3
 300 004a F288     		ldrh	r2, [r6, #6]
ARM GAS  /tmp/cceTJcsD.s 			page 6


 301 004c 3946     		mov	r1, r7
 302 004e 2846     		mov	r0, r5
 303 0050 072A     		cmp	r2, #7
 304 0052 28BF     		it	cs
 305 0054 0722     		movcs	r2, #7
 306 0056 FFF7FEFF 		bl	USBD_CtlSendData
 307              	.L65:
 308 005a 4446     		mov	r4, r8
 309              	.L52:
 310 005c 2046     		mov	r0, r4
 311 005e 02B0     		add	sp, sp, #8
 312              		@ sp needed
 313 0060 BDE8F081 		pop	{r4, r5, r6, r7, r8, pc}
 314              	.L56:
 315 0064 402C     		cmp	r4, #64
 316 0066 3946     		mov	r1, r7
 317 0068 87F800C2 		strb	ip, [r7, #512]
 318 006c 28BF     		it	cs
 319 006e 4024     		movcs	r4, #64
 320 0070 2246     		mov	r2, r4
 321 0072 87F80142 		strb	r4, [r7, #513]
 322 0076 FFF7FEFF 		bl	USBD_CtlPrepareRx
 323 007a EEE7     		b	.L65
 324              	.L55:
 325 007c D3F8C432 		ldr	r3, [r3, #708]
 326 0080 2246     		mov	r2, r4
 327 0082 6046     		mov	r0, ip
 328 0084 9B68     		ldr	r3, [r3, #8]
 329 0086 9847     		blx	r3
 330 0088 E8E7     		b	.L52
 331              	.L53:
 332 008a 4F78     		ldrb	r7, [r1, #1]	@ zero_extendqisi2
 333 008c 0B2F     		cmp	r7, #11
 334 008e 34D8     		bhi	.L54
 335 0090 01A3     		adr	r3, .L59
 336 0092 53F827F0 		ldr	pc, [r3, r7, lsl #2]
 337 0096 00BF     		.p2align 2
 338              	.L59:
 339 0098 C9000000 		.word	.L61+1
 340 009c 5D000000 		.word	.L52+1
 341 00a0 FB000000 		.word	.L54+1
 342 00a4 FB000000 		.word	.L54+1
 343 00a8 FB000000 		.word	.L54+1
 344 00ac FB000000 		.word	.L54+1
 345 00b0 FB000000 		.word	.L54+1
 346 00b4 FB000000 		.word	.L54+1
 347 00b8 FB000000 		.word	.L54+1
 348 00bc FB000000 		.word	.L54+1
 349 00c0 DF000000 		.word	.L60+1
 350 00c4 F3000000 		.word	.L58+1
 351              		.p2align 1
 352              	.L61:
 353 00c8 90F89C32 		ldrb	r3, [r0, #668]	@ zero_extendqisi2
 354 00cc 032B     		cmp	r3, #3
 355 00ce 14D1     		bne	.L54
 356 00d0 0222     		movs	r2, #2
 357 00d2 0DF10601 		add	r1, sp, #6
ARM GAS  /tmp/cceTJcsD.s 			page 7


 358 00d6 3C46     		mov	r4, r7
 359 00d8 FFF7FEFF 		bl	USBD_CtlSendData
 360 00dc BEE7     		b	.L52
 361              	.L60:
 362 00de 90F89C32 		ldrb	r3, [r0, #668]	@ zero_extendqisi2
 363 00e2 032B     		cmp	r3, #3
 364 00e4 09D1     		bne	.L54
 365 00e6 0122     		movs	r2, #1
 366 00e8 0DF10501 		add	r1, sp, #5
 367 00ec FFF7FEFF 		bl	USBD_CtlSendData
 368 00f0 B4E7     		b	.L52
 369              	.L58:
 370 00f2 90F89C32 		ldrb	r3, [r0, #668]	@ zero_extendqisi2
 371 00f6 032B     		cmp	r3, #3
 372 00f8 B0D0     		beq	.L52
 373              	.L54:
 374 00fa 3146     		mov	r1, r6
 375 00fc 2846     		mov	r0, r5
 376 00fe FFF7FEFF 		bl	USBD_CtlError
 377              	.L63:
 378 0102 0324     		movs	r4, #3
 379 0104 AAE7     		b	.L52
 381 0106 00BF     		.section	.text.USBD_CDC_DeInit,"ax",%progbits
 382              		.align	1
 383              		.syntax unified
 384              		.thumb
 385              		.thumb_func
 386              		.fpu fpv5-sp-d16
 388              	USBD_CDC_DeInit:
 389              		@ args = 0, pretend = 0, frame = 0
 390              		@ frame_needed = 0, uses_anonymous_args = 0
 391 0000 38B5     		push	{r3, r4, r5, lr}
 392 0002 0446     		mov	r4, r0
 393 0004 0025     		movs	r5, #0
 394 0006 8121     		movs	r1, #129
 395 0008 FFF7FEFF 		bl	USBD_LL_CloseEP
 396 000c 0121     		movs	r1, #1
 397 000e 2046     		mov	r0, r4
 398 0010 2587     		strh	r5, [r4, #56]	@ movhi
 399 0012 FFF7FEFF 		bl	USBD_LL_CloseEP
 400 0016 8221     		movs	r1, #130
 401 0018 2046     		mov	r0, r4
 402 001a A4F87851 		strh	r5, [r4, #376]	@ movhi
 403 001e FFF7FEFF 		bl	USBD_LL_CloseEP
 404 0022 D4F8D432 		ldr	r3, [r4, #724]
 405 0026 E564     		str	r5, [r4, #76]
 406 0028 04EB8303 		add	r3, r4, r3, lsl #2
 407 002c D3F8C022 		ldr	r2, [r3, #704]
 408 0030 8AB1     		cbz	r2, .L67
 409 0032 D3F8C432 		ldr	r3, [r3, #708]
 410 0036 5B68     		ldr	r3, [r3, #4]
 411 0038 9847     		blx	r3
 412 003a D4F8D432 		ldr	r3, [r4, #724]
 413 003e B033     		adds	r3, r3, #176
 414 0040 54F82300 		ldr	r0, [r4, r3, lsl #2]
 415 0044 FFF7FEFF 		bl	free
 416 0048 D4F8D432 		ldr	r3, [r4, #724]
ARM GAS  /tmp/cceTJcsD.s 			page 8


 417 004c B033     		adds	r3, r3, #176
 418 004e 44F82350 		str	r5, [r4, r3, lsl #2]
 419 0052 C4F8BC52 		str	r5, [r4, #700]
 420              	.L67:
 421 0056 0020     		movs	r0, #0
 422 0058 38BD     		pop	{r3, r4, r5, pc}
 424              		.section	.text.USBD_CDC_Init,"ax",%progbits
 425              		.align	1
 426              		.syntax unified
 427              		.thumb
 428              		.thumb_func
 429              		.fpu fpv5-sp-d16
 431              	USBD_CDC_Init:
 432              		@ args = 0, pretend = 0, frame = 0
 433              		@ frame_needed = 0, uses_anonymous_args = 0
 434 0000 70B5     		push	{r4, r5, r6, lr}
 435 0002 0446     		mov	r4, r0
 436 0004 4FF40770 		mov	r0, #540
 437 0008 FFF7FEFF 		bl	malloc
 438 000c 0546     		mov	r5, r0
 439 000e 30B9     		cbnz	r0, .L72
 440 0010 D4F8D432 		ldr	r3, [r4, #724]
 441 0014 B033     		adds	r3, r3, #176
 442 0016 44F82300 		str	r0, [r4, r3, lsl #2]
 443              	.L77:
 444 001a 0225     		movs	r5, #2
 445 001c 47E0     		b	.L73
 446              	.L72:
 447 001e 4FF40772 		mov	r2, #540
 448 0022 0021     		movs	r1, #0
 449 0024 FFF7FEFF 		bl	memset
 450 0028 D4F8D432 		ldr	r3, [r4, #724]
 451 002c B033     		adds	r3, r3, #176
 452 002e 44F82350 		str	r5, [r4, r3, lsl #2]
 453 0032 237C     		ldrb	r3, [r4, #16]	@ zero_extendqisi2
 454 0034 C4F8BC52 		str	r5, [r4, #700]
 455 0038 002B     		cmp	r3, #0
 456 003a 3AD1     		bne	.L74
 457 003c 4FF40073 		mov	r3, #512
 458 0040 0222     		movs	r2, #2
 459 0042 8121     		movs	r1, #129
 460 0044 2046     		mov	r0, r4
 461 0046 FFF7FEFF 		bl	USBD_LL_OpenEP
 462 004a 0126     		movs	r6, #1
 463 004c 4FF40073 		mov	r3, #512
 464 0050 2687     		strh	r6, [r4, #56]	@ movhi
 465              	.L78:
 466 0052 3146     		mov	r1, r6
 467 0054 0222     		movs	r2, #2
 468 0056 2046     		mov	r0, r4
 469 0058 FFF7FEFF 		bl	USBD_LL_OpenEP
 470 005c 1023     		movs	r3, #16
 471 005e 0322     		movs	r2, #3
 472 0060 8221     		movs	r1, #130
 473 0062 A4F87861 		strh	r6, [r4, #376]	@ movhi
 474 0066 2046     		mov	r0, r4
 475 0068 A4F84E30 		strh	r3, [r4, #78]	@ movhi
ARM GAS  /tmp/cceTJcsD.s 			page 9


 476 006c 0823     		movs	r3, #8
 477 006e FFF7FEFF 		bl	USBD_LL_OpenEP
 478 0072 D4F8D432 		ldr	r3, [r4, #724]
 479 0076 0026     		movs	r6, #0
 480 0078 0121     		movs	r1, #1
 481 007a 04EB8303 		add	r3, r4, r3, lsl #2
 482 007e A4F84C10 		strh	r1, [r4, #76]	@ movhi
 483 0082 D3F8C432 		ldr	r3, [r3, #708]
 484 0086 C5F80462 		str	r6, [r5, #516]
 485 008a 1B68     		ldr	r3, [r3]
 486 008c 9847     		blx	r3
 487 008e D5F80422 		ldr	r2, [r5, #516]
 488 0092 C5F81462 		str	r6, [r5, #532]
 489 0096 C5F81862 		str	r6, [r5, #536]
 490 009a 002A     		cmp	r2, #0
 491 009c BDD0     		beq	.L77
 492 009e 257C     		ldrb	r5, [r4, #16]	@ zero_extendqisi2
 493 00a0 0121     		movs	r1, #1
 494 00a2 85B9     		cbnz	r5, .L76
 495 00a4 4FF40073 		mov	r3, #512
 496 00a8 2046     		mov	r0, r4
 497 00aa FFF7FEFF 		bl	USBD_LL_PrepareReceive
 498              	.L73:
 499 00ae 2846     		mov	r0, r5
 500 00b0 70BD     		pop	{r4, r5, r6, pc}
 501              	.L74:
 502 00b2 0126     		movs	r6, #1
 503 00b4 4023     		movs	r3, #64
 504 00b6 0222     		movs	r2, #2
 505 00b8 8121     		movs	r1, #129
 506 00ba 2046     		mov	r0, r4
 507 00bc FFF7FEFF 		bl	USBD_LL_OpenEP
 508 00c0 4023     		movs	r3, #64
 509 00c2 2687     		strh	r6, [r4, #56]	@ movhi
 510 00c4 C5E7     		b	.L78
 511              	.L76:
 512 00c6 4023     		movs	r3, #64
 513 00c8 2046     		mov	r0, r4
 514 00ca 3546     		mov	r5, r6
 515 00cc FFF7FEFF 		bl	USBD_LL_PrepareReceive
 516 00d0 EDE7     		b	.L73
 518              		.section	.text.USBD_CDC_RegisterInterface,"ax",%progbits
 519              		.align	1
 520              		.global	USBD_CDC_RegisterInterface
 521              		.syntax unified
 522              		.thumb
 523              		.thumb_func
 524              		.fpu fpv5-sp-d16
 526              	USBD_CDC_RegisterInterface:
 527              		@ args = 0, pretend = 0, frame = 0
 528              		@ frame_needed = 0, uses_anonymous_args = 0
 529              		@ link register save eliminated.
 530 0000 39B1     		cbz	r1, .L81
 531 0002 D0F8D432 		ldr	r3, [r0, #724]
 532 0006 00EB8300 		add	r0, r0, r3, lsl #2
 533 000a C0F8C412 		str	r1, [r0, #708]
 534 000e 0020     		movs	r0, #0
ARM GAS  /tmp/cceTJcsD.s 			page 10


 535 0010 7047     		bx	lr
 536              	.L81:
 537 0012 0320     		movs	r0, #3
 538 0014 7047     		bx	lr
 540              		.section	.text.USBD_CDC_SetTxBuffer,"ax",%progbits
 541              		.align	1
 542              		.global	USBD_CDC_SetTxBuffer
 543              		.syntax unified
 544              		.thumb
 545              		.thumb_func
 546              		.fpu fpv5-sp-d16
 548              	USBD_CDC_SetTxBuffer:
 549              		@ args = 0, pretend = 0, frame = 0
 550              		@ frame_needed = 0, uses_anonymous_args = 0
 551              		@ link register save eliminated.
 552 0000 D0F8D432 		ldr	r3, [r0, #724]
 553 0004 B033     		adds	r3, r3, #176
 554 0006 50F82330 		ldr	r3, [r0, r3, lsl #2]
 555 000a 2BB1     		cbz	r3, .L84
 556 000c 0020     		movs	r0, #0
 557 000e C3F80812 		str	r1, [r3, #520]
 558 0012 C3F81022 		str	r2, [r3, #528]
 559 0016 7047     		bx	lr
 560              	.L84:
 561 0018 0320     		movs	r0, #3
 562 001a 7047     		bx	lr
 564              		.section	.text.USBD_CDC_SetRxBuffer,"ax",%progbits
 565              		.align	1
 566              		.global	USBD_CDC_SetRxBuffer
 567              		.syntax unified
 568              		.thumb
 569              		.thumb_func
 570              		.fpu fpv5-sp-d16
 572              	USBD_CDC_SetRxBuffer:
 573              		@ args = 0, pretend = 0, frame = 0
 574              		@ frame_needed = 0, uses_anonymous_args = 0
 575              		@ link register save eliminated.
 576 0000 D0F8D432 		ldr	r3, [r0, #724]
 577 0004 B033     		adds	r3, r3, #176
 578 0006 50F82330 		ldr	r3, [r0, r3, lsl #2]
 579 000a 1BB1     		cbz	r3, .L87
 580 000c 0020     		movs	r0, #0
 581 000e C3F80412 		str	r1, [r3, #516]
 582 0012 7047     		bx	lr
 583              	.L87:
 584 0014 0320     		movs	r0, #3
 585 0016 7047     		bx	lr
 587              		.section	.text.USBD_CDC_TransmitPacket,"ax",%progbits
 588              		.align	1
 589              		.global	USBD_CDC_TransmitPacket
 590              		.syntax unified
 591              		.thumb
 592              		.thumb_func
 593              		.fpu fpv5-sp-d16
 595              	USBD_CDC_TransmitPacket:
 596              		@ args = 0, pretend = 0, frame = 0
 597              		@ frame_needed = 0, uses_anonymous_args = 0
ARM GAS  /tmp/cceTJcsD.s 			page 11


 598 0000 D0F8D432 		ldr	r3, [r0, #724]
 599 0004 B033     		adds	r3, r3, #176
 600 0006 50F82320 		ldr	r2, [r0, r3, lsl #2]
 601 000a 10B5     		push	{r4, lr}
 602 000c 7AB1     		cbz	r2, .L90
 603 000e D2F81442 		ldr	r4, [r2, #532]
 604 0012 0123     		movs	r3, #1
 605 0014 6CB9     		cbnz	r4, .L91
 606 0016 C2F81432 		str	r3, [r2, #532]
 607 001a 8121     		movs	r1, #129
 608 001c D2F81032 		ldr	r3, [r2, #528]
 609 0020 D2F80822 		ldr	r2, [r2, #520]
 610 0024 C362     		str	r3, [r0, #44]
 611 0026 FFF7FEFF 		bl	USBD_LL_Transmit
 612 002a 2046     		mov	r0, r4
 613              	.L89:
 614 002c 10BD     		pop	{r4, pc}
 615              	.L90:
 616 002e 0320     		movs	r0, #3
 617 0030 FCE7     		b	.L89
 618              	.L91:
 619 0032 1846     		mov	r0, r3
 620 0034 FAE7     		b	.L89
 622              		.section	.text.USBD_CDC_ReceivePacket,"ax",%progbits
 623              		.align	1
 624              		.global	USBD_CDC_ReceivePacket
 625              		.syntax unified
 626              		.thumb
 627              		.thumb_func
 628              		.fpu fpv5-sp-d16
 630              	USBD_CDC_ReceivePacket:
 631              		@ args = 0, pretend = 0, frame = 0
 632              		@ frame_needed = 0, uses_anonymous_args = 0
 633 0000 D0F8D422 		ldr	r2, [r0, #724]
 634 0004 B032     		adds	r2, r2, #176
 635 0006 50F82220 		ldr	r2, [r0, r2, lsl #2]
 636 000a 10B5     		push	{r4, lr}
 637 000c 82B1     		cbz	r2, .L95
 638 000e 047C     		ldrb	r4, [r0, #16]	@ zero_extendqisi2
 639 0010 D2F80422 		ldr	r2, [r2, #516]
 640 0014 34B9     		cbnz	r4, .L94
 641 0016 4FF40073 		mov	r3, #512
 642 001a 0121     		movs	r1, #1
 643 001c FFF7FEFF 		bl	USBD_LL_PrepareReceive
 644              	.L93:
 645 0020 2046     		mov	r0, r4
 646 0022 10BD     		pop	{r4, pc}
 647              	.L94:
 648 0024 4023     		movs	r3, #64
 649 0026 0121     		movs	r1, #1
 650 0028 0024     		movs	r4, #0
 651 002a FFF7FEFF 		bl	USBD_LL_PrepareReceive
 652 002e F7E7     		b	.L93
 653              	.L95:
 654 0030 0324     		movs	r4, #3
 655 0032 F5E7     		b	.L93
 657              		.global	USBD_CDC
ARM GAS  /tmp/cceTJcsD.s 			page 12


 658              		.section	.data.USBD_CDC,"aw"
 659              		.align	2
 662              	USBD_CDC:
 663 0000 00000000 		.word	USBD_CDC_Init
 664 0004 00000000 		.word	USBD_CDC_DeInit
 665 0008 00000000 		.word	USBD_CDC_Setup
 666 000c 00000000 		.word	0
 667 0010 00000000 		.word	USBD_CDC_EP0_RxReady
 668 0014 00000000 		.word	USBD_CDC_DataIn
 669 0018 00000000 		.word	USBD_CDC_DataOut
 670 001c 00000000 		.word	0
 671 0020 00000000 		.word	0
 672 0024 00000000 		.word	0
 673 0028 00000000 		.word	USBD_CDC_GetHSCfgDesc
 674 002c 00000000 		.word	USBD_CDC_GetFSCfgDesc
 675 0030 00000000 		.word	USBD_CDC_GetOtherSpeedCfgDesc
 676 0034 00000000 		.word	USBD_CDC_GetDeviceQualifierDescriptor
 677              		.section	.data.USBD_CDC_CfgDesc,"aw"
 678              		.align	2
 679              		.set	.LANCHOR1,. + 0
 682              	USBD_CDC_CfgDesc:
 683 0000 09024300 		.ascii	"\011\002C\000\002\001\000\2002\011\004\000\000\001\002"
 683      02010080 
 683      32090400 
 683      000102
 684 000f 02010005 		.ascii	"\002\001\000\005$\000\020\001\005$\001\000\001\004$"
 684      24001001 
 684      05240100 
 684      010424
 685 001e 02020524 		.ascii	"\002\002\005$\006\000\001\007\005\202\003\010\000\020"
 685      06000107 
 685      05820308 
 685      0010
 686 002c 09040100 		.ascii	"\011\004\001\000\002\012\000\000\000\007\005\001\002"
 686      020A0000 
 686      00070501 
 686      02
 687 0039 40000007 		.ascii	"@\000\000\007\005\201\002@\000\000"
 687      05810240 
 687      0000
 688              		.section	.data.USBD_CDC_DeviceQualifierDesc,"aw"
 689              		.align	2
 690              		.set	.LANCHOR0,. + 0
 693              	USBD_CDC_DeviceQualifierDesc:
 694 0000 0A060002 		.ascii	"\012\006\000\002\000\000\000@\001\000"
 694      00000040 
 694      0100
 695              		.ident	"GCC: (15:10.3-2021.07-4) 10.3.1 20210621 (release)"
ARM GAS  /tmp/cceTJcsD.s 			page 13


DEFINED SYMBOLS
                            *ABS*:0000000000000000 usbd_cdc.c
     /tmp/cceTJcsD.s:15     .text.USBD_CDC_EP0_RxReady:0000000000000000 $t
     /tmp/cceTJcsD.s:22     .text.USBD_CDC_EP0_RxReady:0000000000000000 USBD_CDC_EP0_RxReady
     /tmp/cceTJcsD.s:50     .text.USBD_CDC_GetDeviceQualifierDescriptor:0000000000000000 $t
     /tmp/cceTJcsD.s:57     .text.USBD_CDC_GetDeviceQualifierDescriptor:0000000000000000 USBD_CDC_GetDeviceQualifierDescriptor
     /tmp/cceTJcsD.s:68     .text.USBD_CDC_GetDeviceQualifierDescriptor:0000000000000008 $d
     /tmp/cceTJcsD.s:71     .text.USBD_CDC_GetFSCfgDesc:0000000000000000 $t
     /tmp/cceTJcsD.s:77     .text.USBD_CDC_GetFSCfgDesc:0000000000000000 USBD_CDC_GetFSCfgDesc
     /tmp/cceTJcsD.s:116    .text.USBD_CDC_GetFSCfgDesc:0000000000000044 $d
     /tmp/cceTJcsD.s:119    .text.USBD_CDC_GetOtherSpeedCfgDesc:0000000000000000 $t
     /tmp/cceTJcsD.s:125    .text.USBD_CDC_GetOtherSpeedCfgDesc:0000000000000000 USBD_CDC_GetOtherSpeedCfgDesc
     /tmp/cceTJcsD.s:132    .text.USBD_CDC_GetHSCfgDesc:0000000000000000 $t
     /tmp/cceTJcsD.s:138    .text.USBD_CDC_GetHSCfgDesc:0000000000000000 USBD_CDC_GetHSCfgDesc
     /tmp/cceTJcsD.s:177    .text.USBD_CDC_GetHSCfgDesc:0000000000000044 $d
     /tmp/cceTJcsD.s:180    .text.USBD_CDC_DataOut:0000000000000000 $t
     /tmp/cceTJcsD.s:186    .text.USBD_CDC_DataOut:0000000000000000 USBD_CDC_DataOut
     /tmp/cceTJcsD.s:212    .text.USBD_CDC_DataIn:0000000000000000 $t
     /tmp/cceTJcsD.s:218    .text.USBD_CDC_DataIn:0000000000000000 USBD_CDC_DataIn
     /tmp/cceTJcsD.s:264    .text.USBD_CDC_Setup:0000000000000000 $t
     /tmp/cceTJcsD.s:270    .text.USBD_CDC_Setup:0000000000000000 USBD_CDC_Setup
     /tmp/cceTJcsD.s:339    .text.USBD_CDC_Setup:0000000000000098 $d
     /tmp/cceTJcsD.s:351    .text.USBD_CDC_Setup:00000000000000c8 $t
     /tmp/cceTJcsD.s:382    .text.USBD_CDC_DeInit:0000000000000000 $t
     /tmp/cceTJcsD.s:388    .text.USBD_CDC_DeInit:0000000000000000 USBD_CDC_DeInit
     /tmp/cceTJcsD.s:425    .text.USBD_CDC_Init:0000000000000000 $t
     /tmp/cceTJcsD.s:431    .text.USBD_CDC_Init:0000000000000000 USBD_CDC_Init
     /tmp/cceTJcsD.s:519    .text.USBD_CDC_RegisterInterface:0000000000000000 $t
     /tmp/cceTJcsD.s:526    .text.USBD_CDC_RegisterInterface:0000000000000000 USBD_CDC_RegisterInterface
     /tmp/cceTJcsD.s:541    .text.USBD_CDC_SetTxBuffer:0000000000000000 $t
     /tmp/cceTJcsD.s:548    .text.USBD_CDC_SetTxBuffer:0000000000000000 USBD_CDC_SetTxBuffer
     /tmp/cceTJcsD.s:565    .text.USBD_CDC_SetRxBuffer:0000000000000000 $t
     /tmp/cceTJcsD.s:572    .text.USBD_CDC_SetRxBuffer:0000000000000000 USBD_CDC_SetRxBuffer
     /tmp/cceTJcsD.s:588    .text.USBD_CDC_TransmitPacket:0000000000000000 $t
     /tmp/cceTJcsD.s:595    .text.USBD_CDC_TransmitPacket:0000000000000000 USBD_CDC_TransmitPacket
     /tmp/cceTJcsD.s:623    .text.USBD_CDC_ReceivePacket:0000000000000000 $t
     /tmp/cceTJcsD.s:630    .text.USBD_CDC_ReceivePacket:0000000000000000 USBD_CDC_ReceivePacket
     /tmp/cceTJcsD.s:662    .data.USBD_CDC:0000000000000000 USBD_CDC
     /tmp/cceTJcsD.s:659    .data.USBD_CDC:0000000000000000 $d
     /tmp/cceTJcsD.s:678    .data.USBD_CDC_CfgDesc:0000000000000000 $d
     /tmp/cceTJcsD.s:682    .data.USBD_CDC_CfgDesc:0000000000000000 USBD_CDC_CfgDesc
     /tmp/cceTJcsD.s:689    .data.USBD_CDC_DeviceQualifierDesc:0000000000000000 $d
     /tmp/cceTJcsD.s:693    .data.USBD_CDC_DeviceQualifierDesc:0000000000000000 USBD_CDC_DeviceQualifierDesc

UNDEFINED SYMBOLS
USBD_GetEpDesc
USBD_LL_GetRxDataSize
USBD_LL_Transmit
USBD_CtlSendData
USBD_CtlPrepareRx
USBD_CtlError
USBD_LL_CloseEP
free
malloc
memset
USBD_LL_OpenEP
USBD_LL_PrepareReceive
ARM GAS  /tmp/cceTJcsD.s 			page 14


